
RAxML-NG v. 0.9.0git released on 24.05.2019 by The Exelixis Lab.
Developed by: Alexey M. Kozlov and Alexandros Stamatakis.
Contributors: Diego Darriba, Tomas Flouri, Benoit Morel, Sarah Lutteropp, Ben Bettisworth.
Latest version: https://github.com/amkozlov/raxml-ng
Questions/problems/suggestions? Please visit: https://groups.google.com/forum/#!forum/raxml

RAxML-NG was called at 02-Sep-2021 20:50:16 as follows:

raxml-ng --check --msa /N/u/danschw/Carbonate/GitHub/sigma-spore-phage/phylo/data/align-trim-tree/sigmas_MafftEinsi.trim --model LG+G4 --data-type AA --prefix check-msa

Analysis options:
  run mode: Alignment validation
  start tree(s): 
  random seed: 1630630216
  SIMD kernels: AVX2
  parallelization: PTHREADS (24 threads), thread pinning: OFF

[00:00:00] Reading alignment from file: /N/u/danschw/Carbonate/GitHub/sigma-spore-phage/phylo/data/align-trim-tree/sigmas_MafftEinsi.trim
[00:00:00] Loaded alignment with 652 taxa and 180 sites

WARNING: Sequences NP_049679.1-phage and YP_009030673.1-phage are exactly identical!
WARNING: Sequences YP_006907438.1-phage and YP_009037113.1-phage are exactly identical!
WARNING: Sequences YP_009802853.1-phage and YP_009802953.1-phage are exactly identical!
WARNING: Sequences YP_008771927.1-phage and YP_008770739.1-phage are exactly identical!
WARNING: Sequences YP_008771927.1-phage and YP_009203629.1-phage are exactly identical!
WARNING: Sequences YP_007004110.1-phage and YP_009323265.1-phage are exactly identical!
WARNING: Sequences YP_004895268.1-phage and YP_009880179.1-phage are exactly identical!
WARNING: Sequences YP_004895268.1-phage and YP_009889009.1-phage are exactly identical!
WARNING: Sequences YP_004895268.1-phage and YP_009140240.1-phage are exactly identical!
WARNING: Sequences YP_007501096.1-phage and YP_009126263.1-phage are exactly identical!
WARNING: Sequences YP_007501096.1-phage and YP_009286421.1-phage are exactly identical!
WARNING: Sequences YP_007008061.1-phage and YP_009879742.1-phage are exactly identical!
WARNING: Sequences YP_007008061.1-phage and YP_009889208.1-phage are exactly identical!
WARNING: Sequences YP_007348689.1-phage and YP_009626287.1-phage are exactly identical!
WARNING: Sequences YP_009101582.1-phage and YP_009617685.1-phage are exactly identical!
WARNING: Sequences YP_009101582.1-phage and YP_009021270.1-phage are exactly identical!
WARNING: Sequences YP_007236163.1-phage and YP_009889411.1-phage are exactly identical!
WARNING: Sequences YP_009118726.1-phage and YP_001469386.1-phage are exactly identical!
WARNING: Sequences YP_009118726.1-phage and NP_891614.1-phage are exactly identical!
WARNING: Sequences YP_009006358.1-phage and YP_009201300.1-phage are exactly identical!
WARNING: Sequences YP_009056654.1-phage and YP_009608337.1-phage are exactly identical!
WARNING: Sequences YP_009134623.1-phage and YP_009134113.1-phage are exactly identical!
WARNING: Sequences YP_009207243.1-phage and YP_003934688.1-phage are exactly identical!
WARNING: Sequences YP_009289489.1-phage and YP_009288735.1-phage are exactly identical!
WARNING: Sequences YP_009324296.1-phage and YP_003097329.1-phage are exactly identical!
WARNING: Sequences YP_009796235.1-phage and YP_009822590.1-phage are exactly identical!
WARNING: Sequences YP_009796457.1-phage and YP_009883537.1-phage are exactly identical!
WARNING: Sequences YP_009886138.1-phage and YP_009886383.1-phage are exactly identical!
WARNING: Sequences YP_214679.1-phage and YP_008129962.1-phage are exactly identical!
WARNING: Sequences YP_008873651.1-phage and YP_009006802.1-phage are exactly identical!
WARNING: Sequences YP_006907988.1-phage and YP_009206960.1-phage are exactly identical!
WARNING: Sequences YP_006908410.1-phage and YP_008770388.1-phage are exactly identical!
WARNING: Sequences YP_009042951.1-phage and YP_009592690.1-phage are exactly identical!
WARNING: Sequences YP_009036624.1-phage and YP_009036248.1-phage are exactly identical!
WARNING: Sequences YP_009147040.1-phage and YP_001504175.1-phage are exactly identical!
WARNING: Sequences YP_009218381.2-phage and YP_009788338.1-phage are exactly identical!
WARNING: Sequences YP_009798107.1-phage and YP_009798418.1-phage are exactly identical!
WARNING: Sequences YP_006906108.1-phage and YP_009208199.1-phage are exactly identical!
WARNING: Sequences YP_009150670.1-phage and YP_009101754.1-phage are exactly identical!
WARNING: Sequences YP_008430993.1-phage and YP_009290078.1-phage are exactly identical!
WARNING: Sequences YP_008771969.1-phage and YP_008770783.1-phage are exactly identical!
WARNING: Sequences YP_009036672.1-phage and YP_009284554.1-phage are exactly identical!
WARNING: Sequences YP_009036672.1-phage and YP_009279398.1-phage are exactly identical!
WARNING: Sequences YP_009626755.1-phage and YP_009031482.1-phage are exactly identical!
WARNING: Duplicate sequences found: 44

NOTE: Reduced alignment (with duplicates and gap-only sites/taxa removed) 
NOTE: was saved to: /geode2/home/u020/danschw/Carbonate/GitHub/sigma-spore-phage/phylo/data/align-trim-tree/check_msa/check-msa.raxml.reduced.phy

Alignment comprises 1 partitions and 180 patterns

Partition 0: noname
Model: LG+G4m
Alignment sites / patterns: 180 / 180
Gaps: 12.11 %
Invariant sites: 0.00 %


Alignment can be successfully read by RAxML-NG.


Execution log saved to: /geode2/home/u020/danschw/Carbonate/GitHub/sigma-spore-phage/phylo/data/align-trim-tree/check_msa/check-msa.raxml.log

Analysis started: 02-Sep-2021 20:50:16 / finished: 02-Sep-2021 20:50:17

Elapsed time: 0.288 seconds

