
RAxML-NG v. 0.9.0git released on 24.05.2019 by The Exelixis Lab.
Developed by: Alexey M. Kozlov and Alexandros Stamatakis.
Contributors: Diego Darriba, Tomas Flouri, Benoit Morel, Sarah Lutteropp, Ben Bettisworth.
Latest version: https://github.com/amkozlov/raxml-ng
Questions/problems/suggestions? Please visit: https://groups.google.com/forum/#!forum/raxml

RAxML-NG was called at 02-Sep-2021 21:25:01 as follows:

raxml-ng --msa /N/u/danschw/Carbonate/GitHub/sigma-spore-phage/phylo/data/align-trim-tree/check_msa/parse-msa.raxml.rba --model --prefix /N/u/danschw/Carbonate/GitHub/sigma-spore-phage/phylo/data/align-trim-tree/tree/ml_search/rand-21 --threads 4 --seed 21 --tree pars{10}

Analysis options:
  run mode: ML tree search
  start tree(s): parsimony (10)
  random seed: 21
  tip-inner: OFF
  pattern compression: ON
  per-rate scalers: OFF
  site repeats: ON
  fast spr radius: AUTO
  spr subtree cutoff: 1.000000
  branch lengths: proportional (ML estimate, algorithm: NR-FAST)
  SIMD kernels: AVX2
  parallelization: PTHREADS (4 threads), thread pinning: OFF

WARNING: The model you specified on the command line (--prefix) will be ignored 
         since the binary MSA file already contains a model definition.
         If you want to change the model, please re-run RAxML-NG 
         with the original PHYLIP/FASTA alignment and --redo option.

[00:00:00] Loading binary alignment from file: /N/u/danschw/Carbonate/GitHub/sigma-spore-phage/phylo/data/align-trim-tree/check_msa/parse-msa.raxml.rba
[00:00:00] Alignment comprises 608 taxa, 1 partitions and 180 patterns

Partition 0: noname
Model: LG+G4m
Alignment sites / patterns: 180 / 180
Gaps: 12.00 %
Invariant sites: 0.00 %


[00:00:00] Generating 10 parsimony starting tree(s) with 608 taxa
[00:00:05] Data distribution: max. partitions/sites/weight per thread: 1 / 45 / 3600

Starting ML tree search with 10 distinct starting trees

[00:00:05 -144557.533379] Initial branch length optimization
[00:00:05 -126997.674212] Model parameter optimization (eps = 10.000000)
[00:00:07 -126884.548489] AUTODETECT spr round 1 (radius: 5)
[00:00:36 -125722.218794] AUTODETECT spr round 2 (radius: 10)
[00:01:14 -125450.969761] AUTODETECT spr round 3 (radius: 15)
[00:02:02 -125426.236927] AUTODETECT spr round 4 (radius: 20)
