
RAxML-NG v. 0.9.0git released on 24.05.2019 by The Exelixis Lab.
Developed by: Alexey M. Kozlov and Alexandros Stamatakis.
Contributors: Diego Darriba, Tomas Flouri, Benoit Morel, Sarah Lutteropp, Ben Bettisworth.
Latest version: https://github.com/amkozlov/raxml-ng
Questions/problems/suggestions? Please visit: https://groups.google.com/forum/#!forum/raxml

RAxML-NG was called at 26-Jan-2022 16:57:05 as follows:

raxml-ng --bootstrap --msa /N/u/danschw/Carbonate/GitHub/sigma-spore-phage/phylo-clust/data/align-trim-tree/check_msa/parse-msa.raxml.rba --model LG+G4 --prefix /N/u/danschw/Carbonate/GitHub/sigma-spore-phage/phylo-clust/data/align-trim-tree/tree/bootstraps/bs10 --seed 101010 --threads 4 --tree pars{5} --bs-trees 5

Analysis options:
  run mode: Bootstrapping
  start tree(s): parsimony (5)
  bootstrap replicates: 5
  random seed: 101010
  tip-inner: OFF
  pattern compression: ON
  per-rate scalers: OFF
  site repeats: ON
  branch lengths: proportional (ML estimate, algorithm: NR-FAST)
  SIMD kernels: AVX2
  parallelization: PTHREADS (4 threads), thread pinning: OFF

WARNING: The model you specified on the command line (LG+G4) will be ignored 
         since the binary MSA file already contains a model definition.
         If you want to change the model, please re-run RAxML-NG 
         with the original PHYLIP/FASTA alignment and --redo option.

[00:00:00] Loading binary alignment from file: /N/u/danschw/Carbonate/GitHub/sigma-spore-phage/phylo-clust/data/align-trim-tree/check_msa/parse-msa.raxml.rba
[00:00:00] Alignment comprises 540 taxa, 1 partitions and 193 patterns

Partition 0: noname
Model: LG+G4m
Alignment sites / patterns: 193 / 193
Gaps: 14.74 %
Invariant sites: 0.00 %


[00:00:00] Data distribution: max. partitions/sites/weight per thread: 1 / 49 / 3920
[00:00:00] Starting bootstrapping analysis with 5 replicates.

[00:22:06] Bootstrap tree #1, logLikelihood: -137094.655688
[00:39:27] Bootstrap tree #2, logLikelihood: -132877.048143
[01:10:27] Bootstrap tree #3, logLikelihood: -129034.866653
[01:37:21] Bootstrap tree #4, logLikelihood: -128917.681666
[02:15:48] Bootstrap tree #5, logLikelihood: -133105.797079

Bootstrap trees saved to: /geode2/home/u020/danschw/Carbonate/GitHub/sigma-spore-phage/phylo-clust/data/align-trim-tree/tree/bootstraps/bs10.raxml.bootstraps

Execution log saved to: /geode2/home/u020/danschw/Carbonate/GitHub/sigma-spore-phage/phylo-clust/data/align-trim-tree/tree/bootstraps/bs10.raxml.log

Analysis started: 26-Jan-2022 16:57:05 / finished: 26-Jan-2022 19:12:53

Elapsed time: 8148.507 seconds

