
RAxML-NG v. 0.9.0git released on 24.05.2019 by The Exelixis Lab.
Developed by: Alexey M. Kozlov and Alexandros Stamatakis.
Contributors: Diego Darriba, Tomas Flouri, Benoit Morel, Sarah Lutteropp, Ben Bettisworth.
Latest version: https://github.com/amkozlov/raxml-ng
Questions/problems/suggestions? Please visit: https://groups.google.com/forum/#!forum/raxml

RAxML-NG was called at 26-Jan-2022 21:25:29 as follows:

raxml-ng --bootstrap --msa /N/u/danschw/Carbonate/GitHub/sigma-spore-phage/phylo-clust/data/align-trim-tree/check_msa/parse-msa.raxml.rba --model LG+G4 --prefix /N/u/danschw/Carbonate/GitHub/sigma-spore-phage/phylo-clust/data/align-trim-tree/tree/bootstraps/bs115 --seed 115115115 --threads 4 --tree rand{5} --bs-trees 5

Analysis options:
  run mode: Bootstrapping
  start tree(s): random (5)
  bootstrap replicates: 5
  random seed: 115115115
  tip-inner: OFF
  pattern compression: ON
  per-rate scalers: OFF
  site repeats: ON
  branch lengths: proportional (ML estimate, algorithm: NR-FAST)
  SIMD kernels: AVX2
  parallelization: PTHREADS (4 threads), thread pinning: OFF

WARNING: The model you specified on the command line (LG+G4) will be ignored 
         since the binary MSA file already contains a model definition.
         If you want to change the model, please re-run RAxML-NG 
         with the original PHYLIP/FASTA alignment and --redo option.

[00:00:00] Loading binary alignment from file: /N/u/danschw/Carbonate/GitHub/sigma-spore-phage/phylo-clust/data/align-trim-tree/check_msa/parse-msa.raxml.rba
[00:00:00] Alignment comprises 540 taxa, 1 partitions and 193 patterns

Partition 0: noname
Model: LG+G4m
Alignment sites / patterns: 193 / 193
Gaps: 14.74 %
Invariant sites: 0.00 %


[00:00:00] Data distribution: max. partitions/sites/weight per thread: 1 / 49 / 3920
[00:00:00] Starting bootstrapping analysis with 5 replicates.

[00:47:29] Bootstrap tree #1, logLikelihood: -135480.453421
[01:39:12] Bootstrap tree #2, logLikelihood: -132593.081151
[02:27:37] Bootstrap tree #3, logLikelihood: -130776.443771
[03:09:06] Bootstrap tree #4, logLikelihood: -134889.319669
[03:50:41] Bootstrap tree #5, logLikelihood: -136128.140774

Bootstrap trees saved to: /geode2/home/u020/danschw/Carbonate/GitHub/sigma-spore-phage/phylo-clust/data/align-trim-tree/tree/bootstraps/bs115.raxml.bootstraps

Execution log saved to: /geode2/home/u020/danschw/Carbonate/GitHub/sigma-spore-phage/phylo-clust/data/align-trim-tree/tree/bootstraps/bs115.raxml.log

Analysis started: 26-Jan-2022 21:25:29 / finished: 27-Jan-2022 01:16:10

Elapsed time: 13841.089 seconds

