
RAxML-NG v. 0.9.0git released on 24.05.2019 by The Exelixis Lab.
Developed by: Alexey M. Kozlov and Alexandros Stamatakis.
Contributors: Diego Darriba, Tomas Flouri, Benoit Morel, Sarah Lutteropp, Ben Bettisworth.
Latest version: https://github.com/amkozlov/raxml-ng
Questions/problems/suggestions? Please visit: https://groups.google.com/forum/#!forum/raxml

RAxML-NG was called at 26-Jan-2022 18:13:36 as follows:

raxml-ng --bootstrap --msa /N/u/danschw/Carbonate/GitHub/sigma-spore-phage/phylo-clust/data/align-trim-tree/check_msa/parse-msa.raxml.rba --model LG+G4 --prefix /N/u/danschw/Carbonate/GitHub/sigma-spore-phage/phylo-clust/data/align-trim-tree/tree/bootstraps/bs46 --seed 464646 --threads 4 --tree pars{5} --bs-trees 5

Analysis options:
  run mode: Bootstrapping
  start tree(s): parsimony (5)
  bootstrap replicates: 5
  random seed: 464646
  tip-inner: OFF
  pattern compression: ON
  per-rate scalers: OFF
  site repeats: ON
  branch lengths: proportional (ML estimate, algorithm: NR-FAST)
  SIMD kernels: AVX2
  parallelization: PTHREADS (4 threads), thread pinning: OFF

WARNING: The model you specified on the command line (LG+G4) will be ignored 
         since the binary MSA file already contains a model definition.
         If you want to change the model, please re-run RAxML-NG 
         with the original PHYLIP/FASTA alignment and --redo option.

[00:00:00] Loading binary alignment from file: /N/u/danschw/Carbonate/GitHub/sigma-spore-phage/phylo-clust/data/align-trim-tree/check_msa/parse-msa.raxml.rba
[00:00:00] Alignment comprises 540 taxa, 1 partitions and 193 patterns

Partition 0: noname
Model: LG+G4m
Alignment sites / patterns: 193 / 193
Gaps: 14.74 %
Invariant sites: 0.00 %


[00:00:00] Data distribution: max. partitions/sites/weight per thread: 1 / 49 / 3920
[00:00:00] Starting bootstrapping analysis with 5 replicates.

[00:31:52] Bootstrap tree #1, logLikelihood: -133411.486621
[01:06:10] Bootstrap tree #2, logLikelihood: -131024.799210
[01:36:25] Bootstrap tree #3, logLikelihood: -130266.877397
[02:24:02] Bootstrap tree #4, logLikelihood: -132391.684087
[03:21:48] Bootstrap tree #5, logLikelihood: -138567.056136

Bootstrap trees saved to: /geode2/home/u020/danschw/Carbonate/GitHub/sigma-spore-phage/phylo-clust/data/align-trim-tree/tree/bootstraps/bs46.raxml.bootstraps

Execution log saved to: /geode2/home/u020/danschw/Carbonate/GitHub/sigma-spore-phage/phylo-clust/data/align-trim-tree/tree/bootstraps/bs46.raxml.log

Analysis started: 26-Jan-2022 18:13:36 / finished: 26-Jan-2022 21:35:24

Elapsed time: 12108.343 seconds

