
RAxML-NG v. 0.9.0git released on 24.05.2019 by The Exelixis Lab.
Developed by: Alexey M. Kozlov and Alexandros Stamatakis.
Contributors: Diego Darriba, Tomas Flouri, Benoit Morel, Sarah Lutteropp, Ben Bettisworth.
Latest version: https://github.com/amkozlov/raxml-ng
Questions/problems/suggestions? Please visit: https://groups.google.com/forum/#!forum/raxml

RAxML-NG was called at 05-Sep-2021 00:26:52 as follows:

raxml-ng --support --tree bestScoreML.tree --bs-trees bootstraps/allbootstraps --prefix ML_TBE_tree --threads 4 --bs-metric tbe,fbp --redo

Analysis options:
  run mode: Compute bipartition support (Transfer Bootstrap + Felsenstein Bootstrap)
  start tree(s): user
  random seed: 1630816012
  SIMD kernels: AVX2
  parallelization: PTHREADS (4 threads), thread pinning: OFF

WARNING: Running in REDO mode: existing checkpoints are ignored, and all result files will be overwritten!

Reading reference tree from file: bestScoreML.tree
Reference tree size: 608

Reading bootstrap trees from file: bootstraps/allbootstraps
Loaded 500 trees with 608 taxa.

Best ML tree with Felsenstein bootstrap (FBP) support values saved to: /geode2/home/u020/danschw/Carbonate/GitHub/sigma-spore-phage/phylo/data/align-trim-tree/tree/ML_TBE_tree.raxml.supportFBP
Best ML tree with Transfer bootstrap (TBE) support values saved to: /geode2/home/u020/danschw/Carbonate/GitHub/sigma-spore-phage/phylo/data/align-trim-tree/tree/ML_TBE_tree.raxml.supportTBE

Execution log saved to: /geode2/home/u020/danschw/Carbonate/GitHub/sigma-spore-phage/phylo/data/align-trim-tree/tree/ML_TBE_tree.raxml.log

Analysis started: 05-Sep-2021 00:26:52 / finished: 05-Sep-2021 00:26:53

Elapsed time: 1.195 seconds

