
RAxML-NG v. 0.9.0git released on 24.05.2019 by The Exelixis Lab.
Developed by: Alexey M. Kozlov and Alexandros Stamatakis.
Contributors: Diego Darriba, Tomas Flouri, Benoit Morel, Sarah Lutteropp, Ben Bettisworth.
Latest version: https://github.com/amkozlov/raxml-ng
Questions/problems/suggestions? Please visit: https://groups.google.com/forum/#!forum/raxml

RAxML-NG was called at 03-Sep-2021 13:28:04 as follows:

raxml-ng --bootstrap --msa /N/u/danschw/Carbonate/GitHub/sigma-spore-phage/phylo/data/align-trim-tree/check_msa/parse-msa.raxml.rba --model LG+G4 --prefix /N/u/danschw/Carbonate/GitHub/sigma-spore-phage/phylo/data/align-trim-tree/tree/bootstraps/bs1 --seed 111 --threads 4 --tree pars{5} --bs-trees 5

Analysis options:
  run mode: Bootstrapping
  start tree(s): parsimony (5)
  bootstrap replicates: 5
  random seed: 111
  tip-inner: OFF
  pattern compression: ON
  per-rate scalers: OFF
  site repeats: ON
  branch lengths: proportional (ML estimate, algorithm: NR-FAST)
  SIMD kernels: AVX2
  parallelization: PTHREADS (4 threads), thread pinning: OFF

WARNING: The model you specified on the command line (LG+G4) will be ignored 
         since the binary MSA file already contains a model definition.
         If you want to change the model, please re-run RAxML-NG 
         with the original PHYLIP/FASTA alignment and --redo option.

[00:00:00] Loading binary alignment from file: /N/u/danschw/Carbonate/GitHub/sigma-spore-phage/phylo/data/align-trim-tree/check_msa/parse-msa.raxml.rba
[00:00:00] Alignment comprises 608 taxa, 1 partitions and 180 patterns

Partition 0: noname
Model: LG+G4m
Alignment sites / patterns: 180 / 180
Gaps: 12.00 %
Invariant sites: 0.00 %


[00:00:00] Data distribution: max. partitions/sites/weight per thread: 1 / 45 / 3600
[00:00:00] Starting bootstrapping analysis with 5 replicates.

[00:43:42] Bootstrap tree #1, logLikelihood: -122800.902416
[01:16:02] Bootstrap tree #2, logLikelihood: -124450.050139
[01:42:55] Bootstrap tree #3, logLikelihood: -120385.260859
[02:15:39] Bootstrap tree #4, logLikelihood: -126438.862201
[02:37:15] Bootstrap tree #5, logLikelihood: -121466.472372

Bootstrap trees saved to: /geode2/home/u020/danschw/Carbonate/GitHub/sigma-spore-phage/phylo/data/align-trim-tree/tree/bootstraps/bs1.raxml.bootstraps

Execution log saved to: /geode2/home/u020/danschw/Carbonate/GitHub/sigma-spore-phage/phylo/data/align-trim-tree/tree/bootstraps/bs1.raxml.log

Analysis started: 03-Sep-2021 13:28:04 / finished: 03-Sep-2021 16:05:20

Elapsed time: 9435.840 seconds

