Flex 2.6.4 loaded.
CMake version 3.8.0 loaded.
raxmlng version 0.9.0-pthreads loaded.


RAxML-NG v. 0.9.0git released on 24.05.2019 by The Exelixis Lab.
RAxML-NG v. 0.9.0git released on 24.05.2019 by The Exelixis Lab.
Developed by: Alexey M. Kozlov and Alexandros Stamatakis.
Developed by: Alexey M. Kozlov and Alexandros Stamatakis.
Contributors: Diego Darriba, Tomas Flouri, Benoit Morel, Sarah Lutteropp, Ben Bettisworth.
Contributors: Diego Darriba, Tomas Flouri, Benoit Morel, Sarah Lutteropp, Ben Bettisworth.
Latest version: https://github.com/amkozlov/raxml-ng
Latest version: https://github.com/amkozlov/raxml-ng
Questions/problems/suggestions? Please visit: https://groups.google.com/forum/#!forum/raxml
Questions/problems/suggestions? Please visit: https://groups.google.com/forum/#!forum/raxml


RAxML-NG was called at 04-Sep-2021 10:13:59 as follows:

raxml-ng --bootstrap --msa /N/u/danschw/Carbonate/GitHub/sigma-spore-phage/phylo/data/align-trim-tree/check_msa/parse-msa.raxml.rba --model LG+G4 --prefix /N/u/danschw/Carbonate/GitHub/sigma-spore-phage/phylo/data/align-trim-tree/tree/bootstraps/bs101n1 -- seed 1101101 --tree pars{2} --bs-trees 2 --threads 4

Analysis options:
  run mode: Bootstrapping
  start tree(s): 
  bootstrap replicates: max: 1000 + bootstopping (autoMRE, cutoff: 0.030000)
  random seed: 1630764839
  tip-inner: OFF
  pattern compression: ON
  per-rate scalers: OFF
  site repeats: ON
  branch lengths: proportional (ML estimate, algorithm: NR-FAST)
  SIMD kernels: AVX2
  parallelization: PTHREADS (24 threads), thread pinning: OFF

RAxML-NG was called at 04-Sep-2021 10:13:59 as follows:

raxml-ng --bootstrap --msa /N/u/danschw/Carbonate/GitHub/sigma-spore-phage/phylo/data/align-trim-tree/check_msa/parse-msa.raxml.rba --model LG+G4 --prefix /N/u/danschw/Carbonate/GitHub/sigma-spore-phage/phylo/data/align-trim-tree/tree/bootstraps/bs101n2 -- seed 2101101 --tree pars{2} --bs-trees 2 --threads 4

Analysis options:
  run mode: Bootstrapping
  start tree(s): 


RAxML-NG v. 0.9.0git released on 24.05.2019 by The Exelixis Lab.
WARNING: The model you specified on the command line (LG+G4) will be ignored 
  bootstrap replicates: max: 1000 + bootstopping (autoMRE, cutoff: 0.030000)
RAxML-NG v. 0.9.0git released on 24.05.2019 by The Exelixis Lab.
Developed by: Alexey M. Kozlov and Alexandros Stamatakis.
  random seed: 1630764839
  tip-inner: OFF
  pattern compression: ON
  per-rate scalers: OFF
  site repeats: ON
  branch lengths: proportional (ML estimate, algorithm: NR-FAST)
  SIMD kernels: AVX2
  parallelization: PTHREADS (24 threads), thread pinning: OFF

         since the binary MSA file already contains a model definition.
Developed by: Alexey M. Kozlov and Alexandros Stamatakis.
Contributors: Diego Darriba, Tomas Flouri, Benoit Morel, Sarah Lutteropp, Ben Bettisworth.
WARNING: The model you specified on the command line (LG+G4) will be ignored 
         If you want to change the model, please re-run RAxML-NG 
Contributors: Diego Darriba, Tomas Flouri, Benoit Morel, Sarah Lutteropp, Ben Bettisworth.
Latest version: https://github.com/amkozlov/raxml-ng
         since the binary MSA file already contains a model definition.
         with the original PHYLIP/FASTA alignment and --redo option.
Latest version: https://github.com/amkozlov/raxml-ng
Questions/problems/suggestions? Please visit: https://groups.google.com/forum/#!forum/raxml
         If you want to change the model, please re-run RAxML-NG 

Questions/problems/suggestions? Please visit: https://groups.google.com/forum/#!forum/raxml

         with the original PHYLIP/FASTA alignment and --redo option.
[00:00:00] Loading binary alignment from file: /N/u/danschw/Carbonate/GitHub/sigma-spore-phage/phylo/data/align-trim-tree/check_msa/parse-msa.raxml.rba


[00:00:00] Loading binary alignment from file: /N/u/danschw/Carbonate/GitHub/sigma-spore-phage/phylo/data/align-trim-tree/check_msa/parse-msa.raxml.rba
[00:00:00] Alignment comprises 608 taxa, 1 partitions and 180 patterns

RAxML-NG was called at 04-Sep-2021 10:13:59 as follows:

raxml-ng --bootstrap --msa /N/u/danschw/Carbonate/GitHub/sigma-spore-phage/phylo/data/align-trim-tree/check_msa/parse-msa.raxml.rba --model LG+G4 --prefix /N/u/danschw/Carbonate/GitHub/sigma-spore-phage/phylo/data/align-trim-tree/tree/bootstraps/bs101n2 -- seed 2101101 --tree rand{2} --bs-trees 2 --threads 4

Analysis options:
  run mode: Bootstrapping
  start tree(s): 
  bootstrap replicates: max: 1000 + bootstopping (autoMRE, cutoff: 0.030000)
  random seed: 1630764839
  tip-inner: OFF
  pattern compression: ON
  per-rate scalers: OFF
  site repeats: ON
  branch lengths: proportional (ML estimate, algorithm: NR-FAST)
  SIMD kernels: AVX2
  parallelization: PTHREADS (24 threads), thread pinning: OFF

Partition 0: noname
RAxML-NG was called at 04-Sep-2021 10:13:59 as follows:

raxml-ng --bootstrap --msa /N/u/danschw/Carbonate/GitHub/sigma-spore-phage/phylo/data/align-trim-tree/check_msa/parse-msa.raxml.rba --model LG+G4 --prefix /N/u/danschw/Carbonate/GitHub/sigma-spore-phage/phylo/data/align-trim-tree/tree/bootstraps/bs101n1 -- seed 1101101 --tree rand{2} --bs-trees 2 --threads 4

Analysis options:
  run mode: Bootstrapping
  start tree(s): 
  bootstrap replicates: max: 1000 + bootstopping (autoMRE, cutoff: 0.030000)
  random seed: 1630764839
  tip-inner: OFF
  pattern compression: ON
  per-rate scalers: OFF
  site repeats: ON
  branch lengths: proportional (ML estimate, algorithm: NR-FAST)
  SIMD kernels: AVX2
  parallelization: PTHREADS (24 threads), thread pinning: OFF

WARNING: The model you specified on the command line (LG+G4) will be ignored 
WARNING: The model you specified on the command line (LG+G4) will be ignored 
Model: LG+G4m
[00:00:00] Alignment comprises 608 taxa, 1 partitions and 180 patterns

         since the binary MSA file already contains a model definition.
         since the binary MSA file already contains a model definition.
Alignment sites / patterns: 180 / 180
         If you want to change the model, please re-run RAxML-NG 
         If you want to change the model, please re-run RAxML-NG 
Gaps: 12.00 %
         with the original PHYLIP/FASTA alignment and --redo option.
Partition 0: noname
Model: LG+G4m
Alignment sites / patterns: 180 / 180
Gaps: 12.00 %
Invariant sites: 0.00 %

         with the original PHYLIP/FASTA alignment and --redo option.
Invariant sites: 0.00 %




[00:00:00] Loading binary alignment from file: /N/u/danschw/Carbonate/GitHub/sigma-spore-phage/phylo/data/align-trim-tree/check_msa/parse-msa.raxml.rba

[00:00:00] Loading binary alignment from file: /N/u/danschw/Carbonate/GitHub/sigma-spore-phage/phylo/data/align-trim-tree/check_msa/parse-msa.raxml.rba

WARNING: You might be using too many threads (24) for your alignment with 180 unique patterns.
[00:00:00] Alignment comprises 608 taxa, 1 partitions and 180 patterns

[00:00:00] Alignment comprises 608 taxa, 1 partitions and 180 patterns


NOTE:    For the optimal throughput, please consider using fewer threads 
WARNING: You might be using too many threads (24) for your alignment with 180 unique patterns.
NOTE:    and parallelize across starting trees/bootstrap replicates.
NOTE:    For the optimal throughput, please consider using fewer threads 
Partition 0: noname
Model: LG+G4m
Alignment sites / patterns: 180 / 180
Gaps: 12.00 %
Invariant sites: 0.00 %

NOTE:    As a general rule-of-thumb, please assign at least 200-1000 alignment patterns per thread.
NOTE:    and parallelize across starting trees/bootstrap replicates.
Partition 0: noname
Model: LG+G4m
Alignment sites / patterns: 180 / 180
Gaps: 12.00 %
Invariant sites: 0.00 %



NOTE:    As a general rule-of-thumb, please assign at least 200-1000 alignment patterns per thread.





WARNING: You might be using too many threads (24) for your alignment with 180 unique patterns.
ERROR: Too few patterns per thread! RAxML-NG will terminate now to avoid wasting resources.
NOTE:  Please reduce the number of threads (see guidelines above).
NOTE:  This check can be disabled with the '--force' option.

WARNING: You might be using too many threads (24) for your alignment with 180 unique patterns.
NOTE:    For the optimal throughput, please consider using fewer threads 

ERROR: Too few patterns per thread! RAxML-NG will terminate now to avoid wasting resources.
NOTE:  Please reduce the number of threads (see guidelines above).
NOTE:  This check can be disabled with the '--force' option.
NOTE:    For the optimal throughput, please consider using fewer threads 
NOTE:    and parallelize across starting trees/bootstrap replicates.

NOTE:    As a general rule-of-thumb, please assign at least 200-1000 alignment patterns per thread.
NOTE:    and parallelize across starting trees/bootstrap replicates.

NOTE:    As a general rule-of-thumb, please assign at least 200-1000 alignment patterns per thread.


ERROR: Too few patterns per thread! RAxML-NG will terminate now to avoid wasting resources.
NOTE:  Please reduce the number of threads (see guidelines above).
NOTE:  This check can be disabled with the '--force' option.


ERROR: Too few patterns per thread! RAxML-NG will terminate now to avoid wasting resources.
NOTE:  Please reduce the number of threads (see guidelines above).
NOTE:  This check can be disabled with the '--force' option.

