Flex 2.6.4 loaded.
CMake version 3.8.0 loaded.
raxmlng version 0.9.0-pthreads loaded.

RAxML-NG v. 0.9.0git released on 24.05.2019 by The Exelixis Lab.

Developed by: Alexey M. Kozlov and Alexandros Stamatakis.
RAxML-NG v. 0.9.0git released on 24.05.2019 by The Exelixis Lab.
Contributors: Diego Darriba, Tomas Flouri, Benoit Morel, Sarah Lutteropp, Ben Bettisworth.
Developed by: Alexey M. Kozlov and Alexandros Stamatakis.
Latest version: https://github.com/amkozlov/raxml-ng
Contributors: Diego Darriba, Tomas Flouri, Benoit Morel, Sarah Lutteropp, Ben Bettisworth.
Questions/problems/suggestions? Please visit: https://groups.google.com/forum/#!forum/raxml
Latest version: https://github.com/amkozlov/raxml-ng

Questions/problems/suggestions? Please visit: https://groups.google.com/forum/#!forum/raxml

RAxML-NG was called at 04-Sep-2021 10:24:52 as follows:

raxml-ng --bootstrap --msa /N/u/danschw/Carbonate/GitHub/sigma-spore-phage/phylo/data/align-trim-tree/check_msa/parse-msa.raxml.rba --model LG+G4 --prefix /N/u/danschw/Carbonate/GitHub/sigma-spore-phage/phylo/data/align-trim-tree/tree/bootstraps/bs200n1 --threads 4 -- seed 1200200 --tree pars{2} --bs-trees 2

Analysis options:
  run mode: Bootstrapping
  start tree(s): 
  bootstrap replicates: max: 1000 + bootstopping (autoMRE, cutoff: 0.030000)
  random seed: 1630765492
  tip-inner: OFF
  pattern compression: ON
  per-rate scalers: OFF
  site repeats: ON
  branch lengths: proportional (ML estimate, algorithm: NR-FAST)
  SIMD kernels: AVX2
  parallelization: PTHREADS (4 threads), thread pinning: OFF

RAxML-NG was called at 04-Sep-2021 10:24:52 as follows:

raxml-ng --bootstrap --msa /N/u/danschw/Carbonate/GitHub/sigma-spore-phage/phylo/data/align-trim-tree/check_msa/parse-msa.raxml.rba --model LG+G4 --prefix /N/u/danschw/Carbonate/GitHub/sigma-spore-phage/phylo/data/align-trim-tree/tree/bootstraps/bs200n2 --threads 4 -- seed 2200200 --tree pars{2} --bs-trees 2

Analysis options:
  run mode: Bootstrapping
  start tree(s): 


WARNING: The model you specified on the command line (LG+G4) will be ignored 
  bootstrap replicates: max: 1000 + bootstopping (autoMRE, cutoff: 0.030000)
RAxML-NG v. 0.9.0git released on 24.05.2019 by The Exelixis Lab.
RAxML-NG v. 0.9.0git released on 24.05.2019 by The Exelixis Lab.
         since the binary MSA file already contains a model definition.
  random seed: 1630765492
  tip-inner: OFF
  pattern compression: ON
  per-rate scalers: OFF
  site repeats: ON
  branch lengths: proportional (ML estimate, algorithm: NR-FAST)
  SIMD kernels: AVX2
Developed by: Alexey M. Kozlov and Alexandros Stamatakis.
Developed by: Alexey M. Kozlov and Alexandros Stamatakis.
         If you want to change the model, please re-run RAxML-NG 
  parallelization: PTHREADS (4 threads), thread pinning: OFF

Contributors: Diego Darriba, Tomas Flouri, Benoit Morel, Sarah Lutteropp, Ben Bettisworth.
Contributors: Diego Darriba, Tomas Flouri, Benoit Morel, Sarah Lutteropp, Ben Bettisworth.
         with the original PHYLIP/FASTA alignment and --redo option.
Latest version: https://github.com/amkozlov/raxml-ng

Questions/problems/suggestions? Please visit: https://groups.google.com/forum/#!forum/raxml
WARNING: The model you specified on the command line (LG+G4) will be ignored 
Latest version: https://github.com/amkozlov/raxml-ng
[00:00:00] Loading binary alignment from file: /N/u/danschw/Carbonate/GitHub/sigma-spore-phage/phylo/data/align-trim-tree/check_msa/parse-msa.raxml.rba

         since the binary MSA file already contains a model definition.
Questions/problems/suggestions? Please visit: https://groups.google.com/forum/#!forum/raxml
         If you want to change the model, please re-run RAxML-NG 

[00:00:00] Alignment comprises 608 taxa, 1 partitions and 180 patterns

         with the original PHYLIP/FASTA alignment and --redo option.

[00:00:00] Loading binary alignment from file: /N/u/danschw/Carbonate/GitHub/sigma-spore-phage/phylo/data/align-trim-tree/check_msa/parse-msa.raxml.rba
RAxML-NG was called at 04-Sep-2021 10:24:52 as follows:

raxml-ng --bootstrap --msa /N/u/danschw/Carbonate/GitHub/sigma-spore-phage/phylo/data/align-trim-tree/check_msa/parse-msa.raxml.rba --model LG+G4 --prefix /N/u/danschw/Carbonate/GitHub/sigma-spore-phage/phylo/data/align-trim-tree/tree/bootstraps/bs200n2 --threads 4 -- seed 2200200 --tree rand{2} --bs-trees 2

Analysis options:
  run mode: Bootstrapping
  start tree(s): 
Partition 0: noname
Model: LG+G4m
Alignment sites / patterns: 180 / 180
RAxML-NG was called at 04-Sep-2021 10:24:52 as follows:

[00:00:00] Alignment comprises 608 taxa, 1 partitions and 180 patterns

  bootstrap replicates: max: 1000 + bootstopping (autoMRE, cutoff: 0.030000)
  random seed: 1630765492
  tip-inner: OFF
  pattern compression: ON
Gaps: 12.00 %
Invariant sites: 0.00 %

raxml-ng --bootstrap --msa /N/u/danschw/Carbonate/GitHub/sigma-spore-phage/phylo/data/align-trim-tree/check_msa/parse-msa.raxml.rba --model LG+G4 --prefix /N/u/danschw/Carbonate/GitHub/sigma-spore-phage/phylo/data/align-trim-tree/tree/bootstraps/bs200n1 --threads 4 -- seed 1200200 --tree rand{2} --bs-trees 2

Analysis options:
  run mode: Bootstrapping
  start tree(s): 
  per-rate scalers: OFF
  site repeats: ON
  branch lengths: proportional (ML estimate, algorithm: NR-FAST)
  SIMD kernels: AVX2
  parallelization: PTHREADS (4 threads), thread pinning: OFF

Partition 0: noname
Model: LG+G4m
Alignment sites / patterns: 180 / 180
Gaps: 12.00 %
Invariant sites: 0.00 %


  bootstrap replicates: max: 1000 + bootstopping (autoMRE, cutoff: 0.030000)
  random seed: 1630765492
  tip-inner: OFF
  pattern compression: ON
  per-rate scalers: OFF
  site repeats: ON
  branch lengths: proportional (ML estimate, algorithm: NR-FAST)
  SIMD kernels: AVX2
  parallelization: PTHREADS (4 threads), thread pinning: OFF

WARNING: The model you specified on the command line (LG+G4) will be ignored 

         since the binary MSA file already contains a model definition.
[00:00:00] Data distribution: max. partitions/sites/weight per thread: 1 / 45 / 3600
WARNING: The model you specified on the command line (LG+G4) will be ignored 
         If you want to change the model, please re-run RAxML-NG 
         since the binary MSA file already contains a model definition.
         with the original PHYLIP/FASTA alignment and --redo option.
[00:00:00] Data distribution: max. partitions/sites/weight per thread: 1 / 45 / 3600
         If you want to change the model, please re-run RAxML-NG 

         with the original PHYLIP/FASTA alignment and --redo option.
[00:00:00] Loading binary alignment from file: /N/u/danschw/Carbonate/GitHub/sigma-spore-phage/phylo/data/align-trim-tree/check_msa/parse-msa.raxml.rba

[00:00:00] Loading binary alignment from file: /N/u/danschw/Carbonate/GitHub/sigma-spore-phage/phylo/data/align-trim-tree/check_msa/parse-msa.raxml.rba
[00:00:00] Alignment comprises 608 taxa, 1 partitions and 180 patterns

[00:00:00] Alignment comprises 608 taxa, 1 partitions and 180 patterns

Partition 0: noname
Model: LG+G4m
Alignment sites / patterns: 180 / 180
Gaps: 12.00 %
Invariant sites: 0.00 %

Partition 0: noname

Model: LG+G4m
Alignment sites / patterns: 180 / 180
Gaps: 12.00 %
Invariant sites: 0.00 %

[00:00:00] Data distribution: max. partitions/sites/weight per thread: 1 / 45 / 3600

[00:00:00] Data distribution: max. partitions/sites/weight per thread: 1 / 45 / 3600
[00:00:00] Starting bootstrapping analysis with 1000 replicates.

[00:00:00] Starting bootstrapping analysis with 1000 replicates.

[00:00:00] Starting bootstrapping analysis with 1000 replicates.

[00:00:00] Starting bootstrapping analysis with 1000 replicates.

slurmstepd: error: *** JOB 655393 ON c40 CANCELLED AT 2021-09-04T10:26:05 ***
