
RAxML-NG v. 0.9.0git released on 24.05.2019 by The Exelixis Lab.
Developed by: Alexey M. Kozlov and Alexandros Stamatakis.
Contributors: Diego Darriba, Tomas Flouri, Benoit Morel, Sarah Lutteropp, Ben Bettisworth.
Latest version: https://github.com/amkozlov/raxml-ng
Questions/problems/suggestions? Please visit: https://groups.google.com/forum/#!forum/raxml

RAxML-NG was called at 26-Jan-2022 15:48:09 as follows:

raxml-ng --msa /N/u/danschw/Carbonate/GitHub/sigma-spore-phage/phylo-clust/data/align-trim-tree/check_msa/parse-msa.raxml.rba --model LG+G4 --prefix /N/u/danschw/Carbonate/GitHub/sigma-spore-phage/phylo-clust/data/align-trim-tree/tree/ml_search/rand-321 --threads 4 --seed 321 --tree pars{10}

Analysis options:
  run mode: ML tree search
  start tree(s): parsimony (10)
  random seed: 321
  tip-inner: OFF
  pattern compression: ON
  per-rate scalers: OFF
  site repeats: ON
  fast spr radius: AUTO
  spr subtree cutoff: 1.000000
  branch lengths: proportional (ML estimate, algorithm: NR-FAST)
  SIMD kernels: AVX2
  parallelization: PTHREADS (4 threads), thread pinning: OFF

WARNING: The model you specified on the command line (LG+G4) will be ignored 
         since the binary MSA file already contains a model definition.
         If you want to change the model, please re-run RAxML-NG 
         with the original PHYLIP/FASTA alignment and --redo option.

[00:00:00] Loading binary alignment from file: /N/u/danschw/Carbonate/GitHub/sigma-spore-phage/phylo-clust/data/align-trim-tree/check_msa/parse-msa.raxml.rba
[00:00:00] Alignment comprises 540 taxa, 1 partitions and 193 patterns

Partition 0: noname
Model: LG+G4m
Alignment sites / patterns: 193 / 193
Gaps: 14.74 %
Invariant sites: 0.00 %


[00:00:00] Generating 10 parsimony starting tree(s) with 540 taxa
[00:00:03] Data distribution: max. partitions/sites/weight per thread: 1 / 49 / 3920

Starting ML tree search with 10 distinct starting trees

[00:00:03 -150138.517784] Initial branch length optimization
[00:00:04 -136171.031820] Model parameter optimization (eps = 10.000000)
[00:00:06 -135977.773611] AUTODETECT spr round 1 (radius: 5)
[00:00:29 -134822.897687] AUTODETECT spr round 2 (radius: 10)
[00:01:00 -134576.356188] AUTODETECT spr round 3 (radius: 15)
[00:01:38 -134521.800834] AUTODETECT spr round 4 (radius: 20)
[00:02:23 -134521.797128] SPR radius for FAST iterations: 15 (autodetect)
[00:02:23 -134521.797128] Model parameter optimization (eps = 3.000000)
[00:02:23 -134521.559546] FAST spr round 1 (radius: 15)
[00:03:08 -134336.037691] FAST spr round 2 (radius: 15)
[00:03:45 -134322.243020] FAST spr round 3 (radius: 15)
[00:04:20 -134315.004824] FAST spr round 4 (radius: 15)
[00:04:52 -134312.255493] FAST spr round 5 (radius: 15)
[00:05:23 -134310.387122] FAST spr round 6 (radius: 15)
[00:05:54 -134309.252395] FAST spr round 7 (radius: 15)
[00:06:25 -134307.413462] FAST spr round 8 (radius: 15)
[00:06:55 -134306.942702] FAST spr round 9 (radius: 15)
[00:07:25 -134306.497324] FAST spr round 10 (radius: 15)
[00:07:54 -134306.005218] FAST spr round 11 (radius: 15)
[00:08:24 -134305.129566] FAST spr round 12 (radius: 15)
[00:08:54 -134304.250771] FAST spr round 13 (radius: 15)
[00:09:23 -134303.451312] FAST spr round 14 (radius: 15)
[00:09:53 -134303.078605] FAST spr round 15 (radius: 15)
[00:10:22 -134301.352685] FAST spr round 16 (radius: 15)
[00:10:52 -134300.775939] FAST spr round 17 (radius: 15)
[00:11:22 -134299.854713] FAST spr round 18 (radius: 15)
[00:11:51 -134299.626437] FAST spr round 19 (radius: 15)
[00:12:21 -134298.025977] FAST spr round 20 (radius: 15)
[00:12:50 -134294.498640] FAST spr round 21 (radius: 15)
[00:13:20 -134294.051462] FAST spr round 22 (radius: 15)
[00:13:50 -134288.722792] FAST spr round 23 (radius: 15)
[00:14:20 -134287.778708] FAST spr round 24 (radius: 15)
[00:14:50 -134286.872541] FAST spr round 25 (radius: 15)
[00:15:19 -134286.185742] FAST spr round 26 (radius: 15)
[00:15:48 -134281.787197] FAST spr round 27 (radius: 15)
[00:16:18 -134281.283537] FAST spr round 28 (radius: 15)
[00:16:48 -134280.871499] FAST spr round 29 (radius: 15)
[00:17:18 -134280.613954] FAST spr round 30 (radius: 15)
[00:17:48 -134280.383916] FAST spr round 31 (radius: 15)
[00:18:17 -134280.240677] FAST spr round 32 (radius: 15)
[00:18:47 -134278.588525] FAST spr round 33 (radius: 15)
[00:19:17 -134278.221372] FAST spr round 34 (radius: 15)
[00:19:47 -134278.098196] FAST spr round 35 (radius: 15)
[00:20:16 -134278.003415] Model parameter optimization (eps = 1.000000)
[00:20:17 -134277.803954] SLOW spr round 1 (radius: 5)
[00:21:00 -134254.554859] SLOW spr round 2 (radius: 5)
[00:21:41 -134253.823814] SLOW spr round 3 (radius: 5)
[00:22:20 -134253.823780] SLOW spr round 4 (radius: 10)
[00:23:04 -134251.369438] SLOW spr round 5 (radius: 5)
[00:23:53 -134249.105555] SLOW spr round 6 (radius: 5)
[00:24:36 -134249.074822] SLOW spr round 7 (radius: 10)
[00:25:23 -134249.074618] SLOW spr round 8 (radius: 15)
[00:26:36 -134248.634862] SLOW spr round 9 (radius: 5)
[00:27:27 -134244.770882] SLOW spr round 10 (radius: 5)
[00:28:12 -134243.691361] SLOW spr round 11 (radius: 5)
[00:28:55 -134243.690911] SLOW spr round 12 (radius: 10)
[00:29:42 -134243.556235] SLOW spr round 13 (radius: 5)
[00:30:29 -134243.555900] SLOW spr round 14 (radius: 10)
[00:31:22 -134243.555883] SLOW spr round 15 (radius: 15)
[00:32:33 -134243.555879] SLOW spr round 16 (radius: 20)
[00:34:03 -134243.555878] SLOW spr round 17 (radius: 25)
[00:35:55 -134243.555878] Model parameter optimization (eps = 0.100000)

[00:35:56] ML tree search #1, logLikelihood: -134243.551765

[00:35:56 -150541.805168] Initial branch length optimization
[00:35:56 -136603.024040] Model parameter optimization (eps = 10.000000)
[00:35:57 -136443.792492] AUTODETECT spr round 1 (radius: 5)
[00:36:22 -134995.485099] AUTODETECT spr round 2 (radius: 10)
[00:36:54 -134652.541956] AUTODETECT spr round 3 (radius: 15)
[00:37:35 -134645.302976] AUTODETECT spr round 4 (radius: 20)
[00:38:21 -134645.248025] SPR radius for FAST iterations: 15 (autodetect)
[00:38:21 -134645.248025] Model parameter optimization (eps = 3.000000)
[00:38:22 -134645.083130] FAST spr round 1 (radius: 15)
[00:39:10 -134379.389343] FAST spr round 2 (radius: 15)
[00:39:51 -134343.496255] FAST spr round 3 (radius: 15)
[00:40:26 -134330.353650] FAST spr round 4 (radius: 15)
[00:40:59 -134318.503782] FAST spr round 5 (radius: 15)
[00:41:31 -134317.859588] FAST spr round 6 (radius: 15)
[00:42:03 -134317.183805] FAST spr round 7 (radius: 15)
[00:42:35 -134316.488883] FAST spr round 8 (radius: 15)
[00:43:05 -134311.101555] FAST spr round 9 (radius: 15)
[00:43:36 -134309.252788] FAST spr round 10 (radius: 15)
[00:44:07 -134304.736555] FAST spr round 11 (radius: 15)
[00:44:38 -134301.539593] FAST spr round 12 (radius: 15)
[00:45:09 -134301.051699] FAST spr round 13 (radius: 15)
[00:45:40 -134300.640011] FAST spr round 14 (radius: 15)
[00:46:11 -134300.283137] FAST spr round 15 (radius: 15)
[00:46:41 -134299.920585] FAST spr round 16 (radius: 15)
[00:47:12 -134299.560572] FAST spr round 17 (radius: 15)
[00:47:43 -134298.956575] FAST spr round 18 (radius: 15)
[00:48:14 -134293.823195] FAST spr round 19 (radius: 15)
[00:48:44 -134289.933422] FAST spr round 20 (radius: 15)
[00:49:15 -134284.573367] FAST spr round 21 (radius: 15)
[00:49:47 -134283.780978] FAST spr round 22 (radius: 15)
[00:50:19 -134283.350861] FAST spr round 23 (radius: 15)
[00:50:50 -134283.097308] FAST spr round 24 (radius: 15)
[00:51:22 -134282.843503] FAST spr round 25 (radius: 15)
[00:51:53 -134282.678915] FAST spr round 26 (radius: 15)
[00:52:24 -134282.654185] Model parameter optimization (eps = 1.000000)
[00:52:24 -134282.649756] SLOW spr round 1 (radius: 5)
[00:53:09 -134273.792420] SLOW spr round 2 (radius: 5)
[00:53:50 -134273.791614] SLOW spr round 3 (radius: 10)
[00:54:34 -134273.791534] SLOW spr round 4 (radius: 15)
[00:55:49 -134272.210973] SLOW spr round 5 (radius: 5)
[00:56:39 -134270.901724] SLOW spr round 6 (radius: 5)
[00:57:23 -134270.899432] SLOW spr round 7 (radius: 10)
[00:58:10 -134270.899239] SLOW spr round 8 (radius: 15)
[00:59:23 -134269.626410] SLOW spr round 9 (radius: 5)
[01:00:13 -134265.983324] SLOW spr round 10 (radius: 5)
[01:00:56 -134265.788040] SLOW spr round 11 (radius: 5)
[01:01:38 -134265.787587] SLOW spr round 12 (radius: 10)
[01:02:22 -134265.614113] SLOW spr round 13 (radius: 5)
[01:03:10 -134263.068802] SLOW spr round 14 (radius: 5)
[01:03:52 -134262.990286] SLOW spr round 15 (radius: 10)
[01:04:38 -134262.989418] SLOW spr round 16 (radius: 15)
[01:05:52 -134261.936686] SLOW spr round 17 (radius: 5)
[01:06:40 -134261.935354] SLOW spr round 18 (radius: 10)
[01:07:32 -134261.935261] SLOW spr round 19 (radius: 15)
[01:08:43 -134261.935242] SLOW spr round 20 (radius: 20)
[01:10:11 -134261.935238] SLOW spr round 21 (radius: 25)
[01:11:53 -134261.935237] Model parameter optimization (eps = 0.100000)

[01:11:53] ML tree search #2, logLikelihood: -134261.925847

[01:11:53 -150397.585934] Initial branch length optimization
[01:11:54 -136565.486440] Model parameter optimization (eps = 10.000000)
[01:11:55 -136389.409203] AUTODETECT spr round 1 (radius: 5)
[01:12:19 -135051.167272] AUTODETECT spr round 2 (radius: 10)
[01:12:50 -134603.696915] AUTODETECT spr round 3 (radius: 15)
[01:13:29 -134554.103717] AUTODETECT spr round 4 (radius: 20)
[01:14:13 -134540.911829] AUTODETECT spr round 5 (radius: 25)
[01:15:05 -134540.902439] SPR radius for FAST iterations: 20 (autodetect)
[01:15:05 -134540.902439] Model parameter optimization (eps = 3.000000)
[01:15:06 -134540.882733] FAST spr round 1 (radius: 20)
[01:15:58 -134360.166532] FAST spr round 2 (radius: 20)
[01:16:41 -134322.858174] FAST spr round 3 (radius: 20)
[01:17:17 -134319.452645] FAST spr round 4 (radius: 20)
[01:17:51 -134312.479776] FAST spr round 5 (radius: 20)
[01:18:24 -134309.356238] FAST spr round 6 (radius: 20)
[01:18:56 -134308.628759] FAST spr round 7 (radius: 20)
[01:19:28 -134308.058698] FAST spr round 8 (radius: 20)
[01:20:00 -134307.653892] FAST spr round 9 (radius: 20)
[01:20:31 -134305.738813] FAST spr round 10 (radius: 20)
[01:21:02 -134305.441261] FAST spr round 11 (radius: 20)
[01:21:33 -134305.185962] FAST spr round 12 (radius: 20)
[01:22:04 -134304.803702] FAST spr round 13 (radius: 20)
[01:22:35 -134304.602023] FAST spr round 14 (radius: 20)
[01:23:06 -134304.402455] FAST spr round 15 (radius: 20)
[01:23:37 -134304.259514] FAST spr round 16 (radius: 20)
[01:24:08 -134304.134144] FAST spr round 17 (radius: 20)
[01:24:40 -134304.054027] Model parameter optimization (eps = 1.000000)
[01:24:40 -134303.671573] SLOW spr round 1 (radius: 5)
[01:25:26 -134284.389319] SLOW spr round 2 (radius: 5)
[01:26:10 -134279.186178] SLOW spr round 3 (radius: 5)
[01:26:50 -134278.958345] SLOW spr round 4 (radius: 5)
[01:27:30 -134278.957862] SLOW spr round 5 (radius: 10)
[01:28:13 -134277.654767] SLOW spr round 6 (radius: 5)
[01:29:01 -134276.456023] SLOW spr round 7 (radius: 5)
[01:29:44 -134275.201293] SLOW spr round 8 (radius: 5)
[01:30:25 -134275.200754] SLOW spr round 9 (radius: 10)
[01:31:09 -134273.222082] SLOW spr round 10 (radius: 5)
[01:31:57 -134271.797283] SLOW spr round 11 (radius: 5)
[01:32:40 -134271.741372] SLOW spr round 12 (radius: 10)
[01:33:25 -134271.740592] SLOW spr round 13 (radius: 15)
[01:34:38 -134269.388331] SLOW spr round 14 (radius: 5)
[01:35:27 -134269.379836] SLOW spr round 15 (radius: 10)
[01:36:18 -134269.378633] SLOW spr round 16 (radius: 15)
[01:37:28 -134269.378465] SLOW spr round 17 (radius: 20)
[01:39:02 -134269.378441] SLOW spr round 18 (radius: 25)
[01:40:48 -134269.378438] Model parameter optimization (eps = 0.100000)

[01:40:49] ML tree search #3, logLikelihood: -134269.342465

[01:40:49 -149914.535542] Initial branch length optimization
[01:40:49 -136146.782821] Model parameter optimization (eps = 10.000000)
[01:40:50 -135978.759073] AUTODETECT spr round 1 (radius: 5)
[01:41:15 -134773.192693] AUTODETECT spr round 2 (radius: 10)
[01:41:46 -134575.196135] AUTODETECT spr round 3 (radius: 15)
[01:42:24 -134537.146868] AUTODETECT spr round 4 (radius: 20)
[01:43:06 -134521.446102] AUTODETECT spr round 5 (radius: 25)
[01:43:52 -134521.433385] SPR radius for FAST iterations: 20 (autodetect)
[01:43:52 -134521.433385] Model parameter optimization (eps = 3.000000)
[01:43:53 -134520.879224] FAST spr round 1 (radius: 20)
[01:44:44 -134342.040015] FAST spr round 2 (radius: 20)
[01:45:28 -134291.884863] FAST spr round 3 (radius: 20)
[01:46:05 -134271.984742] FAST spr round 4 (radius: 20)
[01:46:39 -134269.159394] FAST spr round 5 (radius: 20)
[01:47:11 -134267.467402] FAST spr round 6 (radius: 20)
[01:47:43 -134266.068699] FAST spr round 7 (radius: 20)
[01:48:14 -134265.550372] FAST spr round 8 (radius: 20)
[01:48:45 -134264.316083] FAST spr round 9 (radius: 20)
[01:49:17 -134263.818587] FAST spr round 10 (radius: 20)
[01:49:48 -134263.355333] FAST spr round 11 (radius: 20)
[01:50:20 -134260.136113] FAST spr round 12 (radius: 20)
[01:50:51 -134259.067720] FAST spr round 13 (radius: 20)
[01:51:22 -134256.588360] FAST spr round 14 (radius: 20)
[01:51:53 -134255.649476] FAST spr round 15 (radius: 20)
[01:52:25 -134251.842496] FAST spr round 16 (radius: 20)
[01:52:55 -134251.378457] FAST spr round 17 (radius: 20)
[01:53:26 -134250.951154] FAST spr round 18 (radius: 20)
[01:53:57 -134250.617489] FAST spr round 19 (radius: 20)
[01:54:28 -134250.425126] FAST spr round 20 (radius: 20)
[01:54:59 -134250.076649] FAST spr round 21 (radius: 20)
[01:55:30 -134249.933727] FAST spr round 22 (radius: 20)
[01:56:01 -134248.944879] FAST spr round 23 (radius: 20)
[01:56:32 -134248.722316] FAST spr round 24 (radius: 20)
[01:57:03 -134248.178513] FAST spr round 25 (radius: 20)
[01:57:34 -134247.795868] FAST spr round 26 (radius: 20)
[01:58:05 -134247.688926] FAST spr round 27 (radius: 20)
[01:58:37 -134246.322767] FAST spr round 28 (radius: 20)
[01:59:08 -134244.276996] FAST spr round 29 (radius: 20)
[01:59:39 -134244.209596] Model parameter optimization (eps = 1.000000)
[01:59:40 -134243.977184] SLOW spr round 1 (radius: 5)
[02:00:24 -134236.449815] SLOW spr round 2 (radius: 5)
[02:01:07 -134235.029647] SLOW spr round 3 (radius: 5)
[02:01:48 -134233.888066] SLOW spr round 4 (radius: 5)
[02:02:28 -134233.860693] SLOW spr round 5 (radius: 10)
[02:03:12 -134228.799539] SLOW spr round 6 (radius: 5)
[02:04:01 -134226.626295] SLOW spr round 7 (radius: 5)
[02:04:44 -134226.242648] SLOW spr round 8 (radius: 5)
[02:05:25 -134226.242415] SLOW spr round 9 (radius: 10)
[02:06:09 -134226.242405] SLOW spr round 10 (radius: 15)
[02:07:24 -134226.242403] SLOW spr round 11 (radius: 20)
[02:08:50 -134226.242403] SLOW spr round 12 (radius: 25)
[02:10:33 -134226.242403] Model parameter optimization (eps = 0.100000)

[02:10:33] ML tree search #4, logLikelihood: -134226.210169

[02:10:33 -150398.662177] Initial branch length optimization
[02:10:34 -136591.023938] Model parameter optimization (eps = 10.000000)
[02:10:35 -136411.032794] AUTODETECT spr round 1 (radius: 5)
[02:10:59 -134962.420661] AUTODETECT spr round 2 (radius: 10)
[02:11:32 -134665.242841] AUTODETECT spr round 3 (radius: 15)
[02:12:11 -134616.308364] AUTODETECT spr round 4 (radius: 20)
[02:12:54 -134616.297257] SPR radius for FAST iterations: 15 (autodetect)
[02:12:54 -134616.297257] Model parameter optimization (eps = 3.000000)
[02:12:54 -134616.029205] FAST spr round 1 (radius: 15)
[02:13:41 -134373.742797] FAST spr round 2 (radius: 15)
[02:14:22 -134347.572854] FAST spr round 3 (radius: 15)
[02:14:57 -134339.349483] FAST spr round 4 (radius: 15)
[02:15:30 -134331.735097] FAST spr round 5 (radius: 15)
[02:16:02 -134328.832161] FAST spr round 6 (radius: 15)
[02:16:35 -134306.556361] FAST spr round 7 (radius: 15)
[02:17:06 -134299.107139] FAST spr round 8 (radius: 15)
[02:17:37 -134297.042217] FAST spr round 9 (radius: 15)
[02:18:08 -134292.396484] FAST spr round 10 (radius: 15)
[02:18:38 -134290.267800] FAST spr round 11 (radius: 15)
[02:19:10 -134288.518865] FAST spr round 12 (radius: 15)
[02:19:41 -134287.860655] FAST spr round 13 (radius: 15)
[02:20:12 -134286.650749] FAST spr round 14 (radius: 15)
[02:20:43 -134285.093903] FAST spr round 15 (radius: 15)
[02:21:15 -134283.015308] FAST spr round 16 (radius: 15)
[02:21:46 -134281.664927] FAST spr round 17 (radius: 15)
[02:22:16 -134281.242706] FAST spr round 18 (radius: 15)
[02:22:47 -134280.608061] FAST spr round 19 (radius: 15)
[02:23:18 -134280.607839] Model parameter optimization (eps = 1.000000)
[02:23:19 -134280.580770] SLOW spr round 1 (radius: 5)
[02:24:04 -134265.275415] SLOW spr round 2 (radius: 5)
[02:24:46 -134263.439588] SLOW spr round 3 (radius: 5)
[02:25:27 -134263.439305] SLOW spr round 4 (radius: 10)
[02:26:12 -134259.730227] SLOW spr round 5 (radius: 5)
[02:27:00 -134259.728398] SLOW spr round 6 (radius: 10)
[02:27:52 -134259.274141] SLOW spr round 7 (radius: 5)
[02:28:39 -134258.984656] SLOW spr round 8 (radius: 5)
[02:29:23 -134258.983978] SLOW spr round 9 (radius: 10)
[02:30:10 -134258.735807] SLOW spr round 10 (radius: 5)
[02:30:59 -134258.192513] SLOW spr round 11 (radius: 5)
[02:31:43 -134258.191713] SLOW spr round 12 (radius: 10)
[02:32:30 -134256.681797] SLOW spr round 13 (radius: 5)
[02:33:18 -134255.583614] SLOW spr round 14 (radius: 5)
[02:34:01 -134255.581074] SLOW spr round 15 (radius: 10)
[02:34:48 -134255.580767] SLOW spr round 16 (radius: 15)
[02:36:00 -134255.580704] SLOW spr round 17 (radius: 20)
[02:37:24 -134255.580687] SLOW spr round 18 (radius: 25)
[02:39:06 -134255.580681] Model parameter optimization (eps = 0.100000)

[02:39:07] ML tree search #5, logLikelihood: -134255.407594

[02:39:07 -150233.079243] Initial branch length optimization
[02:39:07 -136419.289979] Model parameter optimization (eps = 10.000000)
[02:39:08 -136239.270406] AUTODETECT spr round 1 (radius: 5)
[02:39:32 -134978.050253] AUTODETECT spr round 2 (radius: 10)
[02:40:04 -134577.586408] AUTODETECT spr round 3 (radius: 15)
[02:40:43 -134562.261264] AUTODETECT spr round 4 (radius: 20)
[02:41:28 -134547.256010] AUTODETECT spr round 5 (radius: 25)
[02:42:18 -134547.238505] SPR radius for FAST iterations: 20 (autodetect)
[02:42:18 -134547.238505] Model parameter optimization (eps = 3.000000)
[02:42:18 -134546.411291] FAST spr round 1 (radius: 20)
[02:43:10 -134352.921810] FAST spr round 2 (radius: 20)
[02:43:53 -134330.668167] FAST spr round 3 (radius: 20)
[02:44:30 -134320.934749] FAST spr round 4 (radius: 20)
[02:45:03 -134313.629805] FAST spr round 5 (radius: 20)
[02:45:36 -134310.949896] FAST spr round 6 (radius: 20)
[02:46:07 -134310.195750] FAST spr round 7 (radius: 20)
[02:46:38 -134308.887175] FAST spr round 8 (radius: 20)
[02:47:08 -134307.791974] FAST spr round 9 (radius: 20)
[02:47:38 -134307.118992] FAST spr round 10 (radius: 20)
[02:48:08 -134306.520174] FAST spr round 11 (radius: 20)
[02:48:38 -134305.971153] FAST spr round 12 (radius: 20)
[02:49:09 -134305.497930] FAST spr round 13 (radius: 20)
[02:49:39 -134304.964358] FAST spr round 14 (radius: 20)
[02:50:09 -134304.605513] FAST spr round 15 (radius: 20)
[02:50:40 -134304.232253] FAST spr round 16 (radius: 20)
[02:51:11 -134303.898896] FAST spr round 17 (radius: 20)
[02:51:41 -134303.650070] FAST spr round 18 (radius: 20)
[02:52:12 -134303.410435] FAST spr round 19 (radius: 20)
[02:52:43 -134303.228398] FAST spr round 20 (radius: 20)
[02:53:14 -134303.092089] FAST spr round 21 (radius: 20)
[02:53:45 -134303.065655] Model parameter optimization (eps = 1.000000)
[02:53:45 -134302.955861] SLOW spr round 1 (radius: 5)
[02:54:30 -134290.553990] SLOW spr round 2 (radius: 5)
[02:55:14 -134280.298134] SLOW spr round 3 (radius: 5)
[02:55:54 -134279.425306] SLOW spr round 4 (radius: 5)
[02:56:35 -134279.065345] SLOW spr round 5 (radius: 5)
[02:57:16 -134274.153578] SLOW spr round 6 (radius: 5)
[02:57:55 -134273.829194] SLOW spr round 7 (radius: 5)
[02:58:34 -134273.489231] SLOW spr round 8 (radius: 5)
[02:59:13 -134273.488875] SLOW spr round 9 (radius: 10)
[02:59:57 -134271.120165] SLOW spr round 10 (radius: 5)
[03:00:47 -134248.473087] SLOW spr round 11 (radius: 5)
[03:01:31 -134241.512037] SLOW spr round 12 (radius: 5)
[03:02:11 -134239.345922] SLOW spr round 13 (radius: 5)
[03:02:50 -134239.345881] SLOW spr round 14 (radius: 10)
[03:03:35 -134239.345880] SLOW spr round 15 (radius: 15)
[03:04:54 -134239.345880] SLOW spr round 16 (radius: 20)
[03:06:24 -134239.345880] SLOW spr round 17 (radius: 25)
[03:08:14 -134239.345880] Model parameter optimization (eps = 0.100000)

[03:08:15] ML tree search #6, logLikelihood: -134239.285611

[03:08:15 -150093.656079] Initial branch length optimization
[03:08:15 -136297.916061] Model parameter optimization (eps = 10.000000)
[03:08:16 -136117.659772] AUTODETECT spr round 1 (radius: 5)
[03:08:41 -134862.784860] AUTODETECT spr round 2 (radius: 10)
[03:09:13 -134609.619448] AUTODETECT spr round 3 (radius: 15)
[03:09:53 -134552.512915] AUTODETECT spr round 4 (radius: 20)
[03:10:42 -134526.337815] AUTODETECT spr round 5 (radius: 25)
[03:11:37 -134526.312069] SPR radius for FAST iterations: 20 (autodetect)
[03:11:37 -134526.312069] Model parameter optimization (eps = 3.000000)
[03:11:37 -134525.570195] FAST spr round 1 (radius: 20)
[03:12:29 -134320.377018] FAST spr round 2 (radius: 20)
[03:13:11 -134286.527386] FAST spr round 3 (radius: 20)
[03:13:48 -134279.557466] FAST spr round 4 (radius: 20)
[03:14:22 -134274.417941] FAST spr round 5 (radius: 20)
[03:14:54 -134271.513840] FAST spr round 6 (radius: 20)
[03:15:25 -134269.311222] FAST spr round 7 (radius: 20)
[03:15:55 -134268.450458] FAST spr round 8 (radius: 20)
[03:16:25 -134267.674884] FAST spr round 9 (radius: 20)
[03:16:55 -134267.046673] FAST spr round 10 (radius: 20)
[03:17:25 -134266.437098] FAST spr round 11 (radius: 20)
[03:17:55 -134265.972707] FAST spr round 12 (radius: 20)
[03:18:25 -134265.657197] FAST spr round 13 (radius: 20)
[03:18:55 -134265.079168] FAST spr round 14 (radius: 20)
[03:19:25 -134264.848454] FAST spr round 15 (radius: 20)
[03:19:56 -134264.664491] FAST spr round 16 (radius: 20)
[03:20:26 -134264.409844] FAST spr round 17 (radius: 20)
[03:20:56 -134264.335532] Model parameter optimization (eps = 1.000000)
[03:20:56 -134264.321950] SLOW spr round 1 (radius: 5)
[03:21:40 -134245.500080] SLOW spr round 2 (radius: 5)
[03:22:22 -134240.193241] SLOW spr round 3 (radius: 5)
[03:23:02 -134239.449980] SLOW spr round 4 (radius: 5)
[03:23:41 -134239.449726] SLOW spr round 5 (radius: 10)
[03:24:24 -134235.364231] SLOW spr round 6 (radius: 5)
[03:25:11 -134235.362460] SLOW spr round 7 (radius: 10)
[03:26:01 -134235.362144] SLOW spr round 8 (radius: 15)
[03:27:14 -134235.362079] SLOW spr round 9 (radius: 20)
[03:28:47 -134235.362065] SLOW spr round 10 (radius: 25)
[03:30:25 -134235.362062] Model parameter optimization (eps = 0.100000)

[03:30:26] ML tree search #7, logLikelihood: -134235.356345

[03:30:26 -150063.291291] Initial branch length optimization
[03:30:26 -136400.608895] Model parameter optimization (eps = 10.000000)
[03:30:27 -136249.478016] AUTODETECT spr round 1 (radius: 5)
[03:30:52 -135091.942132] AUTODETECT spr round 2 (radius: 10)
[03:31:25 -134717.056640] AUTODETECT spr round 3 (radius: 15)
[03:32:07 -134642.269063] AUTODETECT spr round 4 (radius: 20)
[03:32:54 -134625.471286] AUTODETECT spr round 5 (radius: 25)
[03:33:46 -134625.456336] SPR radius for FAST iterations: 20 (autodetect)
[03:33:46 -134625.456336] Model parameter optimization (eps = 3.000000)
[03:33:46 -134625.102319] FAST spr round 1 (radius: 20)
[03:34:40 -134339.110657] FAST spr round 2 (radius: 20)
[03:35:23 -134285.640697] FAST spr round 3 (radius: 20)
[03:36:00 -134281.039065] FAST spr round 4 (radius: 20)
[03:36:34 -134279.447761] FAST spr round 5 (radius: 20)
[03:37:06 -134278.959905] FAST spr round 6 (radius: 20)
[03:37:37 -134275.784481] FAST spr round 7 (radius: 20)
[03:38:09 -134273.716305] FAST spr round 8 (radius: 20)
[03:38:40 -134271.951168] FAST spr round 9 (radius: 20)
[03:39:12 -134271.504082] FAST spr round 10 (radius: 20)
[03:39:43 -134271.073381] FAST spr round 11 (radius: 20)
[03:40:14 -134270.835541] FAST spr round 12 (radius: 20)
[03:40:45 -134270.732539] FAST spr round 13 (radius: 20)
[03:41:16 -134270.634712] Model parameter optimization (eps = 1.000000)
[03:41:17 -134270.551610] SLOW spr round 1 (radius: 5)
[03:42:00 -134260.824831] SLOW spr round 2 (radius: 5)
[03:42:41 -134260.018271] SLOW spr round 3 (radius: 5)
[03:43:21 -134260.017968] SLOW spr round 4 (radius: 10)
[03:44:03 -134259.218593] SLOW spr round 5 (radius: 5)
[03:44:50 -134255.717160] SLOW spr round 6 (radius: 5)
[03:45:32 -134255.717050] SLOW spr round 7 (radius: 10)
[03:46:15 -134255.717037] SLOW spr round 8 (radius: 15)
[03:47:25 -134254.870168] SLOW spr round 9 (radius: 5)
[03:48:14 -134253.092226] SLOW spr round 10 (radius: 5)
[03:48:57 -134253.091611] SLOW spr round 11 (radius: 10)
[03:49:42 -134253.091597] SLOW spr round 12 (radius: 15)
[03:50:54 -134250.854729] SLOW spr round 13 (radius: 5)
[03:51:42 -134250.852140] SLOW spr round 14 (radius: 10)
[03:52:32 -134250.852020] SLOW spr round 15 (radius: 15)
[03:53:41 -134250.852012] SLOW spr round 16 (radius: 20)
[03:55:05 -134250.852011] SLOW spr round 17 (radius: 25)
[03:56:39 -134250.852011] Model parameter optimization (eps = 0.100000)

[03:56:40] ML tree search #8, logLikelihood: -134250.845966

[03:56:40 -150195.165922] Initial branch length optimization
[03:56:40 -136419.977452] Model parameter optimization (eps = 10.000000)
[03:56:41 -136234.278543] AUTODETECT spr round 1 (radius: 5)
[03:57:06 -134809.302241] AUTODETECT spr round 2 (radius: 10)
[03:57:38 -134618.566502] AUTODETECT spr round 3 (radius: 15)
[03:58:18 -134530.979411] AUTODETECT spr round 4 (radius: 20)
[03:59:06 -134524.437327] AUTODETECT spr round 5 (radius: 25)
[03:59:59 -134524.429184] SPR radius for FAST iterations: 20 (autodetect)
[03:59:59 -134524.429184] Model parameter optimization (eps = 3.000000)
[03:59:59 -134524.398337] FAST spr round 1 (radius: 20)
[04:00:51 -134319.259333] FAST spr round 2 (radius: 20)
[04:01:34 -134294.653832] FAST spr round 3 (radius: 20)
[04:02:12 -134292.253547] FAST spr round 4 (radius: 20)
[04:02:46 -134291.186360] FAST spr round 5 (radius: 20)
[04:03:20 -134290.450274] FAST spr round 6 (radius: 20)
[04:03:53 -134289.670677] FAST spr round 7 (radius: 20)
[04:04:25 -134289.159616] FAST spr round 8 (radius: 20)
[04:04:56 -134288.806018] FAST spr round 9 (radius: 20)
[04:05:27 -134288.170656] FAST spr round 10 (radius: 20)
[04:05:58 -134286.623706] FAST spr round 11 (radius: 20)
[04:06:29 -134286.193995] FAST spr round 12 (radius: 20)
[04:06:59 -134285.858200] FAST spr round 13 (radius: 20)
[04:07:30 -134285.705953] FAST spr round 14 (radius: 20)
[04:08:00 -134285.595446] FAST spr round 15 (radius: 20)
[04:08:31 -134285.529536] Model parameter optimization (eps = 1.000000)
[04:08:31 -134285.423625] SLOW spr round 1 (radius: 5)
[04:09:15 -134262.420022] SLOW spr round 2 (radius: 5)
[04:09:58 -134256.158968] SLOW spr round 3 (radius: 5)
[04:10:37 -134255.946488] SLOW spr round 4 (radius: 5)
[04:11:16 -134255.945895] SLOW spr round 5 (radius: 10)
[04:11:59 -134254.751726] SLOW spr round 6 (radius: 5)
[04:12:45 -134253.977292] SLOW spr round 7 (radius: 5)
[04:13:27 -134253.977092] SLOW spr round 8 (radius: 10)
[04:14:12 -134253.817938] SLOW spr round 9 (radius: 5)
[04:14:59 -134252.309577] SLOW spr round 10 (radius: 5)
[04:15:41 -134252.125932] SLOW spr round 11 (radius: 5)
[04:16:22 -134252.003090] SLOW spr round 12 (radius: 5)
[04:17:02 -134251.873702] SLOW spr round 13 (radius: 5)
[04:17:42 -134251.873608] SLOW spr round 14 (radius: 10)
[04:18:24 -134251.873604] SLOW spr round 15 (radius: 15)
[04:19:41 -134251.794034] SLOW spr round 16 (radius: 20)
[04:21:03 -134251.793396] SLOW spr round 17 (radius: 25)
[04:22:41 -134251.793377] Model parameter optimization (eps = 0.100000)

[04:22:41] ML tree search #9, logLikelihood: -134251.771299

[04:22:41 -150321.455967] Initial branch length optimization
[04:22:42 -136414.092210] Model parameter optimization (eps = 10.000000)
[04:22:43 -136240.066096] AUTODETECT spr round 1 (radius: 5)
[04:23:08 -134919.829265] AUTODETECT spr round 2 (radius: 10)
[04:23:40 -134687.345231] AUTODETECT spr round 3 (radius: 15)
[04:24:20 -134592.964129] AUTODETECT spr round 4 (radius: 20)
[04:25:06 -134577.858399] AUTODETECT spr round 5 (radius: 25)
[04:25:59 -134556.358695] SPR radius for FAST iterations: 25 (autodetect)
[04:25:59 -134556.358695] Model parameter optimization (eps = 3.000000)
[04:25:59 -134555.792447] FAST spr round 1 (radius: 25)
[04:26:58 -134349.812169] FAST spr round 2 (radius: 25)
[04:27:44 -134322.112737] FAST spr round 3 (radius: 25)
[04:28:23 -134313.597563] FAST spr round 4 (radius: 25)
[04:29:00 -134308.458448] FAST spr round 5 (radius: 25)
[04:29:34 -134306.213788] FAST spr round 6 (radius: 25)
[04:30:07 -134305.206965] FAST spr round 7 (radius: 25)
[04:30:40 -134304.362918] FAST spr round 8 (radius: 25)
[04:31:12 -134303.917642] FAST spr round 9 (radius: 25)
[04:31:44 -134303.639978] FAST spr round 10 (radius: 25)
[04:32:16 -134300.369282] FAST spr round 11 (radius: 25)
[04:32:48 -134299.772104] FAST spr round 12 (radius: 25)
[04:33:19 -134299.576580] FAST spr round 13 (radius: 25)
[04:33:50 -134298.300605] FAST spr round 14 (radius: 25)
[04:34:21 -134286.662269] FAST spr round 15 (radius: 25)
[04:34:51 -134283.244830] FAST spr round 16 (radius: 25)
[04:35:22 -134282.174363] FAST spr round 17 (radius: 25)
[04:35:54 -134280.234989] FAST spr round 18 (radius: 25)
[04:36:24 -134279.965926] FAST spr round 19 (radius: 25)
[04:36:55 -134279.701889] FAST spr round 20 (radius: 25)
[04:37:26 -134279.597228] FAST spr round 21 (radius: 25)
[04:37:57 -134279.558186] Model parameter optimization (eps = 1.000000)
[04:37:58 -134279.100051] SLOW spr round 1 (radius: 5)
[04:38:41 -134276.532775] SLOW spr round 2 (radius: 5)
[04:39:22 -134276.302649] SLOW spr round 3 (radius: 5)
[04:40:03 -134275.388966] SLOW spr round 4 (radius: 5)
[04:40:43 -134275.236890] SLOW spr round 5 (radius: 5)
[04:41:22 -134275.236616] SLOW spr round 6 (radius: 10)
[04:42:05 -134271.392696] SLOW spr round 7 (radius: 5)
[04:42:52 -134271.391128] SLOW spr round 8 (radius: 10)
[04:43:43 -134271.181856] SLOW spr round 9 (radius: 5)
[04:44:30 -134267.024349] SLOW spr round 10 (radius: 5)
[04:45:12 -134265.946442] SLOW spr round 11 (radius: 5)
[04:45:53 -134265.892828] SLOW spr round 12 (radius: 10)
[04:46:38 -134264.690385] SLOW spr round 13 (radius: 5)
[04:47:27 -134262.105925] SLOW spr round 14 (radius: 5)
[04:48:11 -134259.695113] SLOW spr round 15 (radius: 5)
[04:48:52 -134259.693000] SLOW spr round 16 (radius: 10)
[04:49:37 -134259.692603] SLOW spr round 17 (radius: 15)
[04:50:55 -134259.692499] SLOW spr round 18 (radius: 20)
[04:52:30 -134259.692470] SLOW spr round 19 (radius: 25)
[04:54:16 -134259.692462] Model parameter optimization (eps = 0.100000)

[04:54:17] ML tree search #10, logLikelihood: -134259.565489


Optimized model parameters:

   Partition 0: noname
   Rate heterogeneity: GAMMA (4 cats, mean),  alpha: 2.276172 (ML),  weights&rates: (0.250000,0.324154) (0.250000,0.681498) (0.250000,1.075580) (0.250000,1.918768) 
   Base frequencies (model): 0.079066 0.055941 0.041977 0.053052 0.012937 0.040767 0.071586 0.057337 0.022355 0.062157 0.099081 0.064600 0.022951 0.042302 0.044040 0.061197 0.053287 0.012066 0.034155 0.069147 
   Substitution rates (model): 0.425093 0.276818 0.395144 2.489084 0.969894 1.038545 2.066040 0.358858 0.149830 0.395337 0.536518 1.124035 0.253701 1.177651 4.727182 2.139501 0.180717 0.218959 2.547870 0.751878 0.123954 0.534551 2.807908 0.363970 0.390192 2.426601 0.126991 0.301848 6.326067 0.484133 0.052722 0.332533 0.858151 0.578987 0.593607 0.314440 0.170887 5.076149 0.528768 1.695752 0.541712 1.437645 4.509238 0.191503 0.068427 2.145078 0.371004 0.089525 0.161787 4.008358 2.000679 0.045376 0.612025 0.083688 0.062556 0.523386 5.243870 0.844926 0.927114 0.010690 0.015076 0.282959 0.025548 0.017416 0.394456 1.240275 0.425860 0.029890 0.135107 0.037967 0.084808 0.003499 0.569265 0.640543 0.320627 0.594007 0.013266 0.893680 1.105251 0.075382 2.784478 1.143480 0.670128 1.165532 1.959291 4.128591 0.267959 4.813505 0.072854 0.582457 3.234294 1.672569 0.035855 0.624294 1.223828 1.080136 0.236199 0.257336 0.210332 0.348847 0.423881 0.044265 0.069673 1.807177 0.173735 0.018811 0.419409 0.611973 0.604545 0.077852 0.120037 0.245034 0.311484 0.008705 0.044261 0.296636 0.139538 0.089586 0.196961 1.739990 0.129836 0.268491 0.054679 0.076701 0.108882 0.366317 0.697264 0.442472 0.682139 0.508851 0.990012 0.584262 0.597054 5.306834 0.119013 4.145067 0.159069 4.273607 1.112727 0.078281 0.064105 1.033739 0.111660 0.232523 10.649107 0.137500 6.312358 2.592692 0.249060 0.182287 0.302936 0.619632 0.299648 1.702745 0.656604 0.023918 0.390322 0.748683 1.136863 0.049906 0.131932 0.185202 1.798853 0.099849 0.346960 2.020366 0.696175 0.481306 1.898718 0.094464 0.361819 0.165001 2.457121 7.803902 0.654683 1.338132 0.571468 0.095131 0.089613 0.296501 6.472279 0.248862 0.400547 0.098369 0.140825 0.245841 2.188158 3.151815 0.189510 0.249313 


Final LogLikelihood: -134226.210169

AIC score: 270608.420337 / AICc score: 2596932.420337 / BIC score: 274125.600361
Free parameters (model + branch lengths): 1078

WARNING: Number of free parameters (K=1078) is larger than alignment size (n=193).
         This might lead to overfitting and compromise tree inference results!


Best ML tree saved to: /geode2/home/u020/danschw/Carbonate/GitHub/sigma-spore-phage/phylo-clust/data/align-trim-tree/tree/ml_search/rand-321.raxml.bestTree
All ML trees saved to: /geode2/home/u020/danschw/Carbonate/GitHub/sigma-spore-phage/phylo-clust/data/align-trim-tree/tree/ml_search/rand-321.raxml.mlTrees
Optimized model saved to: /geode2/home/u020/danschw/Carbonate/GitHub/sigma-spore-phage/phylo-clust/data/align-trim-tree/tree/ml_search/rand-321.raxml.bestModel

Execution log saved to: /geode2/home/u020/danschw/Carbonate/GitHub/sigma-spore-phage/phylo-clust/data/align-trim-tree/tree/ml_search/rand-321.raxml.log

Analysis started: 26-Jan-2022 15:48:09 / finished: 26-Jan-2022 20:42:27

Elapsed time: 17657.661 seconds

