
RAxML-NG v. 0.9.0git released on 24.05.2019 by The Exelixis Lab.
Developed by: Alexey M. Kozlov and Alexandros Stamatakis.
Contributors: Diego Darriba, Tomas Flouri, Benoit Morel, Sarah Lutteropp, Ben Bettisworth.
Latest version: https://github.com/amkozlov/raxml-ng
Questions/problems/suggestions? Please visit: https://groups.google.com/forum/#!forum/raxml

RAxML-NG was called at 27-Jan-2022 12:05:00 as follows:

raxml-ng --support --tree bestScoreML.tree --bs-trees bootstraps/allbootstraps --prefix ML_TBE_tree --threads 4 --bs-metric tbe,fbp

Analysis options:
  run mode: Compute bipartition support (Transfer Bootstrap + Felsenstein Bootstrap)
  start tree(s): user
  random seed: 1643303100
  SIMD kernels: AVX
  parallelization: PTHREADS (4 threads), thread pinning: OFF

Reading reference tree from file: bestScoreML.tree
Reference tree size: 540

Reading bootstrap trees from file: bootstraps/allbootstraps
Loaded 1000 trees with 540 taxa.

Best ML tree with Felsenstein bootstrap (FBP) support values saved to: /geode2/home/u020/danschw/Carbonate/GitHub/sigma-spore-phage/phylo-clust/data/align-trim-tree/tree/ML_TBE_tree.raxml.supportFBP
Best ML tree with Transfer bootstrap (TBE) support values saved to: /geode2/home/u020/danschw/Carbonate/GitHub/sigma-spore-phage/phylo-clust/data/align-trim-tree/tree/ML_TBE_tree.raxml.supportTBE

Execution log saved to: /geode2/home/u020/danschw/Carbonate/GitHub/sigma-spore-phage/phylo-clust/data/align-trim-tree/tree/ML_TBE_tree.raxml.log

Analysis started: 27-Jan-2022 12:05:00 / finished: 27-Jan-2022 12:05:03

Elapsed time: 2.385 seconds

