
RAxML-NG v. 0.9.0git released on 24.05.2019 by The Exelixis Lab.
Developed by: Alexey M. Kozlov and Alexandros Stamatakis.
Contributors: Diego Darriba, Tomas Flouri, Benoit Morel, Sarah Lutteropp, Ben Bettisworth.
Latest version: https://github.com/amkozlov/raxml-ng
Questions/problems/suggestions? Please visit: https://groups.google.com/forum/#!forum/raxml

RAxML-NG was called at 08-Jan-2022 10:07:32 as follows:

raxml-ng --msa /N/u/danschw/Carbonate/GitHub/sigma-spore-phage/phylo/data/align-trim-tree/check_msa/parse-msa.raxml.rba --model LG+G4 --prefix /N/u/danschw/Carbonate/GitHub/sigma-spore-phage/phylo/data/align-trim-tree/tree/ml_search/rand-433 --threads 4 --seed 433 --tree rand{10}

Analysis options:
  run mode: ML tree search
  start tree(s): random (10)
  random seed: 433
  tip-inner: OFF
  pattern compression: ON
  per-rate scalers: OFF
  site repeats: ON
  fast spr radius: AUTO
  spr subtree cutoff: 1.000000
  branch lengths: proportional (ML estimate, algorithm: NR-FAST)
  SIMD kernels: AVX2
  parallelization: PTHREADS (4 threads), thread pinning: OFF

WARNING: The model you specified on the command line (LG+G4) will be ignored 
         since the binary MSA file already contains a model definition.
         If you want to change the model, please re-run RAxML-NG 
         with the original PHYLIP/FASTA alignment and --redo option.

[00:00:00] Loading binary alignment from file: /N/u/danschw/Carbonate/GitHub/sigma-spore-phage/phylo/data/align-trim-tree/check_msa/parse-msa.raxml.rba
[00:00:00] Alignment comprises 661 taxa, 1 partitions and 189 patterns

Partition 0: noname
Model: LG+G4m
Alignment sites / patterns: 189 / 189
Gaps: 15.93 %
Invariant sites: 0.00 %


[00:00:00] Generating 10 random starting tree(s) with 661 taxa
[00:00:00] Data distribution: max. partitions/sites/weight per thread: 1 / 48 / 3840

Starting ML tree search with 10 distinct starting trees

[00:00:00 -290310.321160] Initial branch length optimization
[00:00:01 -245342.041430] Model parameter optimization (eps = 10.000000)
[00:00:03 -245258.256994] AUTODETECT spr round 1 (radius: 5)
[00:00:42 -204036.614727] AUTODETECT spr round 2 (radius: 10)
[00:01:26 -163717.481436] AUTODETECT spr round 3 (radius: 15)
[00:02:16 -149560.718975] AUTODETECT spr round 4 (radius: 20)
[00:03:10 -145744.267419] AUTODETECT spr round 5 (radius: 25)
[00:04:04 -144508.956182] SPR radius for FAST iterations: 25 (autodetect)
[00:04:04 -144508.956182] Model parameter optimization (eps = 3.000000)
[00:04:08 -144415.411071] FAST spr round 1 (radius: 25)
[00:05:22 -134286.423649] FAST spr round 2 (radius: 25)
[00:06:20 -133893.180189] FAST spr round 3 (radius: 25)
[00:07:10 -133823.769196] FAST spr round 4 (radius: 25)
[00:07:57 -133789.513674] FAST spr round 5 (radius: 25)
[00:08:43 -133774.146428] FAST spr round 6 (radius: 25)
[00:09:24 -133772.149394] FAST spr round 7 (radius: 25)
[00:10:03 -133772.149234] Model parameter optimization (eps = 1.000000)
[00:10:04 -133772.076847] SLOW spr round 1 (radius: 5)
[00:11:01 -133754.142809] SLOW spr round 2 (radius: 5)
[00:11:53 -133751.228612] SLOW spr round 3 (radius: 5)
[00:12:43 -133751.228209] SLOW spr round 4 (radius: 10)
[00:13:39 -133751.093635] SLOW spr round 5 (radius: 5)
[00:14:39 -133749.205232] SLOW spr round 6 (radius: 5)
[00:15:32 -133749.204863] SLOW spr round 7 (radius: 10)
[00:16:29 -133749.204858] SLOW spr round 8 (radius: 15)
[00:18:09 -133749.204857] SLOW spr round 9 (radius: 20)
[00:20:13 -133749.204857] SLOW spr round 10 (radius: 25)
[00:22:40 -133749.204857] Model parameter optimization (eps = 0.100000)

[00:22:40] ML tree search #1, logLikelihood: -133749.158302

[00:22:41 -291377.776770] Initial branch length optimization
[00:22:42 -244973.688861] Model parameter optimization (eps = 10.000000)
[00:22:43 -244939.969580] AUTODETECT spr round 1 (radius: 5)
[00:23:21 -205095.166577] AUTODETECT spr round 2 (radius: 10)
[00:24:05 -164221.111680] AUTODETECT spr round 3 (radius: 15)
[00:24:55 -147759.155430] AUTODETECT spr round 4 (radius: 20)
[00:25:55 -145383.266476] AUTODETECT spr round 5 (radius: 25)
[00:27:04 -144912.511223] SPR radius for FAST iterations: 25 (autodetect)
[00:27:04 -144912.511223] Model parameter optimization (eps = 3.000000)
[00:27:09 -144554.043933] FAST spr round 1 (radius: 25)
[00:28:24 -134115.538996] FAST spr round 2 (radius: 25)
[00:29:22 -133835.899927] FAST spr round 3 (radius: 25)
[00:30:12 -133804.696436] FAST spr round 4 (radius: 25)
[00:30:57 -133799.787536] FAST spr round 5 (radius: 25)
[00:31:38 -133799.536605] FAST spr round 6 (radius: 25)
[00:32:22 -133799.535977] Model parameter optimization (eps = 1.000000)
[00:32:23 -133799.515276] SLOW spr round 1 (radius: 5)
[00:33:25 -133763.506696] SLOW spr round 2 (radius: 5)
[00:34:19 -133759.412931] SLOW spr round 3 (radius: 5)
[00:35:13 -133759.140770] SLOW spr round 4 (radius: 5)
[00:36:04 -133759.139611] SLOW spr round 5 (radius: 10)
[00:37:03 -133753.487988] SLOW spr round 6 (radius: 5)
[00:38:05 -133750.021299] SLOW spr round 7 (radius: 5)
[00:39:00 -133748.764936] SLOW spr round 8 (radius: 5)
[00:39:53 -133748.678618] SLOW spr round 9 (radius: 10)
[00:40:51 -133747.034353] SLOW spr round 10 (radius: 5)
[00:41:52 -133742.894055] SLOW spr round 11 (radius: 5)
[00:42:46 -133742.005435] SLOW spr round 12 (radius: 5)
[00:43:39 -133739.169962] SLOW spr round 13 (radius: 5)
[00:44:29 -133739.169700] SLOW spr round 14 (radius: 10)
[00:45:25 -133738.151960] SLOW spr round 15 (radius: 5)
[00:46:24 -133736.817919] SLOW spr round 16 (radius: 5)
[00:47:16 -133736.817907] SLOW spr round 17 (radius: 10)
[00:48:14 -133735.862513] SLOW spr round 18 (radius: 5)
[00:49:14 -133733.215475] SLOW spr round 19 (radius: 5)
[00:50:07 -133733.215107] SLOW spr round 20 (radius: 10)
[00:51:04 -133733.010285] SLOW spr round 21 (radius: 5)
[00:52:02 -133731.586844] SLOW spr round 22 (radius: 5)
[00:52:55 -133731.586679] SLOW spr round 23 (radius: 10)
[00:53:53 -133731.586663] SLOW spr round 24 (radius: 15)
[00:55:35 -133731.586659] SLOW spr round 25 (radius: 20)
[00:57:41 -133731.586658] SLOW spr round 26 (radius: 25)
[01:00:13 -133731.586657] Model parameter optimization (eps = 0.100000)

[01:00:14] ML tree search #2, logLikelihood: -133731.396140

[01:00:14 -291940.780363] Initial branch length optimization
[01:00:15 -246168.333282] Model parameter optimization (eps = 10.000000)
[01:00:16 -246159.536420] AUTODETECT spr round 1 (radius: 5)
[01:00:54 -205239.703052] AUTODETECT spr round 2 (radius: 10)
[01:01:39 -168088.928278] AUTODETECT spr round 3 (radius: 15)
[01:02:30 -152562.143782] AUTODETECT spr round 4 (radius: 20)
[01:03:28 -148344.582540] AUTODETECT spr round 5 (radius: 25)
[01:04:32 -145471.342639] SPR radius for FAST iterations: 25 (autodetect)
[01:04:32 -145471.342639] Model parameter optimization (eps = 3.000000)
[01:04:34 -145359.746753] FAST spr round 1 (radius: 25)
[01:05:48 -134148.526783] FAST spr round 2 (radius: 25)
[01:06:44 -133833.030391] FAST spr round 3 (radius: 25)
[01:07:34 -133792.399630] FAST spr round 4 (radius: 25)
[01:08:19 -133770.003832] FAST spr round 5 (radius: 25)
[01:08:59 -133770.003306] Model parameter optimization (eps = 1.000000)
[01:08:59 -133769.784472] SLOW spr round 1 (radius: 5)
[01:09:57 -133739.107029] SLOW spr round 2 (radius: 5)
[01:10:50 -133737.443264] SLOW spr round 3 (radius: 5)
[01:11:40 -133736.950387] SLOW spr round 4 (radius: 5)
[01:12:30 -133736.805296] SLOW spr round 5 (radius: 5)
[01:13:19 -133736.803340] SLOW spr round 6 (radius: 10)
[01:14:15 -133734.468295] SLOW spr round 7 (radius: 5)
[01:15:13 -133733.312790] SLOW spr round 8 (radius: 5)
[01:16:06 -133733.310683] SLOW spr round 9 (radius: 10)
[01:17:05 -133732.339906] SLOW spr round 10 (radius: 5)
[01:18:05 -133726.636101] SLOW spr round 11 (radius: 5)
[01:19:01 -133720.581399] SLOW spr round 12 (radius: 5)
[01:19:53 -133720.072333] SLOW spr round 13 (radius: 5)
[01:20:43 -133719.635055] SLOW spr round 14 (radius: 5)
[01:21:32 -133719.633417] SLOW spr round 15 (radius: 10)
[01:22:28 -133719.091817] SLOW spr round 16 (radius: 5)
[01:23:28 -133713.634106] SLOW spr round 17 (radius: 5)
[01:24:20 -133713.632917] SLOW spr round 18 (radius: 10)
[01:25:19 -133712.484899] SLOW spr round 19 (radius: 5)
[01:26:18 -133711.417470] SLOW spr round 20 (radius: 5)
[01:27:12 -133711.417029] SLOW spr round 21 (radius: 10)
[01:28:10 -133711.417018] SLOW spr round 22 (radius: 15)
[01:29:45 -133711.105581] SLOW spr round 23 (radius: 5)
[01:30:44 -133711.104746] SLOW spr round 24 (radius: 10)
[01:31:50 -133711.104669] SLOW spr round 25 (radius: 15)
[01:33:22 -133711.104646] SLOW spr round 26 (radius: 20)
[01:35:20 -133711.104636] SLOW spr round 27 (radius: 25)
[01:37:51 -133711.104631] Model parameter optimization (eps = 0.100000)

[01:37:51] ML tree search #3, logLikelihood: -133710.997807

[01:37:52 -292123.836793] Initial branch length optimization
[01:37:53 -245880.890142] Model parameter optimization (eps = 10.000000)
[01:37:55 -245823.324636] AUTODETECT spr round 1 (radius: 5)
[01:38:33 -204387.337529] AUTODETECT spr round 2 (radius: 10)
[01:39:17 -162892.638014] AUTODETECT spr round 3 (radius: 15)
[01:40:06 -149745.682728] AUTODETECT spr round 4 (radius: 20)
[01:41:04 -146986.236248] AUTODETECT spr round 5 (radius: 25)
[01:42:17 -144625.320254] SPR radius for FAST iterations: 25 (autodetect)
[01:42:17 -144625.320254] Model parameter optimization (eps = 3.000000)
[01:42:18 -144522.725444] FAST spr round 1 (radius: 25)
[01:43:34 -134386.002400] FAST spr round 2 (radius: 25)
[01:44:32 -133870.603518] FAST spr round 3 (radius: 25)
[01:45:23 -133778.564706] FAST spr round 4 (radius: 25)
[01:46:08 -133763.898126] FAST spr round 5 (radius: 25)
[01:46:48 -133763.639889] FAST spr round 6 (radius: 25)
[01:47:26 -133763.639697] Model parameter optimization (eps = 1.000000)
[01:47:27 -133763.569585] SLOW spr round 1 (radius: 5)
[01:48:20 -133727.582838] SLOW spr round 2 (radius: 5)
[01:49:14 -133724.286804] SLOW spr round 3 (radius: 5)
[01:50:08 -133720.987275] SLOW spr round 4 (radius: 5)
[01:50:59 -133716.945132] SLOW spr round 5 (radius: 5)
[01:51:48 -133716.817960] SLOW spr round 6 (radius: 5)
[01:52:38 -133716.817557] SLOW spr round 7 (radius: 10)
[01:53:33 -133711.288066] SLOW spr round 8 (radius: 5)
[01:54:31 -133710.136829] SLOW spr round 9 (radius: 5)
[01:55:24 -133710.136482] SLOW spr round 10 (radius: 10)
[01:56:21 -133710.136478] SLOW spr round 11 (radius: 15)
[01:57:52 -133709.428507] SLOW spr round 12 (radius: 5)
[01:58:52 -133709.427395] SLOW spr round 13 (radius: 10)
[01:59:54 -133709.427322] SLOW spr round 14 (radius: 15)
[02:01:20 -133709.427317] SLOW spr round 15 (radius: 20)
[02:03:14 -133709.427317] SLOW spr round 16 (radius: 25)
[02:05:24 -133709.427317] Model parameter optimization (eps = 0.100000)

[02:05:24] ML tree search #4, logLikelihood: -133709.427317

[02:05:25 -291207.911560] Initial branch length optimization
[02:05:26 -245500.905899] Model parameter optimization (eps = 10.000000)
[02:05:27 -245485.214787] AUTODETECT spr round 1 (radius: 5)
[02:06:06 -205872.229690] AUTODETECT spr round 2 (radius: 10)
[02:06:49 -170409.244735] AUTODETECT spr round 3 (radius: 15)
[02:07:40 -152093.056460] AUTODETECT spr round 4 (radius: 20)
[02:08:36 -144488.518623] AUTODETECT spr round 5 (radius: 25)
[02:09:42 -144326.218006] SPR radius for FAST iterations: 25 (autodetect)
[02:09:42 -144326.218006] Model parameter optimization (eps = 3.000000)
[02:09:43 -144233.001268] FAST spr round 1 (radius: 25)
[02:10:55 -134298.112360] FAST spr round 2 (radius: 25)
[02:11:54 -133864.832262] FAST spr round 3 (radius: 25)
[02:12:43 -133800.247146] FAST spr round 4 (radius: 25)
[02:13:28 -133785.440328] FAST spr round 5 (radius: 25)
[02:14:10 -133769.814859] FAST spr round 6 (radius: 25)
[02:14:50 -133758.189938] FAST spr round 7 (radius: 25)
[02:15:29 -133755.271889] FAST spr round 8 (radius: 25)
[02:16:07 -133753.839861] FAST spr round 9 (radius: 25)
[02:16:45 -133753.839516] Model parameter optimization (eps = 1.000000)
[02:16:46 -133752.618077] SLOW spr round 1 (radius: 5)
[02:17:40 -133728.589950] SLOW spr round 2 (radius: 5)
[02:18:33 -133724.670545] SLOW spr round 3 (radius: 5)
[02:19:23 -133723.752821] SLOW spr round 4 (radius: 5)
[02:20:11 -133723.752346] SLOW spr round 5 (radius: 10)
[02:21:06 -133722.758777] SLOW spr round 6 (radius: 5)
[02:22:05 -133720.744286] SLOW spr round 7 (radius: 5)
[02:22:59 -133720.742909] SLOW spr round 8 (radius: 10)
[02:23:57 -133720.425110] SLOW spr round 9 (radius: 5)
[02:24:57 -133717.403656] SLOW spr round 10 (radius: 5)
[02:25:51 -133717.403341] SLOW spr round 11 (radius: 10)
[02:26:48 -133716.926011] SLOW spr round 12 (radius: 5)
[02:27:46 -133716.211073] SLOW spr round 13 (radius: 5)
[02:28:40 -133716.211064] SLOW spr round 14 (radius: 10)
[02:29:38 -133716.211063] SLOW spr round 15 (radius: 15)
[02:31:19 -133711.649997] SLOW spr round 16 (radius: 5)
[02:32:20 -133711.070089] SLOW spr round 17 (radius: 5)
[02:33:15 -133711.069681] SLOW spr round 18 (radius: 10)
[02:34:13 -133711.069665] SLOW spr round 19 (radius: 15)
[02:35:54 -133711.069664] SLOW spr round 20 (radius: 20)
[02:38:02 -133711.069664] SLOW spr round 21 (radius: 25)
[02:40:25 -133711.069664] Model parameter optimization (eps = 0.100000)

[02:40:26] ML tree search #5, logLikelihood: -133711.069396

[02:40:26 -291076.902564] Initial branch length optimization
[02:40:27 -244855.651375] Model parameter optimization (eps = 10.000000)
[02:40:28 -244810.926345] AUTODETECT spr round 1 (radius: 5)
[02:41:06 -202824.572581] AUTODETECT spr round 2 (radius: 10)
[02:41:49 -167539.669954] AUTODETECT spr round 3 (radius: 15)
[02:42:40 -151695.818894] AUTODETECT spr round 4 (radius: 20)
[02:43:42 -145547.141891] AUTODETECT spr round 5 (radius: 25)
[02:44:44 -144427.870045] SPR radius for FAST iterations: 25 (autodetect)
[02:44:44 -144427.870045] Model parameter optimization (eps = 3.000000)
[02:44:48 -144113.115159] FAST spr round 1 (radius: 25)
[02:46:03 -134222.727617] FAST spr round 2 (radius: 25)
[02:47:00 -133801.369262] FAST spr round 3 (radius: 25)
[02:47:51 -133764.644697] FAST spr round 4 (radius: 25)
[02:48:38 -133756.440831] FAST spr round 5 (radius: 25)
[02:49:18 -133753.165998] FAST spr round 6 (radius: 25)
[02:49:57 -133753.165595] Model parameter optimization (eps = 1.000000)
[02:49:58 -133752.865466] SLOW spr round 1 (radius: 5)
[02:50:54 -133732.693096] SLOW spr round 2 (radius: 5)
[02:51:48 -133730.216843] SLOW spr round 3 (radius: 5)
[02:52:40 -133728.752995] SLOW spr round 4 (radius: 5)
[02:53:30 -133728.752717] SLOW spr round 5 (radius: 10)
[02:54:25 -133726.507290] SLOW spr round 6 (radius: 5)
[02:55:25 -133726.292114] SLOW spr round 7 (radius: 5)
[02:56:19 -133726.291596] SLOW spr round 8 (radius: 10)
[02:57:16 -133726.291490] SLOW spr round 9 (radius: 15)
[02:58:53 -133726.291460] SLOW spr round 10 (radius: 20)
[03:00:47 -133726.291452] SLOW spr round 11 (radius: 25)
[03:03:07 -133726.291449] Model parameter optimization (eps = 0.100000)

[03:03:08] ML tree search #6, logLikelihood: -133726.278940

[03:03:08 -292139.130517] Initial branch length optimization
[03:03:09 -245647.539793] Model parameter optimization (eps = 10.000000)
[03:03:11 -245569.860823] AUTODETECT spr round 1 (radius: 5)
[03:03:48 -202128.720688] AUTODETECT spr round 2 (radius: 10)
[03:04:32 -164001.016843] AUTODETECT spr round 3 (radius: 15)
[03:05:23 -147023.159023] AUTODETECT spr round 4 (radius: 20)
[03:06:22 -144963.933804] AUTODETECT spr round 5 (radius: 25)
[03:07:26 -144836.740988] SPR radius for FAST iterations: 25 (autodetect)
[03:07:26 -144836.740988] Model parameter optimization (eps = 3.000000)
[03:07:32 -144530.212082] FAST spr round 1 (radius: 25)
[03:08:50 -134392.346549] FAST spr round 2 (radius: 25)
[03:09:49 -133817.975253] FAST spr round 3 (radius: 25)
[03:10:40 -133769.586862] FAST spr round 4 (radius: 25)
[03:11:23 -133762.877762] FAST spr round 5 (radius: 25)
[03:12:03 -133761.373913] FAST spr round 6 (radius: 25)
[03:12:42 -133758.081789] FAST spr round 7 (radius: 25)
[03:13:20 -133755.658382] FAST spr round 8 (radius: 25)
[03:13:58 -133754.065751] FAST spr round 9 (radius: 25)
[03:14:35 -133754.065646] Model parameter optimization (eps = 1.000000)
[03:14:35 -133753.254904] SLOW spr round 1 (radius: 5)
[03:15:32 -133737.336454] SLOW spr round 2 (radius: 5)
[03:16:25 -133735.158278] SLOW spr round 3 (radius: 5)
[03:17:16 -133735.158164] SLOW spr round 4 (radius: 10)
[03:18:11 -133733.877672] SLOW spr round 5 (radius: 5)
[03:19:11 -133732.556273] SLOW spr round 6 (radius: 5)
[03:20:04 -133732.556110] SLOW spr round 7 (radius: 10)
[03:21:02 -133731.624309] SLOW spr round 8 (radius: 5)
[03:22:01 -133730.290720] SLOW spr round 9 (radius: 5)
[03:22:54 -133730.290707] SLOW spr round 10 (radius: 10)
[03:23:52 -133729.803155] SLOW spr round 11 (radius: 5)
[03:24:50 -133729.693928] SLOW spr round 12 (radius: 5)
[03:25:44 -133729.693920] SLOW spr round 13 (radius: 10)
[03:26:42 -133729.693920] SLOW spr round 14 (radius: 15)
[03:28:14 -133728.562617] SLOW spr round 15 (radius: 5)
[03:29:14 -133725.466550] SLOW spr round 16 (radius: 5)
[03:30:10 -133724.386951] SLOW spr round 17 (radius: 5)
[03:31:01 -133724.386797] SLOW spr round 18 (radius: 10)
[03:31:58 -133723.999860] SLOW spr round 19 (radius: 5)
[03:32:56 -133722.300858] SLOW spr round 20 (radius: 5)
[03:33:48 -133722.300590] SLOW spr round 21 (radius: 10)
[03:34:46 -133722.300588] SLOW spr round 22 (radius: 15)
[03:36:20 -133719.490308] SLOW spr round 23 (radius: 5)
[03:37:22 -133717.382579] SLOW spr round 24 (radius: 5)
[03:38:18 -133717.379131] SLOW spr round 25 (radius: 10)
[03:39:17 -133717.377742] SLOW spr round 26 (radius: 15)
[03:40:48 -133717.377434] SLOW spr round 27 (radius: 20)
[03:42:47 -133717.377433] SLOW spr round 28 (radius: 25)
[03:45:05 -133717.377433] Model parameter optimization (eps = 0.100000)

[03:45:05] ML tree search #7, logLikelihood: -133717.372328

[03:45:05 -290333.016813] Initial branch length optimization
[03:45:07 -244350.361510] Model parameter optimization (eps = 10.000000)
[03:45:08 -244304.934593] AUTODETECT spr round 1 (radius: 5)
[03:45:46 -203952.857263] AUTODETECT spr round 2 (radius: 10)
[03:46:30 -163665.859732] AUTODETECT spr round 3 (radius: 15)
[03:47:23 -152224.761819] AUTODETECT spr round 4 (radius: 20)
[03:48:22 -145903.225468] AUTODETECT spr round 5 (radius: 25)
[03:49:25 -144439.060594] SPR radius for FAST iterations: 25 (autodetect)
[03:49:25 -144439.060594] Model parameter optimization (eps = 3.000000)
[03:49:27 -144359.003551] FAST spr round 1 (radius: 25)
[03:50:38 -134193.878900] FAST spr round 2 (radius: 25)
[03:51:36 -133843.252606] FAST spr round 3 (radius: 25)
[03:52:27 -133805.997302] FAST spr round 4 (radius: 25)
[03:53:13 -133790.477509] FAST spr round 5 (radius: 25)
[03:53:56 -133782.368943] FAST spr round 6 (radius: 25)
[03:54:39 -133773.148476] FAST spr round 7 (radius: 25)
[03:55:20 -133764.288509] FAST spr round 8 (radius: 25)
[03:56:03 -133749.508701] FAST spr round 9 (radius: 25)
[03:56:43 -133745.960822] FAST spr round 10 (radius: 25)
[03:57:21 -133745.960466] Model parameter optimization (eps = 1.000000)
[03:57:21 -133745.873441] SLOW spr round 1 (radius: 5)
[03:58:17 -133725.217944] SLOW spr round 2 (radius: 5)
[03:59:12 -133721.053181] SLOW spr round 3 (radius: 5)
[04:00:03 -133720.655508] SLOW spr round 4 (radius: 5)
[04:00:53 -133720.655451] SLOW spr round 5 (radius: 10)
[04:01:48 -133718.775388] SLOW spr round 6 (radius: 5)
[04:02:49 -133718.375687] SLOW spr round 7 (radius: 5)
[04:03:43 -133718.375141] SLOW spr round 8 (radius: 10)
[04:04:42 -133717.950315] SLOW spr round 9 (radius: 5)
[04:05:43 -133714.671644] SLOW spr round 10 (radius: 5)
[04:06:37 -133714.670919] SLOW spr round 11 (radius: 10)
[04:07:35 -133714.287393] SLOW spr round 12 (radius: 5)
[04:08:33 -133714.287179] SLOW spr round 13 (radius: 10)
[04:09:36 -133714.287175] SLOW spr round 14 (radius: 15)
[04:11:05 -133714.287174] SLOW spr round 15 (radius: 20)
[04:13:02 -133714.287174] SLOW spr round 16 (radius: 25)
[04:15:23 -133714.287174] Model parameter optimization (eps = 0.100000)

[04:15:23] ML tree search #8, logLikelihood: -133714.281558

[04:15:23 -291880.681804] Initial branch length optimization
[04:15:25 -244879.695449] Model parameter optimization (eps = 10.000000)
[04:15:26 -244829.162356] AUTODETECT spr round 1 (radius: 5)
[04:16:06 -205606.530205] AUTODETECT spr round 2 (radius: 10)
[04:16:50 -168039.787241] AUTODETECT spr round 3 (radius: 15)
[04:17:39 -154004.738912] AUTODETECT spr round 4 (radius: 20)
[04:18:36 -150228.547892] AUTODETECT spr round 5 (radius: 25)
[04:19:40 -146054.920381] SPR radius for FAST iterations: 25 (autodetect)
[04:19:40 -146054.920381] Model parameter optimization (eps = 3.000000)
[04:19:41 -145976.629116] FAST spr round 1 (radius: 25)
[04:20:54 -134606.641846] FAST spr round 2 (radius: 25)
[04:21:51 -133851.957225] FAST spr round 3 (radius: 25)
[04:22:41 -133777.537247] FAST spr round 4 (radius: 25)
[04:23:26 -133770.746842] FAST spr round 5 (radius: 25)
[04:24:07 -133767.245612] FAST spr round 6 (radius: 25)
[04:24:45 -133767.244965] Model parameter optimization (eps = 1.000000)
[04:24:46 -133766.959152] SLOW spr round 1 (radius: 5)
[04:25:42 -133729.719584] SLOW spr round 2 (radius: 5)
[04:26:38 -133714.445357] SLOW spr round 3 (radius: 5)
[04:27:30 -133709.679482] SLOW spr round 4 (radius: 5)
[04:28:21 -133707.519929] SLOW spr round 5 (radius: 5)
[04:29:13 -133700.341269] SLOW spr round 6 (radius: 5)
[04:30:03 -133695.162764] SLOW spr round 7 (radius: 5)
[04:30:53 -133695.162248] SLOW spr round 8 (radius: 10)
[04:31:50 -133693.321038] SLOW spr round 9 (radius: 5)
[04:32:51 -133689.516202] SLOW spr round 10 (radius: 5)
[04:33:46 -133689.516044] SLOW spr round 11 (radius: 10)
[04:34:45 -133689.098021] SLOW spr round 12 (radius: 5)
[04:35:44 -133685.911966] SLOW spr round 13 (radius: 5)
[04:36:38 -133685.911420] SLOW spr round 14 (radius: 10)
[04:37:37 -133685.911410] SLOW spr round 15 (radius: 15)
[04:39:12 -133685.911406] SLOW spr round 16 (radius: 20)
[04:41:11 -133685.911404] SLOW spr round 17 (radius: 25)
[04:43:32 -133685.911402] Model parameter optimization (eps = 0.100000)

[04:43:33] ML tree search #9, logLikelihood: -133685.601657

[04:43:33 -291264.800920] Initial branch length optimization
[04:43:34 -245698.895080] Model parameter optimization (eps = 10.000000)
[04:43:35 -245656.281184] AUTODETECT spr round 1 (radius: 5)
[04:44:14 -205027.884950] AUTODETECT spr round 2 (radius: 10)
[04:44:57 -163175.873890] AUTODETECT spr round 3 (radius: 15)
[04:45:48 -151109.447581] AUTODETECT spr round 4 (radius: 20)
[04:46:45 -145550.203954] AUTODETECT spr round 5 (radius: 25)
[04:47:52 -144381.107625] SPR radius for FAST iterations: 25 (autodetect)
[04:47:52 -144381.107625] Model parameter optimization (eps = 3.000000)
[04:47:58 -144078.786231] FAST spr round 1 (radius: 25)
[04:49:11 -134253.534600] FAST spr round 2 (radius: 25)
[04:50:09 -133894.498476] FAST spr round 3 (radius: 25)
[04:50:59 -133861.032104] FAST spr round 4 (radius: 25)
[04:51:44 -133854.806640] FAST spr round 5 (radius: 25)
[04:52:28 -133853.116216] FAST spr round 6 (radius: 25)
[04:53:07 -133853.115503] Model parameter optimization (eps = 1.000000)
[04:53:07 -133852.726828] SLOW spr round 1 (radius: 5)
[04:54:05 -133808.077568] SLOW spr round 2 (radius: 5)
[04:55:00 -133798.508462] SLOW spr round 3 (radius: 5)
[04:55:55 -133790.698076] SLOW spr round 4 (radius: 5)
[04:56:49 -133783.574180] SLOW spr round 5 (radius: 5)
[04:57:42 -133773.966494] SLOW spr round 6 (radius: 5)
[04:58:35 -133773.035026] SLOW spr round 7 (radius: 5)
[04:59:26 -133773.034472] SLOW spr round 8 (radius: 10)
[05:00:22 -133771.550610] SLOW spr round 9 (radius: 5)
[05:01:24 -133762.820795] SLOW spr round 10 (radius: 5)
[05:02:20 -133760.387255] SLOW spr round 11 (radius: 5)
[05:03:14 -133759.365280] SLOW spr round 12 (radius: 5)
[05:04:05 -133759.364953] SLOW spr round 13 (radius: 10)
[05:05:00 -133758.279500] SLOW spr round 14 (radius: 5)
[05:06:04 -133751.880153] SLOW spr round 15 (radius: 5)
[05:06:59 -133750.729690] SLOW spr round 16 (radius: 5)
[05:07:50 -133750.729078] SLOW spr round 17 (radius: 10)
[05:08:46 -133745.386138] SLOW spr round 18 (radius: 5)
[05:09:47 -133739.166785] SLOW spr round 19 (radius: 5)
[05:10:41 -133738.237030] SLOW spr round 20 (radius: 5)
[05:11:32 -133738.235325] SLOW spr round 21 (radius: 10)
[05:12:28 -133737.350072] SLOW spr round 22 (radius: 5)
[05:13:27 -133734.347899] SLOW spr round 23 (radius: 5)
[05:14:20 -133734.219235] SLOW spr round 24 (radius: 5)
[05:15:09 -133734.218123] SLOW spr round 25 (radius: 10)
[05:16:04 -133734.218069] SLOW spr round 26 (radius: 15)
[05:17:43 -133731.806009] SLOW spr round 27 (radius: 5)
[05:18:45 -133724.726608] SLOW spr round 28 (radius: 5)
[05:19:41 -133717.490392] SLOW spr round 29 (radius: 5)
[05:20:31 -133717.489434] SLOW spr round 30 (radius: 10)
[05:21:26 -133717.489326] SLOW spr round 31 (radius: 15)
[05:23:03 -133717.489309] SLOW spr round 32 (radius: 20)
[05:25:09 -133717.489306] SLOW spr round 33 (radius: 25)
[05:27:39 -133717.489306] Model parameter optimization (eps = 0.100000)

[05:27:39] ML tree search #10, logLikelihood: -133717.476876


Optimized model parameters:

   Partition 0: noname
   Rate heterogeneity: GAMMA (4 cats, mean),  alpha: 1.842988 (ML),  weights&rates: (0.250000,0.273783) (0.250000,0.637206) (0.250000,1.065514) (0.250000,2.023497) 
   Base frequencies (model): 0.079066 0.055941 0.041977 0.053052 0.012937 0.040767 0.071586 0.057337 0.022355 0.062157 0.099081 0.064600 0.022951 0.042302 0.044040 0.061197 0.053287 0.012066 0.034155 0.069147 
   Substitution rates (model): 0.425093 0.276818 0.395144 2.489084 0.969894 1.038545 2.066040 0.358858 0.149830 0.395337 0.536518 1.124035 0.253701 1.177651 4.727182 2.139501 0.180717 0.218959 2.547870 0.751878 0.123954 0.534551 2.807908 0.363970 0.390192 2.426601 0.126991 0.301848 6.326067 0.484133 0.052722 0.332533 0.858151 0.578987 0.593607 0.314440 0.170887 5.076149 0.528768 1.695752 0.541712 1.437645 4.509238 0.191503 0.068427 2.145078 0.371004 0.089525 0.161787 4.008358 2.000679 0.045376 0.612025 0.083688 0.062556 0.523386 5.243870 0.844926 0.927114 0.010690 0.015076 0.282959 0.025548 0.017416 0.394456 1.240275 0.425860 0.029890 0.135107 0.037967 0.084808 0.003499 0.569265 0.640543 0.320627 0.594007 0.013266 0.893680 1.105251 0.075382 2.784478 1.143480 0.670128 1.165532 1.959291 4.128591 0.267959 4.813505 0.072854 0.582457 3.234294 1.672569 0.035855 0.624294 1.223828 1.080136 0.236199 0.257336 0.210332 0.348847 0.423881 0.044265 0.069673 1.807177 0.173735 0.018811 0.419409 0.611973 0.604545 0.077852 0.120037 0.245034 0.311484 0.008705 0.044261 0.296636 0.139538 0.089586 0.196961 1.739990 0.129836 0.268491 0.054679 0.076701 0.108882 0.366317 0.697264 0.442472 0.682139 0.508851 0.990012 0.584262 0.597054 5.306834 0.119013 4.145067 0.159069 4.273607 1.112727 0.078281 0.064105 1.033739 0.111660 0.232523 10.649107 0.137500 6.312358 2.592692 0.249060 0.182287 0.302936 0.619632 0.299648 1.702745 0.656604 0.023918 0.390322 0.748683 1.136863 0.049906 0.131932 0.185202 1.798853 0.099849 0.346960 2.020366 0.696175 0.481306 1.898718 0.094464 0.361819 0.165001 2.457121 7.803902 0.654683 1.338132 0.571468 0.095131 0.089613 0.296501 6.472279 0.248862 0.400547 0.098369 0.140825 0.245841 2.188158 3.151815 0.189510 0.249313 


Final LogLikelihood: -133685.601657

AIC score: 270011.203315 / AICc score: 3757451.203315 / BIC score: 274290.309375
Free parameters (model + branch lengths): 1320

WARNING: Number of free parameters (K=1320) is larger than alignment size (n=189).
         This might lead to overfitting and compromise tree inference results!


Best ML tree saved to: /geode2/home/u020/danschw/Carbonate/GitHub/sigma-spore-phage/phylo/data/align-trim-tree/tree/ml_search/rand-433.raxml.bestTree
All ML trees saved to: /geode2/home/u020/danschw/Carbonate/GitHub/sigma-spore-phage/phylo/data/align-trim-tree/tree/ml_search/rand-433.raxml.mlTrees
Optimized model saved to: /geode2/home/u020/danschw/Carbonate/GitHub/sigma-spore-phage/phylo/data/align-trim-tree/tree/ml_search/rand-433.raxml.bestModel

Execution log saved to: /geode2/home/u020/danschw/Carbonate/GitHub/sigma-spore-phage/phylo/data/align-trim-tree/tree/ml_search/rand-433.raxml.log

Analysis started: 08-Jan-2022 10:07:32 / finished: 08-Jan-2022 15:35:12

Elapsed time: 19659.722 seconds

