
RAxML-NG v. 0.9.0git released on 24.05.2019 by The Exelixis Lab.
Developed by: Alexey M. Kozlov and Alexandros Stamatakis.
Contributors: Diego Darriba, Tomas Flouri, Benoit Morel, Sarah Lutteropp, Ben Bettisworth.
Latest version: https://github.com/amkozlov/raxml-ng
Questions/problems/suggestions? Please visit: https://groups.google.com/forum/#!forum/raxml

RAxML-NG was called at 08-Jan-2022 10:07:32 as follows:

raxml-ng --msa /N/u/danschw/Carbonate/GitHub/sigma-spore-phage/phylo/data/align-trim-tree/check_msa/parse-msa.raxml.rba --model LG+G4 --prefix /N/u/danschw/Carbonate/GitHub/sigma-spore-phage/phylo/data/align-trim-tree/tree/ml_search/rand-453 --threads 4 --seed 453 --tree rand{10}

Analysis options:
  run mode: ML tree search
  start tree(s): random (10)
  random seed: 453
  tip-inner: OFF
  pattern compression: ON
  per-rate scalers: OFF
  site repeats: ON
  fast spr radius: AUTO
  spr subtree cutoff: 1.000000
  branch lengths: proportional (ML estimate, algorithm: NR-FAST)
  SIMD kernels: AVX2
  parallelization: PTHREADS (4 threads), thread pinning: OFF

WARNING: The model you specified on the command line (LG+G4) will be ignored 
         since the binary MSA file already contains a model definition.
         If you want to change the model, please re-run RAxML-NG 
         with the original PHYLIP/FASTA alignment and --redo option.

[00:00:00] Loading binary alignment from file: /N/u/danschw/Carbonate/GitHub/sigma-spore-phage/phylo/data/align-trim-tree/check_msa/parse-msa.raxml.rba
[00:00:00] Alignment comprises 661 taxa, 1 partitions and 189 patterns

Partition 0: noname
Model: LG+G4m
Alignment sites / patterns: 189 / 189
Gaps: 15.93 %
Invariant sites: 0.00 %


[00:00:00] Generating 10 random starting tree(s) with 661 taxa
[00:00:00] Data distribution: max. partitions/sites/weight per thread: 1 / 48 / 3840

Starting ML tree search with 10 distinct starting trees

[00:00:00 -292984.499638] Initial branch length optimization
[00:00:01 -246659.281686] Model parameter optimization (eps = 10.000000)
[00:00:02 -246611.131990] AUTODETECT spr round 1 (radius: 5)
[00:00:43 -204271.054192] AUTODETECT spr round 2 (radius: 10)
[00:01:27 -165501.948495] AUTODETECT spr round 3 (radius: 15)
[00:02:19 -151374.907515] AUTODETECT spr round 4 (radius: 20)
[00:03:18 -147723.221901] AUTODETECT spr round 5 (radius: 25)
[00:04:25 -144937.898003] SPR radius for FAST iterations: 25 (autodetect)
[00:04:25 -144937.898003] Model parameter optimization (eps = 3.000000)
[00:04:26 -144827.417382] FAST spr round 1 (radius: 25)
[00:05:38 -134551.680030] FAST spr round 2 (radius: 25)
[00:06:39 -133881.343978] FAST spr round 3 (radius: 25)
[00:07:29 -133825.408758] FAST spr round 4 (radius: 25)
[00:08:17 -133810.045228] FAST spr round 5 (radius: 25)
[00:08:59 -133807.759119] FAST spr round 6 (radius: 25)
[00:09:40 -133807.759111] Model parameter optimization (eps = 1.000000)
[00:09:41 -133807.525903] SLOW spr round 1 (radius: 5)
[00:10:38 -133782.451985] SLOW spr round 2 (radius: 5)
[00:11:33 -133768.187329] SLOW spr round 3 (radius: 5)
[00:12:27 -133765.797828] SLOW spr round 4 (radius: 5)
[00:13:19 -133761.553619] SLOW spr round 5 (radius: 5)
[00:14:13 -133759.595591] SLOW spr round 6 (radius: 5)
[00:15:03 -133759.296985] SLOW spr round 7 (radius: 5)
[00:15:54 -133759.296905] SLOW spr round 8 (radius: 10)
[00:16:51 -133752.735752] SLOW spr round 9 (radius: 5)
[00:17:52 -133744.452548] SLOW spr round 10 (radius: 5)
[00:18:47 -133741.323992] SLOW spr round 11 (radius: 5)
[00:19:40 -133741.323642] SLOW spr round 12 (radius: 10)
[00:20:37 -133740.149065] SLOW spr round 13 (radius: 5)
[00:21:39 -133730.809805] SLOW spr round 14 (radius: 5)
[00:22:33 -133730.808666] SLOW spr round 15 (radius: 10)
[00:23:34 -133730.512188] SLOW spr round 16 (radius: 5)
[00:24:35 -133729.329506] SLOW spr round 17 (radius: 5)
[00:25:31 -133728.277229] SLOW spr round 18 (radius: 5)
[00:26:23 -133728.276920] SLOW spr round 19 (radius: 10)
[00:27:20 -133728.276843] SLOW spr round 20 (radius: 15)
[00:28:56 -133728.276808] SLOW spr round 21 (radius: 20)
[00:30:53 -133728.276792] SLOW spr round 22 (radius: 25)
[00:33:14 -133728.276784] Model parameter optimization (eps = 0.100000)

[00:33:15] ML tree search #1, logLikelihood: -133727.986100

[00:33:15 -290994.587796] Initial branch length optimization
[00:33:16 -245595.292595] Model parameter optimization (eps = 10.000000)
[00:33:18 -245553.854760] AUTODETECT spr round 1 (radius: 5)
[00:33:57 -201752.885716] AUTODETECT spr round 2 (radius: 10)
[00:34:40 -164806.054539] AUTODETECT spr round 3 (radius: 15)
[00:35:32 -153567.259664] AUTODETECT spr round 4 (radius: 20)
[00:36:31 -144981.706708] AUTODETECT spr round 5 (radius: 25)
[00:37:40 -144095.768006] SPR radius for FAST iterations: 25 (autodetect)
[00:37:40 -144095.768006] Model parameter optimization (eps = 3.000000)
[00:37:42 -143981.627397] FAST spr round 1 (radius: 25)
[00:39:01 -134148.336558] FAST spr round 2 (radius: 25)
[00:40:00 -133825.792538] FAST spr round 3 (radius: 25)
[00:40:53 -133779.518476] FAST spr round 4 (radius: 25)
[00:41:38 -133767.682272] FAST spr round 5 (radius: 25)
[00:42:19 -133761.940506] FAST spr round 6 (radius: 25)
[00:42:59 -133761.939760] Model parameter optimization (eps = 1.000000)
[00:42:59 -133761.758444] SLOW spr round 1 (radius: 5)
[00:43:56 -133745.390820] SLOW spr round 2 (radius: 5)
[00:44:48 -133744.820509] SLOW spr round 3 (radius: 5)
[00:45:37 -133744.578454] SLOW spr round 4 (radius: 5)
[00:46:26 -133744.578302] SLOW spr round 5 (radius: 10)
[00:47:23 -133743.643967] SLOW spr round 6 (radius: 5)
[00:48:23 -133741.985622] SLOW spr round 7 (radius: 5)
[00:49:18 -133737.520808] SLOW spr round 8 (radius: 5)
[00:50:09 -133736.119037] SLOW spr round 9 (radius: 5)
[00:51:00 -133736.117999] SLOW spr round 10 (radius: 10)
[00:51:56 -133735.037863] SLOW spr round 11 (radius: 5)
[00:52:55 -133733.251075] SLOW spr round 12 (radius: 5)
[00:53:48 -133733.250787] SLOW spr round 13 (radius: 10)
[00:54:48 -133733.250785] SLOW spr round 14 (radius: 15)
[00:56:25 -133731.432050] SLOW spr round 15 (radius: 5)
[00:57:25 -133731.038982] SLOW spr round 16 (radius: 5)
[00:58:20 -133731.038895] SLOW spr round 17 (radius: 10)
[00:59:20 -133731.038883] SLOW spr round 18 (radius: 15)
[01:00:57 -133730.727072] SLOW spr round 19 (radius: 5)
[01:01:59 -133729.137892] SLOW spr round 20 (radius: 5)
[01:02:52 -133728.232264] SLOW spr round 21 (radius: 5)
[01:03:42 -133728.232149] SLOW spr round 22 (radius: 10)
[01:04:40 -133726.983497] SLOW spr round 23 (radius: 5)
[01:05:38 -133726.594364] SLOW spr round 24 (radius: 5)
[01:06:32 -133726.594331] SLOW spr round 25 (radius: 10)
[01:07:32 -133726.594329] SLOW spr round 26 (radius: 15)
[01:09:10 -133726.594327] SLOW spr round 27 (radius: 20)
[01:11:15 -133726.594326] SLOW spr round 28 (radius: 25)
[01:13:55 -133726.594325] Model parameter optimization (eps = 0.100000)

[01:13:56] ML tree search #2, logLikelihood: -133726.518757

[01:13:56 -292578.426160] Initial branch length optimization
[01:13:57 -246018.159098] Model parameter optimization (eps = 10.000000)
[01:13:58 -245978.795116] AUTODETECT spr round 1 (radius: 5)
[01:14:36 -203580.927287] AUTODETECT spr round 2 (radius: 10)
[01:15:19 -168077.580115] AUTODETECT spr round 3 (radius: 15)
[01:16:08 -151244.875826] AUTODETECT spr round 4 (radius: 20)
[01:17:00 -148617.773931] AUTODETECT spr round 5 (radius: 25)
[01:18:02 -147575.643824] SPR radius for FAST iterations: 25 (autodetect)
[01:18:02 -147575.643824] Model parameter optimization (eps = 3.000000)
[01:18:03 -147489.217431] FAST spr round 1 (radius: 25)
[01:19:19 -134372.189690] FAST spr round 2 (radius: 25)
[01:20:17 -133837.217974] FAST spr round 3 (radius: 25)
[01:21:08 -133746.544876] FAST spr round 4 (radius: 25)
[01:21:52 -133740.323406] FAST spr round 5 (radius: 25)
[01:22:31 -133739.682390] FAST spr round 6 (radius: 25)
[01:23:09 -133739.682162] Model parameter optimization (eps = 1.000000)
[01:23:10 -133739.679839] SLOW spr round 1 (radius: 5)
[01:24:05 -133716.972538] SLOW spr round 2 (radius: 5)
[01:24:58 -133714.211122] SLOW spr round 3 (radius: 5)
[01:25:50 -133713.919356] SLOW spr round 4 (radius: 5)
[01:26:40 -133713.918461] SLOW spr round 5 (radius: 10)
[01:27:36 -133711.140136] SLOW spr round 6 (radius: 5)
[01:28:37 -133709.537244] SLOW spr round 7 (radius: 5)
[01:29:35 -133709.535438] SLOW spr round 8 (radius: 10)
[01:30:34 -133708.952264] SLOW spr round 9 (radius: 5)
[01:31:35 -133708.952200] SLOW spr round 10 (radius: 10)
[01:32:39 -133708.731345] SLOW spr round 11 (radius: 5)
[01:33:40 -133702.116029] SLOW spr round 12 (radius: 5)
[01:34:37 -133701.089908] SLOW spr round 13 (radius: 5)
[01:35:32 -133692.749791] SLOW spr round 14 (radius: 5)
[01:36:24 -133692.748852] SLOW spr round 15 (radius: 10)
[01:37:21 -133692.748688] SLOW spr round 16 (radius: 15)
[01:39:09 -133692.748649] SLOW spr round 17 (radius: 20)
[01:41:15 -133692.748639] SLOW spr round 18 (radius: 25)
[01:43:50 -133692.748635] Model parameter optimization (eps = 0.100000)

[01:43:50] ML tree search #3, logLikelihood: -133692.719621

[01:43:50 -291442.835667] Initial branch length optimization
[01:43:52 -245280.542491] Model parameter optimization (eps = 10.000000)
[01:43:53 -245261.324286] AUTODETECT spr round 1 (radius: 5)
[01:44:31 -204120.829687] AUTODETECT spr round 2 (radius: 10)
[01:45:15 -168775.507316] AUTODETECT spr round 3 (radius: 15)
[01:46:04 -151116.471558] AUTODETECT spr round 4 (radius: 20)
[01:46:58 -145712.919796] AUTODETECT spr round 5 (radius: 25)
[01:47:58 -144857.793975] SPR radius for FAST iterations: 25 (autodetect)
[01:47:58 -144857.793975] Model parameter optimization (eps = 3.000000)
[01:47:59 -144753.196309] FAST spr round 1 (radius: 25)
[01:49:12 -134323.683632] FAST spr round 2 (radius: 25)
[01:50:10 -133860.348910] FAST spr round 3 (radius: 25)
[01:50:59 -133807.045961] FAST spr round 4 (radius: 25)
[01:51:43 -133800.796379] FAST spr round 5 (radius: 25)
[01:52:27 -133797.190232] FAST spr round 6 (radius: 25)
[01:53:05 -133797.190001] Model parameter optimization (eps = 1.000000)
[01:53:06 -133796.594689] SLOW spr round 1 (radius: 5)
[01:54:03 -133776.146340] SLOW spr round 2 (radius: 5)
[01:54:57 -133770.568780] SLOW spr round 3 (radius: 5)
[01:55:49 -133765.914318] SLOW spr round 4 (radius: 5)
[01:56:41 -133764.676144] SLOW spr round 5 (radius: 5)
[01:57:31 -133764.675627] SLOW spr round 6 (radius: 10)
[01:58:26 -133762.844548] SLOW spr round 7 (radius: 5)
[01:59:27 -133761.141292] SLOW spr round 8 (radius: 5)
[02:00:22 -133761.140283] SLOW spr round 9 (radius: 10)
[02:01:21 -133759.892847] SLOW spr round 10 (radius: 5)
[02:02:24 -133747.987779] SLOW spr round 11 (radius: 5)
[02:03:18 -133746.785020] SLOW spr round 12 (radius: 5)
[02:04:10 -133746.262648] SLOW spr round 13 (radius: 5)
[02:05:01 -133746.262528] SLOW spr round 14 (radius: 10)
[02:05:57 -133744.781861] SLOW spr round 15 (radius: 5)
[02:06:57 -133742.996206] SLOW spr round 16 (radius: 5)
[02:07:52 -133741.916989] SLOW spr round 17 (radius: 5)
[02:08:45 -133731.624404] SLOW spr round 18 (radius: 5)
[02:09:36 -133731.623918] SLOW spr round 19 (radius: 10)
[02:10:34 -133724.853810] SLOW spr round 20 (radius: 5)
[02:11:34 -133718.345315] SLOW spr round 21 (radius: 5)
[02:12:29 -133717.235253] SLOW spr round 22 (radius: 5)
[02:13:21 -133715.871806] SLOW spr round 23 (radius: 5)
[02:14:12 -133714.754934] SLOW spr round 24 (radius: 5)
[02:15:02 -133714.068997] SLOW spr round 25 (radius: 5)
[02:15:52 -133714.034098] SLOW spr round 26 (radius: 10)
[02:16:47 -133714.033984] SLOW spr round 27 (radius: 15)
[02:18:28 -133709.301935] SLOW spr round 28 (radius: 5)
[02:19:29 -133707.950945] SLOW spr round 29 (radius: 5)
[02:20:24 -133707.950831] SLOW spr round 30 (radius: 10)
[02:21:21 -133706.987183] SLOW spr round 31 (radius: 5)
[02:22:22 -133702.556361] SLOW spr round 32 (radius: 5)
[02:23:16 -133701.121238] SLOW spr round 33 (radius: 5)
[02:24:10 -133699.165128] SLOW spr round 34 (radius: 5)
[02:25:01 -133699.164502] SLOW spr round 35 (radius: 10)
[02:25:57 -133697.717211] SLOW spr round 36 (radius: 5)
[02:26:57 -133697.716766] SLOW spr round 37 (radius: 10)
[02:28:02 -133697.716754] SLOW spr round 38 (radius: 15)
[02:29:36 -133696.517127] SLOW spr round 39 (radius: 5)
[02:30:38 -133695.437840] SLOW spr round 40 (radius: 5)
[02:31:33 -133695.437766] SLOW spr round 41 (radius: 10)
[02:32:32 -133695.437761] SLOW spr round 42 (radius: 15)
[02:34:11 -133695.209442] SLOW spr round 43 (radius: 5)
[02:35:13 -133695.197823] SLOW spr round 44 (radius: 10)
[02:36:19 -133694.160392] SLOW spr round 45 (radius: 5)
[02:37:20 -133691.191896] SLOW spr round 46 (radius: 5)
[02:38:16 -133691.191091] SLOW spr round 47 (radius: 10)
[02:39:13 -133691.191078] SLOW spr round 48 (radius: 15)
[02:40:52 -133691.191076] SLOW spr round 49 (radius: 20)
[02:42:51 -133691.191075] SLOW spr round 50 (radius: 25)
[02:45:14 -133691.191074] Model parameter optimization (eps = 0.100000)

[02:45:14] ML tree search #4, logLikelihood: -133691.168083

[02:45:14 -290205.290582] Initial branch length optimization
[02:45:16 -243862.298084] Model parameter optimization (eps = 10.000000)
[02:45:17 -243799.759361] AUTODETECT spr round 1 (radius: 5)
[02:45:55 -203789.773187] AUTODETECT spr round 2 (radius: 10)
[02:46:40 -162960.338925] AUTODETECT spr round 3 (radius: 15)
[02:47:29 -145541.493003] AUTODETECT spr round 4 (radius: 20)
[02:48:24 -142439.341670] AUTODETECT spr round 5 (radius: 25)
[02:49:21 -141894.281146] SPR radius for FAST iterations: 25 (autodetect)
[02:49:21 -141894.281146] Model parameter optimization (eps = 3.000000)
[02:49:22 -141820.781917] FAST spr round 1 (radius: 25)
[02:50:35 -134161.178482] FAST spr round 2 (radius: 25)
[02:51:33 -133862.743835] FAST spr round 3 (radius: 25)
[02:52:22 -133792.319052] FAST spr round 4 (radius: 25)
[02:53:09 -133770.294475] FAST spr round 5 (radius: 25)
[02:53:52 -133752.230654] FAST spr round 6 (radius: 25)
[02:54:33 -133747.923711] FAST spr round 7 (radius: 25)
[02:55:13 -133744.163212] FAST spr round 8 (radius: 25)
[02:55:54 -133730.372092] FAST spr round 9 (radius: 25)
[02:56:35 -133724.950970] FAST spr round 10 (radius: 25)
[02:57:13 -133721.896455] FAST spr round 11 (radius: 25)
[02:57:50 -133721.895852] Model parameter optimization (eps = 1.000000)
[02:57:51 -133721.838710] SLOW spr round 1 (radius: 5)
[02:58:46 -133704.497549] SLOW spr round 2 (radius: 5)
[02:59:35 -133704.495929] SLOW spr round 3 (radius: 10)
[03:00:33 -133703.761707] SLOW spr round 4 (radius: 5)
[03:01:32 -133703.761517] SLOW spr round 5 (radius: 10)
[03:02:39 -133703.493039] SLOW spr round 6 (radius: 5)
[03:03:42 -133700.147060] SLOW spr round 7 (radius: 5)
[03:04:38 -133699.392486] SLOW spr round 8 (radius: 5)
[03:05:31 -133699.392464] SLOW spr round 9 (radius: 10)
[03:06:28 -133698.657330] SLOW spr round 10 (radius: 5)
[03:07:28 -133698.656631] SLOW spr round 11 (radius: 10)
[03:08:33 -133698.372120] SLOW spr round 12 (radius: 5)
[03:09:32 -133698.372046] SLOW spr round 13 (radius: 10)
[03:10:34 -133698.372036] SLOW spr round 14 (radius: 15)
[03:12:11 -133698.372034] SLOW spr round 15 (radius: 20)
[03:14:25 -133698.372033] SLOW spr round 16 (radius: 25)
[03:17:02 -133698.372033] Model parameter optimization (eps = 0.100000)

[03:17:02] ML tree search #5, logLikelihood: -133698.326567

[03:17:02 -292429.867708] Initial branch length optimization
[03:17:03 -246413.373797] Model parameter optimization (eps = 10.000000)
[03:17:05 -246288.398356] AUTODETECT spr round 1 (radius: 5)
[03:17:47 -204067.232402] AUTODETECT spr round 2 (radius: 10)
[03:18:37 -165845.426101] AUTODETECT spr round 3 (radius: 15)
[03:19:34 -149332.480422] AUTODETECT spr round 4 (radius: 20)
[03:20:36 -146857.416944] AUTODETECT spr round 5 (radius: 25)
[03:21:44 -146684.018026] SPR radius for FAST iterations: 25 (autodetect)
[03:21:44 -146684.018026] Model parameter optimization (eps = 3.000000)
[03:21:48 -146359.850098] FAST spr round 1 (radius: 25)
[03:23:08 -134157.459425] FAST spr round 2 (radius: 25)
[03:24:09 -133865.309014] FAST spr round 3 (radius: 25)
[03:25:04 -133823.458784] FAST spr round 4 (radius: 25)
[03:25:51 -133806.327699] FAST spr round 5 (radius: 25)
[03:26:38 -133796.093805] FAST spr round 6 (radius: 25)
[03:27:22 -133795.797799] FAST spr round 7 (radius: 25)
[03:28:04 -133795.797506] Model parameter optimization (eps = 1.000000)
[03:28:04 -133795.753410] SLOW spr round 1 (radius: 5)
[03:29:04 -133749.071794] SLOW spr round 2 (radius: 5)
[03:29:58 -133748.444466] SLOW spr round 3 (radius: 5)
[03:30:50 -133748.442018] SLOW spr round 4 (radius: 10)
[03:31:48 -133747.611432] SLOW spr round 5 (radius: 5)
[03:32:47 -133747.611102] SLOW spr round 6 (radius: 10)
[03:33:53 -133747.447692] SLOW spr round 7 (radius: 5)
[03:34:52 -133747.050897] SLOW spr round 8 (radius: 5)
[03:35:48 -133747.050616] SLOW spr round 9 (radius: 10)
[03:36:52 -133747.050600] SLOW spr round 10 (radius: 15)
[03:38:37 -133747.050597] SLOW spr round 11 (radius: 20)
[03:40:46 -133747.050596] SLOW spr round 12 (radius: 25)
[03:43:24 -133747.050596] Model parameter optimization (eps = 0.100000)

[03:43:25] ML tree search #6, logLikelihood: -133747.049311

[03:43:25 -290861.358847] Initial branch length optimization
[03:43:26 -245095.450985] Model parameter optimization (eps = 10.000000)
[03:43:27 -245064.374975] AUTODETECT spr round 1 (radius: 5)
[03:44:10 -207472.426578] AUTODETECT spr round 2 (radius: 10)
[03:44:57 -163304.566934] AUTODETECT spr round 3 (radius: 15)
[03:45:49 -148224.837202] AUTODETECT spr round 4 (radius: 20)
[03:46:49 -145241.849113] AUTODETECT spr round 5 (radius: 25)
[03:47:52 -144749.755055] SPR radius for FAST iterations: 25 (autodetect)
[03:47:52 -144749.755055] Model parameter optimization (eps = 3.000000)
[03:47:54 -144656.899872] FAST spr round 1 (radius: 25)
[03:49:12 -134341.845872] FAST spr round 2 (radius: 25)
[03:50:13 -133877.611243] FAST spr round 3 (radius: 25)
[03:51:07 -133786.161687] FAST spr round 4 (radius: 25)
[03:51:55 -133768.446774] FAST spr round 5 (radius: 25)
[03:52:40 -133763.410187] FAST spr round 6 (radius: 25)
[03:53:26 -133756.602273] FAST spr round 7 (radius: 25)
[03:54:08 -133756.440635] FAST spr round 8 (radius: 25)
[03:54:49 -133756.439833] Model parameter optimization (eps = 1.000000)
[03:54:50 -133754.998278] SLOW spr round 1 (radius: 5)
[03:55:49 -133721.802818] SLOW spr round 2 (radius: 5)
[03:56:46 -133716.258338] SLOW spr round 3 (radius: 5)
[03:57:40 -133716.258045] SLOW spr round 4 (radius: 10)
[03:58:39 -133714.501599] SLOW spr round 5 (radius: 5)
[03:59:44 -133712.731949] SLOW spr round 6 (radius: 5)
[04:00:40 -133712.731827] SLOW spr round 7 (radius: 10)
[04:01:41 -133712.731823] SLOW spr round 8 (radius: 15)
[04:03:22 -133711.426944] SLOW spr round 9 (radius: 5)
[04:04:27 -133710.118626] SLOW spr round 10 (radius: 5)
[04:05:24 -133710.117882] SLOW spr round 11 (radius: 10)
[04:06:25 -133710.117822] SLOW spr round 12 (radius: 15)
[04:08:07 -133710.117817] SLOW spr round 13 (radius: 20)
[04:10:14 -133710.117816] SLOW spr round 14 (radius: 25)
[04:12:46 -133710.117816] Model parameter optimization (eps = 0.100000)

[04:12:47] ML tree search #7, logLikelihood: -133709.662126

[04:12:47 -290977.702239] Initial branch length optimization
[04:12:49 -245103.628182] Model parameter optimization (eps = 10.000000)
[04:12:50 -245037.042102] AUTODETECT spr round 1 (radius: 5)
[04:13:29 -206300.095173] AUTODETECT spr round 2 (radius: 10)
[04:14:19 -169713.283742] AUTODETECT spr round 3 (radius: 15)
[04:15:16 -151685.136082] AUTODETECT spr round 4 (radius: 20)
[04:16:16 -145997.050549] AUTODETECT spr round 5 (radius: 25)
[04:17:18 -145284.920658] SPR radius for FAST iterations: 25 (autodetect)
[04:17:18 -145284.920658] Model parameter optimization (eps = 3.000000)
[04:17:26 -144943.627020] FAST spr round 1 (radius: 25)
[04:18:44 -134104.108472] FAST spr round 2 (radius: 25)
[04:19:45 -133852.043006] FAST spr round 3 (radius: 25)
[04:20:39 -133819.335074] FAST spr round 4 (radius: 25)
[04:21:27 -133813.302358] FAST spr round 5 (radius: 25)
[04:22:16 -133811.548727] FAST spr round 6 (radius: 25)
[04:23:01 -133811.548021] Model parameter optimization (eps = 1.000000)
[04:23:02 -133811.531332] SLOW spr round 1 (radius: 5)
[04:24:01 -133787.388119] SLOW spr round 2 (radius: 5)
[04:24:59 -133784.675836] SLOW spr round 3 (radius: 5)
[04:25:55 -133781.785536] SLOW spr round 4 (radius: 5)
[04:26:51 -133777.834373] SLOW spr round 5 (radius: 5)
[04:27:44 -133775.491680] SLOW spr round 6 (radius: 5)
[04:28:38 -133775.491571] SLOW spr round 7 (radius: 10)
[04:29:36 -133774.356241] SLOW spr round 8 (radius: 5)
[04:30:38 -133772.838969] SLOW spr round 9 (radius: 5)
[04:31:34 -133772.837292] SLOW spr round 10 (radius: 10)
[04:32:35 -133772.836105] SLOW spr round 11 (radius: 15)
[04:34:19 -133769.147883] SLOW spr round 12 (radius: 5)
[04:35:23 -133749.626283] SLOW spr round 13 (radius: 5)
[04:36:20 -133749.626175] SLOW spr round 14 (radius: 10)
[04:37:19 -133748.510976] SLOW spr round 15 (radius: 5)
[04:38:19 -133747.269152] SLOW spr round 16 (radius: 5)
[04:39:13 -133747.268367] SLOW spr round 17 (radius: 10)
[04:40:11 -133747.268209] SLOW spr round 18 (radius: 15)
[04:41:56 -133747.268170] SLOW spr round 19 (radius: 20)
[04:44:04 -133747.268159] SLOW spr round 20 (radius: 25)
[04:46:34 -133747.268156] Model parameter optimization (eps = 0.100000)

[04:46:35] ML tree search #8, logLikelihood: -133747.249926

[04:46:35 -292399.301352] Initial branch length optimization
[04:46:36 -246520.133187] Model parameter optimization (eps = 10.000000)
[04:46:38 -246481.168411] AUTODETECT spr round 1 (radius: 5)
[04:47:21 -204767.647035] AUTODETECT spr round 2 (radius: 10)
[04:48:09 -165221.283578] AUTODETECT spr round 3 (radius: 15)
[04:49:11 -148608.310992] AUTODETECT spr round 4 (radius: 20)
[04:50:31 -143889.284769] AUTODETECT spr round 5 (radius: 25)
[04:51:38 -143159.071204] SPR radius for FAST iterations: 25 (autodetect)
[04:51:38 -143159.071204] Model parameter optimization (eps = 3.000000)
[04:51:42 -142870.737625] FAST spr round 1 (radius: 25)
[04:52:58 -134203.905125] FAST spr round 2 (radius: 25)
[04:53:58 -133866.719271] FAST spr round 3 (radius: 25)
[04:54:51 -133834.817763] FAST spr round 4 (radius: 25)
[04:55:40 -133817.343671] FAST spr round 5 (radius: 25)
[04:56:25 -133810.144141] FAST spr round 6 (radius: 25)
[04:57:08 -133806.896104] FAST spr round 7 (radius: 25)
[04:57:49 -133806.893370] Model parameter optimization (eps = 1.000000)
[04:57:50 -133806.847881] SLOW spr round 1 (radius: 5)
[04:58:48 -133795.267763] SLOW spr round 2 (radius: 5)
[04:59:44 -133789.147691] SLOW spr round 3 (radius: 5)
[05:00:40 -133783.079081] SLOW spr round 4 (radius: 5)
[05:01:34 -133782.868276] SLOW spr round 5 (radius: 5)
[05:02:24 -133782.868083] SLOW spr round 6 (radius: 10)
[05:03:21 -133781.821088] SLOW spr round 7 (radius: 5)
[05:04:23 -133780.055571] SLOW spr round 8 (radius: 5)
[05:05:20 -133780.055198] SLOW spr round 9 (radius: 10)
[05:06:21 -133779.117791] SLOW spr round 10 (radius: 5)
[05:07:23 -133777.188248] SLOW spr round 11 (radius: 5)
[05:08:20 -133776.360127] SLOW spr round 12 (radius: 5)
[05:09:14 -133776.359879] SLOW spr round 13 (radius: 10)
[05:10:14 -133775.706742] SLOW spr round 14 (radius: 5)
[05:11:17 -133772.567893] SLOW spr round 15 (radius: 5)
[05:12:13 -133769.300458] SLOW spr round 16 (radius: 5)
[05:13:08 -133766.889657] SLOW spr round 17 (radius: 5)
[05:14:00 -133765.519956] SLOW spr round 18 (radius: 5)
[05:14:51 -133765.519449] SLOW spr round 19 (radius: 10)
[05:15:50 -133748.560910] SLOW spr round 20 (radius: 5)
[05:16:52 -133733.652267] SLOW spr round 21 (radius: 5)
[05:17:49 -133723.800763] SLOW spr round 22 (radius: 5)
[05:18:42 -133723.785847] SLOW spr round 23 (radius: 10)
[05:19:38 -133723.785821] SLOW spr round 24 (radius: 15)
[05:21:17 -133723.785821] SLOW spr round 25 (radius: 20)
[05:23:16 -133721.916272] SLOW spr round 26 (radius: 5)
[05:24:17 -133721.915824] SLOW spr round 27 (radius: 10)
[05:25:25 -133721.788602] SLOW spr round 28 (radius: 5)
[05:26:24 -133721.175991] SLOW spr round 29 (radius: 5)
[05:27:17 -133720.269375] SLOW spr round 30 (radius: 5)
[05:28:09 -133720.269071] SLOW spr round 31 (radius: 10)
[05:29:04 -133720.269044] SLOW spr round 32 (radius: 15)
[05:30:43 -133720.269039] SLOW spr round 33 (radius: 20)
[05:32:42 -133720.269038] SLOW spr round 34 (radius: 25)
[05:35:02 -133720.269038] Model parameter optimization (eps = 0.100000)

[05:35:02] ML tree search #9, logLikelihood: -133720.265248

[05:35:02 -291432.596981] Initial branch length optimization
[05:35:04 -245427.030568] Model parameter optimization (eps = 10.000000)
[05:35:05 -245345.230234] AUTODETECT spr round 1 (radius: 5)
[05:35:44 -204926.568292] AUTODETECT spr round 2 (radius: 10)
[05:36:29 -161915.466706] AUTODETECT spr round 3 (radius: 15)
[05:37:17 -150648.730604] AUTODETECT spr round 4 (radius: 20)
[05:38:12 -146991.840712] AUTODETECT spr round 5 (radius: 25)
[05:39:14 -145105.112194] SPR radius for FAST iterations: 25 (autodetect)
[05:39:14 -145105.112194] Model parameter optimization (eps = 3.000000)
[05:39:16 -145029.152080] FAST spr round 1 (radius: 25)
[05:40:30 -134258.016498] FAST spr round 2 (radius: 25)
[05:41:27 -133849.138525] FAST spr round 3 (radius: 25)
[05:42:16 -133791.925251] FAST spr round 4 (radius: 25)
[05:42:57 -133789.904208] FAST spr round 5 (radius: 25)
[05:43:36 -133788.005859] FAST spr round 6 (radius: 25)
[05:44:14 -133788.003978] Model parameter optimization (eps = 1.000000)
[05:44:14 -133787.604509] SLOW spr round 1 (radius: 5)
[05:45:10 -133750.774177] SLOW spr round 2 (radius: 5)
[05:46:05 -133738.763176] SLOW spr round 3 (radius: 5)
[05:46:54 -133735.982590] SLOW spr round 4 (radius: 5)
[05:47:43 -133735.982477] SLOW spr round 5 (radius: 10)
[05:48:37 -133735.124940] SLOW spr round 6 (radius: 5)
[05:49:37 -133729.630481] SLOW spr round 7 (radius: 5)
[05:50:30 -133729.630074] SLOW spr round 8 (radius: 10)
[05:51:28 -133728.407798] SLOW spr round 9 (radius: 5)
[05:52:26 -133727.682849] SLOW spr round 10 (radius: 5)
[05:53:19 -133727.682759] SLOW spr round 11 (radius: 10)
[05:54:16 -133727.682757] SLOW spr round 12 (radius: 15)
[05:55:51 -133727.194132] SLOW spr round 13 (radius: 5)
[05:56:52 -133724.773391] SLOW spr round 14 (radius: 5)
[05:57:46 -133724.773306] SLOW spr round 15 (radius: 10)
[05:58:45 -133721.342921] SLOW spr round 16 (radius: 5)

RAxML-NG v. 0.9.0git released on 24.05.2019 by The Exelixis Lab.
Developed by: Alexey M. Kozlov and Alexandros Stamatakis.
Contributors: Diego Darriba, Tomas Flouri, Benoit Morel, Sarah Lutteropp, Ben Bettisworth.
Latest version: https://github.com/amkozlov/raxml-ng
Questions/problems/suggestions? Please visit: https://groups.google.com/forum/#!forum/raxml

RAxML-NG was called at 08-Jan-2022 17:04:22 as follows:

raxml-ng --msa /N/u/danschw/Carbonate/GitHub/sigma-spore-phage/phylo/data/align-trim-tree/check_msa/parse-msa.raxml.rba --model LG+G4 --prefix /N/u/danschw/Carbonate/GitHub/sigma-spore-phage/phylo/data/align-trim-tree/tree/ml_search/rand-453 --threads 4 --seed 453 --tree rand{10}

Analysis options:
  run mode: ML tree search
  start tree(s): random (10)
  random seed: 453
  tip-inner: OFF
  pattern compression: ON
  per-rate scalers: OFF
  site repeats: ON
  fast spr radius: AUTO
  spr subtree cutoff: 1.000000
  branch lengths: proportional (ML estimate, algorithm: NR-FAST)
  SIMD kernels: AVX2
  parallelization: PTHREADS (4 threads), thread pinning: OFF

WARNING: The model you specified on the command line (LG+G4) will be ignored 
         since the binary MSA file already contains a model definition.
         If you want to change the model, please re-run RAxML-NG 
         with the original PHYLIP/FASTA alignment and --redo option.

[00:00:00] Loading binary alignment from file: /N/u/danschw/Carbonate/GitHub/sigma-spore-phage/phylo/data/align-trim-tree/check_msa/parse-msa.raxml.rba
[00:00:00] Alignment comprises 661 taxa, 1 partitions and 189 patterns

Partition 0: noname
Model: LG+G4m
Alignment sites / patterns: 189 / 189
Gaps: 15.93 %
Invariant sites: 0.00 %


[00:00:00] NOTE: Resuming execution from checkpoint (logLH: -133721.34, ML trees: 9, bootstraps: 0)
[00:00:00] Data distribution: max. partitions/sites/weight per thread: 1 / 48 / 3840

Starting ML tree search with 10 distinct starting trees

[00:00:00 -133721.342921] SPR radius for FAST iterations: 25 (autodetect)
[00:00:00 -133721.342921] SLOW spr round 16 (radius: 5)
[00:01:09 -133721.340104] SLOW spr round 17 (radius: 10)
[00:02:16 -133721.340053] SLOW spr round 18 (radius: 15)
[00:03:53 -133721.340050] SLOW spr round 19 (radius: 20)
[00:06:05 -133721.340050] SLOW spr round 20 (radius: 25)
[00:08:44 -133721.340050] Model parameter optimization (eps = 0.100000)

[00:08:45] ML tree search #10, logLikelihood: -133720.534393


Optimized model parameters:

   Partition 0: noname
   Rate heterogeneity: GAMMA (4 cats, mean),  alpha: 1.736319 (ML),  weights&rates: (0.250000,0.259631) (0.250000,0.623686) (0.250000,1.061737) (0.250000,2.054946) 
   Base frequencies (model): 0.079066 0.055941 0.041977 0.053052 0.012937 0.040767 0.071586 0.057337 0.022355 0.062157 0.099081 0.064600 0.022951 0.042302 0.044040 0.061197 0.053287 0.012066 0.034155 0.069147 
   Substitution rates (model): 0.425093 0.276818 0.395144 2.489084 0.969894 1.038545 2.066040 0.358858 0.149830 0.395337 0.536518 1.124035 0.253701 1.177651 4.727182 2.139501 0.180717 0.218959 2.547870 0.751878 0.123954 0.534551 2.807908 0.363970 0.390192 2.426601 0.126991 0.301848 6.326067 0.484133 0.052722 0.332533 0.858151 0.578987 0.593607 0.314440 0.170887 5.076149 0.528768 1.695752 0.541712 1.437645 4.509238 0.191503 0.068427 2.145078 0.371004 0.089525 0.161787 4.008358 2.000679 0.045376 0.612025 0.083688 0.062556 0.523386 5.243870 0.844926 0.927114 0.010690 0.015076 0.282959 0.025548 0.017416 0.394456 1.240275 0.425860 0.029890 0.135107 0.037967 0.084808 0.003499 0.569265 0.640543 0.320627 0.594007 0.013266 0.893680 1.105251 0.075382 2.784478 1.143480 0.670128 1.165532 1.959291 4.128591 0.267959 4.813505 0.072854 0.582457 3.234294 1.672569 0.035855 0.624294 1.223828 1.080136 0.236199 0.257336 0.210332 0.348847 0.423881 0.044265 0.069673 1.807177 0.173735 0.018811 0.419409 0.611973 0.604545 0.077852 0.120037 0.245034 0.311484 0.008705 0.044261 0.296636 0.139538 0.089586 0.196961 1.739990 0.129836 0.268491 0.054679 0.076701 0.108882 0.366317 0.697264 0.442472 0.682139 0.508851 0.990012 0.584262 0.597054 5.306834 0.119013 4.145067 0.159069 4.273607 1.112727 0.078281 0.064105 1.033739 0.111660 0.232523 10.649107 0.137500 6.312358 2.592692 0.249060 0.182287 0.302936 0.619632 0.299648 1.702745 0.656604 0.023918 0.390322 0.748683 1.136863 0.049906 0.131932 0.185202 1.798853 0.099849 0.346960 2.020366 0.696175 0.481306 1.898718 0.094464 0.361819 0.165001 2.457121 7.803902 0.654683 1.338132 0.571468 0.095131 0.089613 0.296501 6.472279 0.248862 0.400547 0.098369 0.140825 0.245841 2.188158 3.151815 0.189510 0.249313 


Final LogLikelihood: -133691.168083

AIC score: 270022.336166 / AICc score: 3757462.336166 / BIC score: 274301.442226
Free parameters (model + branch lengths): 1320

WARNING: Number of free parameters (K=1320) is larger than alignment size (n=189).
         This might lead to overfitting and compromise tree inference results!


Best ML tree saved to: /geode2/home/u020/danschw/Carbonate/GitHub/sigma-spore-phage/phylo/data/align-trim-tree/tree/ml_search/rand-453.raxml.bestTree
All ML trees saved to: /geode2/home/u020/danschw/Carbonate/GitHub/sigma-spore-phage/phylo/data/align-trim-tree/tree/ml_search/rand-453.raxml.mlTrees
Optimized model saved to: /geode2/home/u020/danschw/Carbonate/GitHub/sigma-spore-phage/phylo/data/align-trim-tree/tree/ml_search/rand-453.raxml.bestModel

Execution log saved to: /geode2/home/u020/danschw/Carbonate/GitHub/sigma-spore-phage/phylo/data/align-trim-tree/tree/ml_search/rand-453.raxml.log

Analysis started: 08-Jan-2022 17:04:22 / finished: 08-Jan-2022 17:13:07

Elapsed time: 525.275 seconds (this run) / 22050.275 seconds (total with restarts)

