
RAxML-NG v. 0.9.0git released on 24.05.2019 by The Exelixis Lab.
Developed by: Alexey M. Kozlov and Alexandros Stamatakis.
Contributors: Diego Darriba, Tomas Flouri, Benoit Morel, Sarah Lutteropp, Ben Bettisworth.
Latest version: https://github.com/amkozlov/raxml-ng
Questions/problems/suggestions? Please visit: https://groups.google.com/forum/#!forum/raxml

RAxML-NG was called at 08-Jan-2022 10:07:32 as follows:

raxml-ng --msa /N/u/danschw/Carbonate/GitHub/sigma-spore-phage/phylo/data/align-trim-tree/check_msa/parse-msa.raxml.rba --model LG+G4 --prefix /N/u/danschw/Carbonate/GitHub/sigma-spore-phage/phylo/data/align-trim-tree/tree/ml_search/rand-391 --threads 4 --seed 391 --tree pars{10}

Analysis options:
  run mode: ML tree search
  start tree(s): parsimony (10)
  random seed: 391
  tip-inner: OFF
  pattern compression: ON
  per-rate scalers: OFF
  site repeats: ON
  fast spr radius: AUTO
  spr subtree cutoff: 1.000000
  branch lengths: proportional (ML estimate, algorithm: NR-FAST)
  SIMD kernels: AVX2
  parallelization: PTHREADS (4 threads), thread pinning: OFF

WARNING: The model you specified on the command line (LG+G4) will be ignored 
         since the binary MSA file already contains a model definition.
         If you want to change the model, please re-run RAxML-NG 
         with the original PHYLIP/FASTA alignment and --redo option.

[00:00:00] Loading binary alignment from file: /N/u/danschw/Carbonate/GitHub/sigma-spore-phage/phylo/data/align-trim-tree/check_msa/parse-msa.raxml.rba
[00:00:00] Alignment comprises 661 taxa, 1 partitions and 189 patterns

Partition 0: noname
Model: LG+G4m
Alignment sites / patterns: 189 / 189
Gaps: 15.93 %
Invariant sites: 0.00 %


[00:00:00] Generating 10 parsimony starting tree(s) with 661 taxa
[00:00:08] Data distribution: max. partitions/sites/weight per thread: 1 / 48 / 3840

Starting ML tree search with 10 distinct starting trees

[00:00:08 -155100.737957] Initial branch length optimization
[00:00:25 -136053.601825] Model parameter optimization (eps = 10.000000)
[00:00:32 -135932.723167] AUTODETECT spr round 1 (radius: 5)
[00:01:32 -134519.812239] AUTODETECT spr round 2 (radius: 10)
[00:03:02 -134234.343609] AUTODETECT spr round 3 (radius: 15)
[00:05:15 -134098.167693] AUTODETECT spr round 4 (radius: 20)
[00:07:22 -134089.974681] AUTODETECT spr round 5 (radius: 25)
[00:09:59 -134089.967468] SPR radius for FAST iterations: 20 (autodetect)
[00:09:59 -134089.967468] Model parameter optimization (eps = 3.000000)
[00:10:00 -134089.929410] FAST spr round 1 (radius: 20)
[00:12:54 -133814.581642] FAST spr round 2 (radius: 20)
[00:16:08 -133783.179537] FAST spr round 3 (radius: 20)
[00:17:12 -133777.628871] FAST spr round 4 (radius: 20)
[00:18:42 -133774.962302] FAST spr round 5 (radius: 20)
[00:20:47 -133772.182450] FAST spr round 6 (radius: 20)
[00:22:26 -133772.180785] Model parameter optimization (eps = 1.000000)
[00:22:27 -133772.154314] SLOW spr round 1 (radius: 5)
[00:23:33 -133744.310739] SLOW spr round 2 (radius: 5)
[00:25:09 -133738.210276] SLOW spr round 3 (radius: 5)
[00:26:52 -133733.004521] SLOW spr round 4 (radius: 5)
[00:29:19 -133733.004259] SLOW spr round 5 (radius: 10)
[00:33:02 -133730.286279] SLOW spr round 6 (radius: 5)
[00:34:47 -133729.049097] SLOW spr round 7 (radius: 5)
[00:38:06 -133728.927537] SLOW spr round 8 (radius: 5)
[00:39:30 -133728.926987] SLOW spr round 9 (radius: 10)
[00:42:13 -133728.926982] SLOW spr round 10 (radius: 15)
[00:49:10 -133728.926981] SLOW spr round 11 (radius: 20)
[00:55:03 -133728.926981] SLOW spr round 12 (radius: 25)
[01:00:22 -133728.926981] Model parameter optimization (eps = 0.100000)

[01:00:22] ML tree search #1, logLikelihood: -133728.893402

[01:00:22 -154863.174808] Initial branch length optimization
[01:00:23 -136009.490326] Model parameter optimization (eps = 10.000000)
[01:00:24 -135887.498111] AUTODETECT spr round 1 (radius: 5)
[01:01:54 -134467.647495] AUTODETECT spr round 2 (radius: 10)
[01:04:06 -134119.470625] AUTODETECT spr round 3 (radius: 15)
[01:06:15 -134035.442241] AUTODETECT spr round 4 (radius: 20)
[01:09:00 -134029.839752] AUTODETECT spr round 5 (radius: 25)
[01:11:59 -134029.835180] SPR radius for FAST iterations: 20 (autodetect)
[01:11:59 -134029.835180] Model parameter optimization (eps = 3.000000)
[01:11:59 -134029.833041] FAST spr round 1 (radius: 20)
[01:14:44 -133846.455673] FAST spr round 2 (radius: 20)
[01:17:38 -133820.198870] FAST spr round 3 (radius: 20)
[01:19:23 -133806.974661] FAST spr round 4 (radius: 20)
[01:21:19 -133804.295678] FAST spr round 5 (radius: 20)
[01:23:15 -133803.592502] FAST spr round 6 (radius: 20)
[01:23:57 -133803.592269] Model parameter optimization (eps = 1.000000)
[01:23:57 -133803.592238] SLOW spr round 1 (radius: 5)
[01:25:36 -133771.147934] SLOW spr round 2 (radius: 5)
[01:27:17 -133762.620726] SLOW spr round 3 (radius: 5)
[01:29:42 -133762.427012] SLOW spr round 4 (radius: 5)
[01:31:40 -133762.426570] SLOW spr round 5 (radius: 10)
[01:35:07 -133754.148312] SLOW spr round 6 (radius: 5)
[01:37:42 -133743.984023] SLOW spr round 7 (radius: 5)
[02:28:36 -133743.490843] SLOW spr round 8 (radius: 5)
[02:29:27 -133743.490587] SLOW spr round 9 (radius: 10)
[02:30:22 -133741.553322] SLOW spr round 10 (radius: 5)
[02:31:21 -133739.941206] SLOW spr round 11 (radius: 5)
[02:51:09 -133739.940040] SLOW spr round 12 (radius: 10)
[03:00:22 -133739.627522] SLOW spr round 13 (radius: 5)
[03:42:17 -133738.834968] SLOW spr round 14 (radius: 5)
[04:21:10 -133738.834745] SLOW spr round 15 (radius: 10)
[05:45:12 -133737.445867] SLOW spr round 16 (radius: 5)
[05:46:08 -133736.019795] SLOW spr round 17 (radius: 5)
[05:47:00 -133735.463371] SLOW spr round 18 (radius: 5)
[05:47:50 -133733.326989] SLOW spr round 19 (radius: 5)
[05:48:39 -133733.326596] SLOW spr round 20 (radius: 10)
[05:49:33 -133733.326589] SLOW spr round 21 (radius: 15)
[05:51:09 -133733.326586] SLOW spr round 22 (radius: 20)
[05:53:02 -133733.326582] SLOW spr round 23 (radius: 25)
[05:55:16 -133733.326579] Model parameter optimization (eps = 0.100000)

[05:55:17] ML tree search #2, logLikelihood: -133733.159506

[05:55:17 -154927.490627] Initial branch length optimization
[05:55:18 -135953.059727] Model parameter optimization (eps = 10.000000)
[05:55:19 -135851.197061] AUTODETECT spr round 1 (radius: 5)
[05:55:51 -134348.145014] AUTODETECT spr round 2 (radius: 10)
[05:56:33 -134127.378333] AUTODETECT spr round 3 (radius: 15)
[05:57:25 -134030.048529] AUTODETECT spr round 4 (radius: 20)
[05:58:26 -134030.042915] SPR radius for FAST iterations: 15 (autodetect)
[05:58:26 -134030.042915] Model parameter optimization (eps = 3.000000)
[05:58:26 -134028.263648] FAST spr round 1 (radius: 15)
[05:59:21 -133811.763178] FAST spr round 2 (radius: 15)

RAxML-NG v. 0.9.0git released on 24.05.2019 by The Exelixis Lab.
Developed by: Alexey M. Kozlov and Alexandros Stamatakis.
Contributors: Diego Darriba, Tomas Flouri, Benoit Morel, Sarah Lutteropp, Ben Bettisworth.
Latest version: https://github.com/amkozlov/raxml-ng
Questions/problems/suggestions? Please visit: https://groups.google.com/forum/#!forum/raxml

RAxML-NG was called at 08-Jan-2022 17:04:22 as follows:

raxml-ng --msa /N/u/danschw/Carbonate/GitHub/sigma-spore-phage/phylo/data/align-trim-tree/check_msa/parse-msa.raxml.rba --model LG+G4 --prefix /N/u/danschw/Carbonate/GitHub/sigma-spore-phage/phylo/data/align-trim-tree/tree/ml_search/rand-391 --threads 4 --seed 391 --tree pars{10}

Analysis options:
  run mode: ML tree search
  start tree(s): parsimony (10)
  random seed: 391
  tip-inner: OFF
  pattern compression: ON
  per-rate scalers: OFF
  site repeats: ON
  fast spr radius: AUTO
  spr subtree cutoff: 1.000000
  branch lengths: proportional (ML estimate, algorithm: NR-FAST)
  SIMD kernels: AVX2
  parallelization: PTHREADS (4 threads), thread pinning: OFF

WARNING: The model you specified on the command line (LG+G4) will be ignored 
         since the binary MSA file already contains a model definition.
         If you want to change the model, please re-run RAxML-NG 
         with the original PHYLIP/FASTA alignment and --redo option.

[00:00:00] Loading binary alignment from file: /N/u/danschw/Carbonate/GitHub/sigma-spore-phage/phylo/data/align-trim-tree/check_msa/parse-msa.raxml.rba
[00:00:00] Alignment comprises 661 taxa, 1 partitions and 189 patterns

Partition 0: noname
Model: LG+G4m
Alignment sites / patterns: 189 / 189
Gaps: 15.93 %
Invariant sites: 0.00 %


[00:00:00] NOTE: Resuming execution from checkpoint (logLH: -133811.76, ML trees: 2, bootstraps: 0)
[00:00:00] Data distribution: max. partitions/sites/weight per thread: 1 / 48 / 3840

Starting ML tree search with 10 distinct starting trees

[00:00:00 -133811.763178] SPR radius for FAST iterations: 15 (autodetect)
[00:00:00 -133811.763178] FAST spr round 2 (radius: 15)
[00:00:58 -133773.449759] FAST spr round 3 (radius: 15)
[00:01:40 -133773.119515] FAST spr round 4 (radius: 15)
[00:02:18 -133773.119118] Model parameter optimization (eps = 1.000000)
[00:02:19 -133773.091946] SLOW spr round 1 (radius: 5)
[00:03:16 -133726.763249] SLOW spr round 2 (radius: 5)
[00:04:10 -133716.398350] SLOW spr round 3 (radius: 5)
[00:05:03 -133712.929151] SLOW spr round 4 (radius: 5)
[00:05:53 -133711.081605] SLOW spr round 5 (radius: 5)
[00:06:42 -133711.081145] SLOW spr round 6 (radius: 10)
[00:07:37 -133703.289423] SLOW spr round 7 (radius: 5)
[00:08:36 -133702.458969] SLOW spr round 8 (radius: 5)
[00:09:28 -133702.458452] SLOW spr round 9 (radius: 10)
[00:10:25 -133702.458117] SLOW spr round 10 (radius: 15)
[00:12:02 -133699.910374] SLOW spr round 11 (radius: 5)
[00:13:01 -133698.769954] SLOW spr round 12 (radius: 5)
[00:13:54 -133698.077164] SLOW spr round 13 (radius: 5)
[00:14:45 -133696.429270] SLOW spr round 14 (radius: 5)
[00:15:34 -133696.428991] SLOW spr round 15 (radius: 10)
[00:16:29 -133696.214563] SLOW spr round 16 (radius: 5)
[00:17:27 -133696.214415] SLOW spr round 17 (radius: 10)
[00:18:30 -133696.214414] SLOW spr round 18 (radius: 15)
[00:20:06 -133696.214413] SLOW spr round 19 (radius: 20)
[00:22:17 -133696.214413] SLOW spr round 20 (radius: 25)
[00:24:46 -133696.214413] Model parameter optimization (eps = 0.100000)

[00:24:47] ML tree search #3, logLikelihood: -133696.165622

[00:24:47 -154980.315755] Initial branch length optimization
[00:24:47 -136051.501710] Model parameter optimization (eps = 10.000000)
[00:24:49 -135927.214171] AUTODETECT spr round 1 (radius: 5)
[00:25:21 -134479.276460] AUTODETECT spr round 2 (radius: 10)
[00:26:02 -134147.442268] AUTODETECT spr round 3 (radius: 15)
[00:26:54 -134123.033434] AUTODETECT spr round 4 (radius: 20)
[00:27:54 -134111.735647] AUTODETECT spr round 5 (radius: 25)
[00:29:03 -134111.719892] SPR radius for FAST iterations: 20 (autodetect)
[00:29:03 -134111.719892] Model parameter optimization (eps = 3.000000)
[00:29:04 -134109.845770] FAST spr round 1 (radius: 20)
[00:30:07 -133845.673511] FAST spr round 2 (radius: 20)
[00:31:02 -133799.359680] FAST spr round 3 (radius: 20)
[00:31:45 -133794.324223] FAST spr round 4 (radius: 20)
[00:32:25 -133794.323785] Model parameter optimization (eps = 1.000000)
[00:32:25 -133794.299155] SLOW spr round 1 (radius: 5)
[00:33:22 -133759.539257] SLOW spr round 2 (radius: 5)
[00:34:16 -133752.396950] SLOW spr round 3 (radius: 5)
[00:35:05 -133752.396929] SLOW spr round 4 (radius: 10)
[00:36:00 -133744.278103] SLOW spr round 5 (radius: 5)
[00:37:01 -133737.379621] SLOW spr round 6 (radius: 5)
[00:37:55 -133733.779039] SLOW spr round 7 (radius: 5)
[00:38:47 -133733.004699] SLOW spr round 8 (radius: 5)
[00:39:37 -133728.904254] SLOW spr round 9 (radius: 5)
[00:40:27 -133728.699645] SLOW spr round 10 (radius: 5)
[00:41:15 -133728.699529] SLOW spr round 11 (radius: 10)
[00:42:08 -133726.253666] SLOW spr round 12 (radius: 5)
[00:43:07 -133725.695071] SLOW spr round 13 (radius: 5)
[00:43:59 -133725.694982] SLOW spr round 14 (radius: 10)
[00:44:56 -133721.166427] SLOW spr round 15 (radius: 5)
[00:45:57 -133703.735585] SLOW spr round 16 (radius: 5)
[00:46:51 -133699.498556] SLOW spr round 17 (radius: 5)
[00:47:42 -133699.292478] SLOW spr round 18 (radius: 5)
[00:48:32 -133699.292412] SLOW spr round 19 (radius: 10)
[00:49:27 -133699.292411] SLOW spr round 20 (radius: 15)
[00:51:09 -133699.292411] SLOW spr round 21 (radius: 20)
[00:53:12 -133699.292411] SLOW spr round 22 (radius: 25)
[00:55:44 -133699.292411] Model parameter optimization (eps = 0.100000)

[00:55:45] ML tree search #4, logLikelihood: -133699.250091

[00:55:45 -154809.149431] Initial branch length optimization
[00:55:45 -135978.170623] Model parameter optimization (eps = 10.000000)
[00:55:47 -135872.084827] AUTODETECT spr round 1 (radius: 5)
[00:56:20 -134367.767676] AUTODETECT spr round 2 (radius: 10)
[00:57:02 -134163.622988] AUTODETECT spr round 3 (radius: 15)
[00:57:56 -134082.405471] AUTODETECT spr round 4 (radius: 20)
[00:58:59 -134078.499860] AUTODETECT spr round 5 (radius: 25)

RAxML-NG v. 0.9.0git released on 24.05.2019 by The Exelixis Lab.
Developed by: Alexey M. Kozlov and Alexandros Stamatakis.
Contributors: Diego Darriba, Tomas Flouri, Benoit Morel, Sarah Lutteropp, Ben Bettisworth.
Latest version: https://github.com/amkozlov/raxml-ng
Questions/problems/suggestions? Please visit: https://groups.google.com/forum/#!forum/raxml

RAxML-NG was called at 08-Jan-2022 18:20:31 as follows:

raxml-ng --msa /N/u/danschw/Carbonate/GitHub/sigma-spore-phage/phylo/data/align-trim-tree/check_msa/parse-msa.raxml.rba --model LG+G4 --prefix /N/u/danschw/Carbonate/GitHub/sigma-spore-phage/phylo/data/align-trim-tree/tree/ml_search/rand-391 --threads 4 --seed 391 --tree pars{10}

Analysis options:
  run mode: ML tree search
  start tree(s): parsimony (10)
  random seed: 391
  tip-inner: OFF
  pattern compression: ON
  per-rate scalers: OFF
  site repeats: ON
  fast spr radius: AUTO
  spr subtree cutoff: 1.000000
  branch lengths: proportional (ML estimate, algorithm: NR-FAST)
  SIMD kernels: AVX2
  parallelization: PTHREADS (4 threads), thread pinning: OFF

WARNING: The model you specified on the command line (LG+G4) will be ignored 
         since the binary MSA file already contains a model definition.
         If you want to change the model, please re-run RAxML-NG 
         with the original PHYLIP/FASTA alignment and --redo option.

[00:00:00] Loading binary alignment from file: /N/u/danschw/Carbonate/GitHub/sigma-spore-phage/phylo/data/align-trim-tree/check_msa/parse-msa.raxml.rba
[00:00:00] Alignment comprises 661 taxa, 1 partitions and 189 patterns

Partition 0: noname
Model: LG+G4m
Alignment sites / patterns: 189 / 189
Gaps: 15.93 %
Invariant sites: 0.00 %


[00:00:00] NOTE: Resuming execution from checkpoint (logLH: -134078.50, ML trees: 4, bootstraps: 0)
[00:00:00] Data distribution: max. partitions/sites/weight per thread: 1 / 48 / 3840

Starting ML tree search with 10 distinct starting trees

[00:00:00 -134078.499860] AUTODETECT spr round 5 (radius: 25)
[00:01:11 -134078.499209] SPR radius for FAST iterations: 20 (autodetect)
[00:01:11 -134078.499209] Model parameter optimization (eps = 3.000000)
[00:01:12 -134078.470837] FAST spr round 1 (radius: 20)
[00:02:14 -133829.400059] FAST spr round 2 (radius: 20)
[00:03:07 -133763.155711] FAST spr round 3 (radius: 20)
[00:03:52 -133745.213477] FAST spr round 4 (radius: 20)
[00:04:32 -133740.645224] FAST spr round 5 (radius: 20)
[00:05:10 -133739.937126] FAST spr round 6 (radius: 20)
[00:05:47 -133739.936495] Model parameter optimization (eps = 1.000000)
[00:05:47 -133739.896553] SLOW spr round 1 (radius: 5)
[00:06:40 -133717.328653] SLOW spr round 2 (radius: 5)
[00:07:30 -133716.351320] SLOW spr round 3 (radius: 5)
[00:08:19 -133716.350099] SLOW spr round 4 (radius: 10)
[00:09:13 -133715.618868] SLOW spr round 5 (radius: 5)
[00:10:10 -133713.138335] SLOW spr round 6 (radius: 5)
[00:11:03 -133713.136958] SLOW spr round 7 (radius: 10)
[00:12:00 -133713.136631] SLOW spr round 8 (radius: 15)
[00:13:36 -133709.931848] SLOW spr round 9 (radius: 5)
[00:14:36 -133708.503214] SLOW spr round 10 (radius: 5)
[00:15:29 -133708.503086] SLOW spr round 11 (radius: 10)
[00:16:26 -133708.503056] SLOW spr round 12 (radius: 15)
[00:18:03 -133708.503047] SLOW spr round 13 (radius: 20)
[00:20:00 -133708.503043] SLOW spr round 14 (radius: 25)
[00:22:22 -133708.503042] Model parameter optimization (eps = 0.100000)

[00:22:23] ML tree search #5, logLikelihood: -133708.486383

[00:22:23 -154742.219252] Initial branch length optimization
[00:22:24 -136009.037080] Model parameter optimization (eps = 10.000000)
[00:22:25 -135879.899522] AUTODETECT spr round 1 (radius: 5)
[00:22:57 -134412.696029] AUTODETECT spr round 2 (radius: 10)
[00:23:38 -134062.587688] AUTODETECT spr round 3 (radius: 15)
[00:24:29 -134007.260945] AUTODETECT spr round 4 (radius: 20)
[00:25:31 -134007.254315] SPR radius for FAST iterations: 15 (autodetect)
[00:25:31 -134007.254315] Model parameter optimization (eps = 3.000000)
[00:25:31 -134006.302639] FAST spr round 1 (radius: 15)
[00:26:26 -133861.997370] FAST spr round 2 (radius: 15)
[00:27:17 -133807.249098] FAST spr round 3 (radius: 15)
[00:28:01 -133782.473857] FAST spr round 4 (radius: 15)
[00:28:41 -133773.078177] FAST spr round 5 (radius: 15)
[00:29:19 -133770.918402] FAST spr round 6 (radius: 15)
[00:29:56 -133770.918123] Model parameter optimization (eps = 1.000000)
[00:29:56 -133770.873697] SLOW spr round 1 (radius: 5)
[00:30:52 -133741.696356] SLOW spr round 2 (radius: 5)
[00:31:43 -133737.528158] SLOW spr round 3 (radius: 5)
[00:32:32 -133737.528002] SLOW spr round 4 (radius: 10)
[00:33:26 -133736.997930] SLOW spr round 5 (radius: 5)
[00:34:24 -133736.747131] SLOW spr round 6 (radius: 5)
[00:35:17 -133736.746980] SLOW spr round 7 (radius: 10)
[00:36:13 -133736.559125] SLOW spr round 8 (radius: 5)
[00:37:11 -133736.357592] SLOW spr round 9 (radius: 5)
[00:38:04 -133736.357425] SLOW spr round 10 (radius: 10)
[00:39:01 -133736.357424] SLOW spr round 11 (radius: 15)
[00:40:35 -133736.357424] SLOW spr round 12 (radius: 20)
[00:42:36 -133736.357424] SLOW spr round 13 (radius: 25)
[00:44:58 -133736.357424] Model parameter optimization (eps = 0.100000)

[00:44:59] ML tree search #6, logLikelihood: -133736.352652

[00:44:59 -154560.515097] Initial branch length optimization
[00:44:59 -135827.703108] Model parameter optimization (eps = 10.000000)
[00:45:01 -135704.328684] AUTODETECT spr round 1 (radius: 5)
[00:45:33 -134434.010598] AUTODETECT spr round 2 (radius: 10)
[00:46:14 -134117.470499] AUTODETECT spr round 3 (radius: 15)
[00:47:09 -134088.272921] AUTODETECT spr round 4 (radius: 20)
[00:48:15 -134088.260514] SPR radius for FAST iterations: 15 (autodetect)
[00:48:15 -134088.260514] Model parameter optimization (eps = 3.000000)
[00:48:16 -134087.591927] FAST spr round 1 (radius: 15)
[00:49:15 -133860.304546] FAST spr round 2 (radius: 15)
[00:50:04 -133833.159532] FAST spr round 3 (radius: 15)
[00:50:49 -133823.903421] FAST spr round 4 (radius: 15)
[00:51:29 -133821.690076] FAST spr round 5 (radius: 15)
[00:52:07 -133821.689930] Model parameter optimization (eps = 1.000000)
[00:52:07 -133821.677987] SLOW spr round 1 (radius: 5)
[00:53:03 -133786.137442] SLOW spr round 2 (radius: 5)
[00:53:56 -133778.222190] SLOW spr round 3 (radius: 5)
[00:54:45 -133777.268770] SLOW spr round 4 (radius: 5)
[00:55:33 -133776.406501] SLOW spr round 5 (radius: 5)
[00:56:21 -133776.406330] SLOW spr round 6 (radius: 10)
[00:57:16 -133772.623019] SLOW spr round 7 (radius: 5)
[00:58:15 -133771.674375] SLOW spr round 8 (radius: 5)
[00:59:07 -133771.672571] SLOW spr round 9 (radius: 10)
[01:00:05 -133770.106676] SLOW spr round 10 (radius: 5)
[01:01:02 -133769.745732] SLOW spr round 11 (radius: 5)
[01:01:54 -133769.745616] SLOW spr round 12 (radius: 10)
[01:02:52 -133769.745614] SLOW spr round 13 (radius: 15)
[01:04:33 -133769.657257] SLOW spr round 14 (radius: 20)
[01:06:43 -133769.657157] SLOW spr round 15 (radius: 25)
[01:09:16 -133769.657154] Model parameter optimization (eps = 0.100000)

[01:09:16] ML tree search #7, logLikelihood: -133769.641226

[01:09:16 -154708.916900] Initial branch length optimization
[01:09:17 -135787.962729] Model parameter optimization (eps = 10.000000)
[01:09:18 -135664.952622] AUTODETECT spr round 1 (radius: 5)
[01:09:50 -134365.878115] AUTODETECT spr round 2 (radius: 10)
[01:10:31 -134174.596368] AUTODETECT spr round 3 (radius: 15)
[01:11:22 -134068.408087] AUTODETECT spr round 4 (radius: 20)
[01:12:25 -134065.034307] AUTODETECT spr round 5 (radius: 25)
[01:13:38 -134065.024315] SPR radius for FAST iterations: 20 (autodetect)
[01:13:38 -134065.024315] Model parameter optimization (eps = 3.000000)
[01:13:39 -134064.167128] FAST spr round 1 (radius: 20)
[01:14:42 -133865.586014] FAST spr round 2 (radius: 20)
[01:15:38 -133827.987186] FAST spr round 3 (radius: 20)
[01:16:25 -133817.456410] FAST spr round 4 (radius: 20)
[01:17:08 -133813.014225] FAST spr round 5 (radius: 20)
[01:17:49 -133805.014739] FAST spr round 6 (radius: 20)
[01:18:29 -133794.170590] FAST spr round 7 (radius: 20)
[01:19:06 -133793.867504] FAST spr round 8 (radius: 20)
[01:19:43 -133793.867223] Model parameter optimization (eps = 1.000000)
[01:19:43 -133793.867087] SLOW spr round 1 (radius: 5)
[01:20:39 -133764.028550] SLOW spr round 2 (radius: 5)
[01:21:33 -133760.480796] SLOW spr round 3 (radius: 5)
[01:22:21 -133758.525548] SLOW spr round 4 (radius: 5)
[01:23:09 -133758.524279] SLOW spr round 5 (radius: 10)
[01:24:03 -133757.020641] SLOW spr round 6 (radius: 5)
[01:25:02 -133754.520359] SLOW spr round 7 (radius: 5)
[01:25:58 -133742.373519] SLOW spr round 8 (radius: 5)
[01:26:49 -133739.800384] SLOW spr round 9 (radius: 5)
[01:27:37 -133739.800242] SLOW spr round 10 (radius: 10)
[01:28:32 -133738.706140] SLOW spr round 11 (radius: 5)
[01:29:29 -133737.928132] SLOW spr round 12 (radius: 5)
[01:30:20 -133737.926891] SLOW spr round 13 (radius: 10)
[01:31:19 -133737.833650] SLOW spr round 14 (radius: 15)
[01:32:56 -133737.829526] SLOW spr round 15 (radius: 20)
[01:34:49 -133737.829414] SLOW spr round 16 (radius: 25)
[01:37:07 -133737.829405] Model parameter optimization (eps = 0.100000)

[01:37:08] ML tree search #8, logLikelihood: -133737.653721

[01:37:08 -154487.551661] Initial branch length optimization
[01:37:08 -135728.756006] Model parameter optimization (eps = 10.000000)
[01:37:09 -135584.423714] AUTODETECT spr round 1 (radius: 5)
[01:37:42 -134265.050506] AUTODETECT spr round 2 (radius: 10)
[01:38:22 -134041.408973] AUTODETECT spr round 3 (radius: 15)
[01:39:11 -134003.019451] AUTODETECT spr round 4 (radius: 20)
[01:40:07 -134002.989865] SPR radius for FAST iterations: 15 (autodetect)
[01:40:07 -134002.989865] Model parameter optimization (eps = 3.000000)
[01:40:08 -134002.639138] FAST spr round 1 (radius: 15)
[01:41:02 -133838.346490] FAST spr round 2 (radius: 15)
[01:41:50 -133800.876519] FAST spr round 3 (radius: 15)
[01:42:32 -133787.069192] FAST spr round 4 (radius: 15)
[01:43:11 -133783.184355] FAST spr round 5 (radius: 15)
[01:43:48 -133783.184018] Model parameter optimization (eps = 1.000000)
[01:43:48 -133783.088262] SLOW spr round 1 (radius: 5)
[01:44:43 -133751.976894] SLOW spr round 2 (radius: 5)
[01:45:33 -133745.677767] SLOW spr round 3 (radius: 5)
[01:46:20 -133745.429280] SLOW spr round 4 (radius: 5)
[01:47:08 -133743.092754] SLOW spr round 5 (radius: 5)
[01:47:56 -133743.091075] SLOW spr round 6 (radius: 10)
[01:48:48 -133742.712832] SLOW spr round 7 (radius: 5)
[01:49:44 -133742.212496] SLOW spr round 8 (radius: 5)
[01:50:35 -133742.151899] SLOW spr round 9 (radius: 10)
[01:51:32 -133742.151500] SLOW spr round 10 (radius: 15)
[01:53:06 -133739.789000] SLOW spr round 11 (radius: 5)
[01:54:06 -133737.829632] SLOW spr round 12 (radius: 5)
[01:55:02 -133735.517019] SLOW spr round 13 (radius: 5)
[01:55:55 -133733.441382] SLOW spr round 14 (radius: 5)
[01:56:45 -133732.294140] SLOW spr round 15 (radius: 5)
[01:57:32 -133732.293108] SLOW spr round 16 (radius: 10)
[01:58:26 -133724.874402] SLOW spr round 17 (radius: 5)
[01:59:22 -133723.087951] SLOW spr round 18 (radius: 5)
[02:00:17 -133720.215240] SLOW spr round 19 (radius: 5)
[02:01:06 -133720.032649] SLOW spr round 20 (radius: 5)
[02:01:54 -133720.032277] SLOW spr round 21 (radius: 10)
[02:02:47 -133720.032189] SLOW spr round 22 (radius: 15)
[02:04:21 -133720.032161] SLOW spr round 23 (radius: 20)
[02:06:08 -133720.032152] SLOW spr round 24 (radius: 25)
[02:08:22 -133720.032149] Model parameter optimization (eps = 0.100000)

[02:08:22] ML tree search #9, logLikelihood: -133720.027283

[02:08:22 -155290.864793] Initial branch length optimization
[02:08:23 -136172.930188] Model parameter optimization (eps = 10.000000)
[02:08:24 -136053.830173] AUTODETECT spr round 1 (radius: 5)
[02:08:56 -134430.957524] AUTODETECT spr round 2 (radius: 10)
[02:09:37 -134218.731596] AUTODETECT spr round 3 (radius: 15)
[02:10:27 -134125.776713] AUTODETECT spr round 4 (radius: 20)
[02:11:25 -134059.307974] AUTODETECT spr round 5 (radius: 25)
[02:12:31 -134059.292417] SPR radius for FAST iterations: 20 (autodetect)
[02:12:31 -134059.292417] Model parameter optimization (eps = 3.000000)
[02:12:32 -134049.528437] FAST spr round 1 (radius: 20)
[02:13:32 -133821.179142] FAST spr round 2 (radius: 20)
[02:14:24 -133795.633705] FAST spr round 3 (radius: 20)
[02:15:07 -133786.105609] FAST spr round 4 (radius: 20)
[02:15:47 -133786.105545] Model parameter optimization (eps = 1.000000)
[02:15:47 -133786.098192] SLOW spr round 1 (radius: 5)
[02:16:43 -133754.567509] SLOW spr round 2 (radius: 5)
[02:17:34 -133749.364799] SLOW spr round 3 (radius: 5)
[02:18:25 -133745.058126] SLOW spr round 4 (radius: 5)
[02:19:14 -133744.335145] SLOW spr round 5 (radius: 5)
[02:20:02 -133744.334934] SLOW spr round 6 (radius: 10)
[02:20:56 -133744.334930] SLOW spr round 7 (radius: 15)
[02:22:36 -133743.571242] SLOW spr round 8 (radius: 5)
[02:23:33 -133743.564860] SLOW spr round 9 (radius: 10)
[02:24:37 -133743.563493] SLOW spr round 10 (radius: 15)
[02:26:08 -133743.563186] SLOW spr round 11 (radius: 20)
[02:28:16 -133743.563116] SLOW spr round 12 (radius: 25)
[02:30:41 -133743.563100] Model parameter optimization (eps = 0.100000)

[02:30:41] ML tree search #10, logLikelihood: -133743.557547


Optimized model parameters:

   Partition 0: noname
   Rate heterogeneity: GAMMA (4 cats, mean),  alpha: 1.779115 (ML),  weights&rates: (0.250000,0.265402) (0.250000,0.629263) (0.250000,1.063334) (0.250000,2.042001) 
   Base frequencies (model): 0.079066 0.055941 0.041977 0.053052 0.012937 0.040767 0.071586 0.057337 0.022355 0.062157 0.099081 0.064600 0.022951 0.042302 0.044040 0.061197 0.053287 0.012066 0.034155 0.069147 
   Substitution rates (model): 0.425093 0.276818 0.395144 2.489084 0.969894 1.038545 2.066040 0.358858 0.149830 0.395337 0.536518 1.124035 0.253701 1.177651 4.727182 2.139501 0.180717 0.218959 2.547870 0.751878 0.123954 0.534551 2.807908 0.363970 0.390192 2.426601 0.126991 0.301848 6.326067 0.484133 0.052722 0.332533 0.858151 0.578987 0.593607 0.314440 0.170887 5.076149 0.528768 1.695752 0.541712 1.437645 4.509238 0.191503 0.068427 2.145078 0.371004 0.089525 0.161787 4.008358 2.000679 0.045376 0.612025 0.083688 0.062556 0.523386 5.243870 0.844926 0.927114 0.010690 0.015076 0.282959 0.025548 0.017416 0.394456 1.240275 0.425860 0.029890 0.135107 0.037967 0.084808 0.003499 0.569265 0.640543 0.320627 0.594007 0.013266 0.893680 1.105251 0.075382 2.784478 1.143480 0.670128 1.165532 1.959291 4.128591 0.267959 4.813505 0.072854 0.582457 3.234294 1.672569 0.035855 0.624294 1.223828 1.080136 0.236199 0.257336 0.210332 0.348847 0.423881 0.044265 0.069673 1.807177 0.173735 0.018811 0.419409 0.611973 0.604545 0.077852 0.120037 0.245034 0.311484 0.008705 0.044261 0.296636 0.139538 0.089586 0.196961 1.739990 0.129836 0.268491 0.054679 0.076701 0.108882 0.366317 0.697264 0.442472 0.682139 0.508851 0.990012 0.584262 0.597054 5.306834 0.119013 4.145067 0.159069 4.273607 1.112727 0.078281 0.064105 1.033739 0.111660 0.232523 10.649107 0.137500 6.312358 2.592692 0.249060 0.182287 0.302936 0.619632 0.299648 1.702745 0.656604 0.023918 0.390322 0.748683 1.136863 0.049906 0.131932 0.185202 1.798853 0.099849 0.346960 2.020366 0.696175 0.481306 1.898718 0.094464 0.361819 0.165001 2.457121 7.803902 0.654683 1.338132 0.571468 0.095131 0.089613 0.296501 6.472279 0.248862 0.400547 0.098369 0.140825 0.245841 2.188158 3.151815 0.189510 0.249313 


Final LogLikelihood: -133696.165622

AIC score: 270032.331244 / AICc score: 3757472.331244 / BIC score: 274311.437304
Free parameters (model + branch lengths): 1320

WARNING: Number of free parameters (K=1320) is larger than alignment size (n=189).
         This might lead to overfitting and compromise tree inference results!


Best ML tree saved to: /geode2/home/u020/danschw/Carbonate/GitHub/sigma-spore-phage/phylo/data/align-trim-tree/tree/ml_search/rand-391.raxml.bestTree
All ML trees saved to: /geode2/home/u020/danschw/Carbonate/GitHub/sigma-spore-phage/phylo/data/align-trim-tree/tree/ml_search/rand-391.raxml.mlTrees
Optimized model saved to: /geode2/home/u020/danschw/Carbonate/GitHub/sigma-spore-phage/phylo/data/align-trim-tree/tree/ml_search/rand-391.raxml.bestModel

Execution log saved to: /geode2/home/u020/danschw/Carbonate/GitHub/sigma-spore-phage/phylo/data/align-trim-tree/tree/ml_search/rand-391.raxml.log

Analysis started: 08-Jan-2022 18:20:31 / finished: 08-Jan-2022 20:51:12

Elapsed time: 9041.759 seconds (this run) / 34143.205 seconds (total with restarts)

