
RAxML-NG v. 0.9.0git released on 24.05.2019 by The Exelixis Lab.
Developed by: Alexey M. Kozlov and Alexandros Stamatakis.
Contributors: Diego Darriba, Tomas Flouri, Benoit Morel, Sarah Lutteropp, Ben Bettisworth.
Latest version: https://github.com/amkozlov/raxml-ng
Questions/problems/suggestions? Please visit: https://groups.google.com/forum/#!forum/raxml

RAxML-NG was called at 03-Sep-2021 01:05:06 as follows:

raxml-ng --msa /N/u/danschw/Carbonate/GitHub/sigma-spore-phage/phylo/data/align-trim-tree/check_msa/parse-msa.raxml.rba --model LG+G4 --prefix /N/u/danschw/Carbonate/GitHub/sigma-spore-phage/phylo/data/align-trim-tree/tree/ml_search/rand-51 --threads 4 --seed 51 --tree pars{10}

Analysis options:
  run mode: ML tree search
  start tree(s): parsimony (10)
  random seed: 51
  tip-inner: OFF
  pattern compression: ON
  per-rate scalers: OFF
  site repeats: ON
  fast spr radius: AUTO
  spr subtree cutoff: 1.000000
  branch lengths: proportional (ML estimate, algorithm: NR-FAST)
  SIMD kernels: AVX2
  parallelization: PTHREADS (4 threads), thread pinning: OFF

WARNING: The model you specified on the command line (LG+G4) will be ignored 
         since the binary MSA file already contains a model definition.
         If you want to change the model, please re-run RAxML-NG 
         with the original PHYLIP/FASTA alignment and --redo option.

[00:00:00] Loading binary alignment from file: /N/u/danschw/Carbonate/GitHub/sigma-spore-phage/phylo/data/align-trim-tree/check_msa/parse-msa.raxml.rba
[00:00:00] Alignment comprises 608 taxa, 1 partitions and 180 patterns

Partition 0: noname
Model: LG+G4m
Alignment sites / patterns: 180 / 180
Gaps: 12.00 %
Invariant sites: 0.00 %


[00:00:00] Generating 10 parsimony starting tree(s) with 608 taxa
[00:00:05] Data distribution: max. partitions/sites/weight per thread: 1 / 45 / 3600

Starting ML tree search with 10 distinct starting trees

[00:00:05 -144577.391552] Initial branch length optimization
[00:00:05 -127126.571174] Model parameter optimization (eps = 10.000000)
[00:00:06 -126989.890862] AUTODETECT spr round 1 (radius: 5)
[00:00:34 -125725.418633] AUTODETECT spr round 2 (radius: 10)
[00:01:10 -125463.985030] AUTODETECT spr round 3 (radius: 15)
[00:01:55 -125378.871870] AUTODETECT spr round 4 (radius: 20)
[00:02:50 -125378.840357] SPR radius for FAST iterations: 15 (autodetect)
[00:02:50 -125378.840357] Model parameter optimization (eps = 3.000000)
[00:02:51 -125378.716486] FAST spr round 1 (radius: 15)
[00:03:40 -125113.459856] FAST spr round 2 (radius: 15)
[00:04:22 -125074.842242] FAST spr round 3 (radius: 15)
[00:05:02 -125054.952421] FAST spr round 4 (radius: 15)
[00:05:39 -125042.856719] FAST spr round 5 (radius: 15)
[00:06:12 -125039.829161] FAST spr round 6 (radius: 15)
[00:06:44 -125039.814922] Model parameter optimization (eps = 1.000000)
[00:06:44 -125039.199465] SLOW spr round 1 (radius: 5)
[00:07:36 -125016.086950] SLOW spr round 2 (radius: 5)
[00:08:22 -125012.397358] SLOW spr round 3 (radius: 5)
[00:09:06 -125012.000959] SLOW spr round 4 (radius: 5)
[00:09:51 -125012.000784] SLOW spr round 5 (radius: 10)
[00:10:41 -125009.795983] SLOW spr round 6 (radius: 5)
[00:11:35 -125006.705948] SLOW spr round 7 (radius: 5)
[00:12:24 -125006.705150] SLOW spr round 8 (radius: 10)
[00:13:17 -125004.882231] SLOW spr round 9 (radius: 5)
[00:14:10 -125004.881340] SLOW spr round 10 (radius: 10)
[00:15:08 -125004.881316] SLOW spr round 11 (radius: 15)
[00:16:34 -125004.881315] SLOW spr round 12 (radius: 20)
[00:18:21 -125004.881315] SLOW spr round 13 (radius: 25)
[00:20:22 -125004.881315] Model parameter optimization (eps = 0.100000)

[00:20:23] ML tree search #1, logLikelihood: -125004.881315

[00:20:23 -144743.201935] Initial branch length optimization
[00:20:23 -127052.184363] Model parameter optimization (eps = 10.000000)
[00:20:24 -126911.023398] AUTODETECT spr round 1 (radius: 5)
[00:20:52 -125703.613535] AUTODETECT spr round 2 (radius: 10)
[00:21:27 -125432.186468] AUTODETECT spr round 3 (radius: 15)
[00:22:11 -125369.673250] AUTODETECT spr round 4 (radius: 20)
[00:23:04 -125365.973846] AUTODETECT spr round 5 (radius: 25)
[00:24:05 -125365.956597] SPR radius for FAST iterations: 20 (autodetect)
[00:24:05 -125365.956597] Model parameter optimization (eps = 3.000000)
[00:24:05 -125365.822511] FAST spr round 1 (radius: 20)
[00:25:01 -125167.649079] FAST spr round 2 (radius: 20)
[00:25:47 -125128.474019] FAST spr round 3 (radius: 20)
[00:26:27 -125110.180618] FAST spr round 4 (radius: 20)
[00:27:02 -125106.496877] FAST spr round 5 (radius: 20)
[00:27:35 -125106.346729] FAST spr round 6 (radius: 20)
[00:28:07 -125105.560551] FAST spr round 7 (radius: 20)
[00:28:39 -125104.839691] FAST spr round 8 (radius: 20)
[00:29:14 -125093.251022] FAST spr round 9 (radius: 20)
[00:29:46 -125092.729911] FAST spr round 10 (radius: 20)
[00:30:17 -125092.729281] Model parameter optimization (eps = 1.000000)
[00:30:18 -125088.772992] SLOW spr round 1 (radius: 5)
[00:31:08 -125050.452581] SLOW spr round 2 (radius: 5)
[00:31:55 -125046.354579] SLOW spr round 3 (radius: 5)
[00:32:39 -125045.971821] SLOW spr round 4 (radius: 5)
[00:33:24 -125045.971787] SLOW spr round 5 (radius: 10)
[00:34:14 -125039.585269] SLOW spr round 6 (radius: 5)
[00:35:07 -125035.985267] SLOW spr round 7 (radius: 5)
[00:35:56 -125031.891843] SLOW spr round 8 (radius: 5)
[00:36:42 -125031.891682] SLOW spr round 9 (radius: 10)
[00:37:32 -125031.891673] SLOW spr round 10 (radius: 15)
[00:39:00 -125031.357149] SLOW spr round 11 (radius: 5)
[00:39:55 -125030.519622] SLOW spr round 12 (radius: 5)
[00:40:44 -125030.518282] SLOW spr round 13 (radius: 10)
[00:41:36 -125028.256131] SLOW spr round 14 (radius: 5)
[00:42:32 -125024.459907] SLOW spr round 15 (radius: 5)
[00:43:21 -125022.432650] SLOW spr round 16 (radius: 5)
[00:44:06 -125022.427918] SLOW spr round 17 (radius: 10)
[00:44:56 -125016.282667] SLOW spr round 18 (radius: 5)
[00:45:49 -125014.641919] SLOW spr round 19 (radius: 5)
[00:46:38 -125014.641791] SLOW spr round 20 (radius: 10)
[00:47:31 -125014.641782] SLOW spr round 21 (radius: 15)
[00:48:59 -125012.488806] SLOW spr round 22 (radius: 5)
[00:49:54 -125012.488252] SLOW spr round 23 (radius: 10)
[00:50:55 -125012.291655] SLOW spr round 24 (radius: 5)
[00:51:47 -125010.867267] SLOW spr round 25 (radius: 5)
[00:52:36 -125010.866558] SLOW spr round 26 (radius: 10)
[00:53:28 -125010.794636] SLOW spr round 27 (radius: 15)
[00:54:55 -125010.794428] SLOW spr round 28 (radius: 20)
[00:56:45 -125010.794423] SLOW spr round 29 (radius: 25)
[00:58:59 -125010.794422] Model parameter optimization (eps = 0.100000)

[00:58:59] ML tree search #2, logLikelihood: -125010.794422

[00:58:59 -144657.916358] Initial branch length optimization
[00:59:00 -127163.221443] Model parameter optimization (eps = 10.000000)
[00:59:01 -127005.081333] AUTODETECT spr round 1 (radius: 5)
[00:59:28 -125757.182632] AUTODETECT spr round 2 (radius: 10)
[01:00:04 -125533.800102] AUTODETECT spr round 3 (radius: 15)
[01:00:49 -125425.303061] AUTODETECT spr round 4 (radius: 20)
[01:01:41 -125399.612970] AUTODETECT spr round 5 (radius: 25)
[01:02:37 -125398.761072] SPR radius for FAST iterations: 25 (autodetect)
[01:02:37 -125398.761072] Model parameter optimization (eps = 3.000000)
[01:02:37 -125398.472032] FAST spr round 1 (radius: 25)
[01:03:35 -125160.091938] FAST spr round 2 (radius: 25)
[01:04:22 -125103.325970] FAST spr round 3 (radius: 25)
[01:05:02 -125091.097958] FAST spr round 4 (radius: 25)
[01:05:39 -125086.084644] FAST spr round 5 (radius: 25)
[01:06:12 -125085.745528] FAST spr round 6 (radius: 25)
[01:06:45 -125085.599991] FAST spr round 7 (radius: 25)
[01:07:17 -125085.360002] FAST spr round 8 (radius: 25)
[01:07:49 -125085.308454] Model parameter optimization (eps = 1.000000)
[01:07:49 -125085.301113] SLOW spr round 1 (radius: 5)
[01:08:39 -125054.746186] SLOW spr round 2 (radius: 5)
[01:09:25 -125050.453737] SLOW spr round 3 (radius: 5)
[01:10:10 -125047.024559] SLOW spr round 4 (radius: 5)
[01:10:54 -125047.024266] SLOW spr round 5 (radius: 10)
[01:11:44 -125039.866218] SLOW spr round 6 (radius: 5)
[01:12:40 -125037.308873] SLOW spr round 7 (radius: 5)
[01:13:29 -125036.717076] SLOW spr round 8 (radius: 5)
[01:14:15 -125036.716522] SLOW spr round 9 (radius: 10)
[01:15:06 -125035.206429] SLOW spr round 10 (radius: 5)
[01:15:59 -125034.257196] SLOW spr round 11 (radius: 5)
[01:16:48 -125034.256412] SLOW spr round 12 (radius: 10)
[01:17:41 -125034.133184] SLOW spr round 13 (radius: 5)
[01:18:34 -125033.026235] SLOW spr round 14 (radius: 5)
[01:19:22 -125033.025786] SLOW spr round 15 (radius: 10)
[01:20:15 -125033.025770] SLOW spr round 16 (radius: 15)
[01:21:44 -125032.237352] SLOW spr round 17 (radius: 5)
[01:22:40 -125031.983862] SLOW spr round 18 (radius: 5)
[01:23:29 -125031.983835] SLOW spr round 19 (radius: 10)
[01:24:22 -125031.339408] SLOW spr round 20 (radius: 5)
[01:25:16 -125030.975882] SLOW spr round 21 (radius: 5)
[01:26:05 -125029.645503] SLOW spr round 22 (radius: 5)
[01:26:51 -125028.186422] SLOW spr round 23 (radius: 5)
[01:27:36 -125028.102686] SLOW spr round 24 (radius: 10)
[01:28:25 -125028.047919] SLOW spr round 25 (radius: 15)
[01:29:57 -125028.047534] SLOW spr round 26 (radius: 20)
[01:31:44 -125028.047508] SLOW spr round 27 (radius: 25)
[01:34:01 -125028.047504] Model parameter optimization (eps = 0.100000)

[01:34:02] ML tree search #3, logLikelihood: -125025.977287

[01:34:02 -144808.052792] Initial branch length optimization
[01:34:02 -127196.280531] Model parameter optimization (eps = 10.000000)
[01:34:03 -127043.381776] AUTODETECT spr round 1 (radius: 5)
[01:34:31 -125617.355979] AUTODETECT spr round 2 (radius: 10)
[01:35:07 -125417.078848] AUTODETECT spr round 3 (radius: 15)
[01:35:53 -125376.832219] AUTODETECT spr round 4 (radius: 20)
[01:36:50 -125371.022364] AUTODETECT spr round 5 (radius: 25)
[01:37:54 -125368.505515] SPR radius for FAST iterations: 25 (autodetect)
[01:37:54 -125368.505515] Model parameter optimization (eps = 3.000000)
[01:37:54 -125368.339623] FAST spr round 1 (radius: 25)
[01:38:52 -125172.015791] FAST spr round 2 (radius: 25)
[01:39:37 -125143.676959] FAST spr round 3 (radius: 25)
[01:40:15 -125138.162672] FAST spr round 4 (radius: 25)
[01:40:51 -125125.026969] FAST spr round 5 (radius: 25)
[01:41:25 -125119.341299] FAST spr round 6 (radius: 25)
[01:41:57 -125118.690874] FAST spr round 7 (radius: 25)
[01:42:30 -125118.562417] FAST spr round 8 (radius: 25)
[01:43:02 -125118.444297] FAST spr round 9 (radius: 25)
[01:43:33 -125117.394135] FAST spr round 10 (radius: 25)
[01:44:05 -125116.727044] FAST spr round 11 (radius: 25)
[01:44:36 -125116.596174] FAST spr round 12 (radius: 25)
[01:45:08 -125116.503477] Model parameter optimization (eps = 1.000000)
[01:45:08 -125116.477212] SLOW spr round 1 (radius: 5)
[01:45:57 -125106.497232] SLOW spr round 2 (radius: 5)
[01:46:42 -125104.952999] SLOW spr round 3 (radius: 5)
[01:47:27 -125101.507835] SLOW spr round 4 (radius: 5)
[01:48:11 -125101.507289] SLOW spr round 5 (radius: 10)
[01:48:59 -125097.972144] SLOW spr round 6 (radius: 5)
[01:49:51 -125097.810170] SLOW spr round 7 (radius: 5)
[01:50:40 -125097.810100] SLOW spr round 8 (radius: 10)
[01:51:32 -125097.218335] SLOW spr round 9 (radius: 5)
[01:52:26 -125094.107886] SLOW spr round 10 (radius: 5)
[01:53:13 -125092.349397] SLOW spr round 11 (radius: 5)
[01:53:59 -125090.334430] SLOW spr round 12 (radius: 5)
[01:54:45 -125090.334168] SLOW spr round 13 (radius: 10)
[01:55:33 -125090.256243] SLOW spr round 14 (radius: 15)
[01:57:00 -125089.963945] SLOW spr round 15 (radius: 5)
[01:57:55 -125087.463392] SLOW spr round 16 (radius: 5)
[01:58:45 -125087.334292] SLOW spr round 17 (radius: 5)
[01:59:32 -125087.219147] SLOW spr round 18 (radius: 5)
[02:00:17 -125087.218465] SLOW spr round 19 (radius: 10)
[02:01:06 -125086.954979] SLOW spr round 20 (radius: 5)
[02:01:59 -125085.341619] SLOW spr round 21 (radius: 5)
[02:02:48 -125085.341431] SLOW spr round 22 (radius: 10)
[02:03:40 -125084.812609] SLOW spr round 23 (radius: 5)
[02:04:33 -125084.670240] SLOW spr round 24 (radius: 5)
[02:05:21 -125084.668679] SLOW spr round 25 (radius: 10)
[02:06:12 -125084.608516] SLOW spr round 26 (radius: 15)
[02:07:35 -125084.608043] SLOW spr round 27 (radius: 20)
[02:09:16 -125084.608006] SLOW spr round 28 (radius: 25)
[02:11:16 -125084.608001] Model parameter optimization (eps = 0.100000)

[02:11:17] ML tree search #4, logLikelihood: -125084.594903

[02:11:17 -144851.332625] Initial branch length optimization
[02:11:17 -127219.235275] Model parameter optimization (eps = 10.000000)
[02:11:18 -127100.016050] AUTODETECT spr round 1 (radius: 5)
[02:11:46 -125737.867164] AUTODETECT spr round 2 (radius: 10)
[02:12:21 -125382.572474] AUTODETECT spr round 3 (radius: 15)
[02:13:04 -125277.976912] AUTODETECT spr round 4 (radius: 20)
[02:13:55 -125273.216833] AUTODETECT spr round 5 (radius: 25)
[02:14:51 -125273.206147] SPR radius for FAST iterations: 20 (autodetect)
[02:14:52 -125273.206147] Model parameter optimization (eps = 3.000000)
[02:14:52 -125272.115073] FAST spr round 1 (radius: 20)
[02:15:45 -125111.038183] FAST spr round 2 (radius: 20)
[02:16:29 -125097.590407] FAST spr round 3 (radius: 20)
[02:17:07 -125091.652114] FAST spr round 4 (radius: 20)
[02:17:43 -125088.682257] FAST spr round 5 (radius: 20)
[02:18:17 -125088.393431] FAST spr round 6 (radius: 20)
[02:18:49 -125087.875509] FAST spr round 7 (radius: 20)
[02:19:22 -125086.979545] FAST spr round 8 (radius: 20)
[02:19:53 -125086.054824] FAST spr round 9 (radius: 20)
[02:20:25 -125085.605236] FAST spr round 10 (radius: 20)
[02:20:56 -125085.369117] FAST spr round 11 (radius: 20)
[02:21:28 -125085.314417] Model parameter optimization (eps = 1.000000)
[02:21:28 -125085.313593] SLOW spr round 1 (radius: 5)
[02:22:18 -125061.861790] SLOW spr round 2 (radius: 5)
[02:23:03 -125061.024008] SLOW spr round 3 (radius: 5)
[02:23:47 -125059.531099] SLOW spr round 4 (radius: 5)
[02:24:31 -125050.702014] SLOW spr round 5 (radius: 5)
[02:25:16 -125050.193201] SLOW spr round 6 (radius: 5)
[02:26:00 -125050.126064] SLOW spr round 7 (radius: 10)
[02:26:49 -125048.360638] SLOW spr round 8 (radius: 5)
[02:27:43 -125044.332643] SLOW spr round 9 (radius: 5)
[02:28:31 -125044.331993] SLOW spr round 10 (radius: 10)
[02:29:25 -125043.974770] SLOW spr round 11 (radius: 5)
[02:30:18 -125043.973169] SLOW spr round 12 (radius: 10)
[02:31:16 -125041.495927] SLOW spr round 13 (radius: 5)
[02:32:09 -125040.886589] SLOW spr round 14 (radius: 5)
[02:32:58 -125040.886206] SLOW spr round 15 (radius: 10)
[02:33:50 -125038.956710] SLOW spr round 16 (radius: 5)
[02:34:44 -125036.929427] SLOW spr round 17 (radius: 5)
[02:35:33 -125033.756730] SLOW spr round 18 (radius: 5)
[02:36:19 -125033.756622] SLOW spr round 19 (radius: 10)
[02:37:11 -125033.756621] SLOW spr round 20 (radius: 15)
[02:38:38 -125033.140981] SLOW spr round 21 (radius: 5)
[02:39:33 -125028.487690] SLOW spr round 22 (radius: 5)
[02:40:22 -125028.487603] SLOW spr round 23 (radius: 10)
[02:41:18 -125021.384070] SLOW spr round 24 (radius: 5)
[02:42:11 -125013.240097] SLOW spr round 25 (radius: 5)
[02:42:59 -125012.413022] SLOW spr round 26 (radius: 5)
[02:43:45 -125012.412504] SLOW spr round 27 (radius: 10)
[02:44:36 -125012.412419] SLOW spr round 28 (radius: 15)
[02:46:04 -125011.620621] SLOW spr round 29 (radius: 5)
[02:46:59 -125011.620356] SLOW spr round 30 (radius: 10)
[02:48:01 -125011.620349] SLOW spr round 31 (radius: 15)
[02:49:22 -125011.490896] SLOW spr round 32 (radius: 5)
[02:50:17 -125011.348750] SLOW spr round 33 (radius: 5)
[02:51:06 -125011.348729] SLOW spr round 34 (radius: 10)
[02:52:00 -125011.348728] SLOW spr round 35 (radius: 15)
[02:53:25 -125011.348727] SLOW spr round 36 (radius: 20)
[02:55:09 -125011.348727] SLOW spr round 37 (radius: 25)
[02:57:11 -125011.348726] Model parameter optimization (eps = 0.100000)

[02:57:12] ML tree search #5, logLikelihood: -125011.165881

[02:57:12 -144534.019228] Initial branch length optimization
[02:57:12 -127138.146156] Model parameter optimization (eps = 10.000000)
[02:57:13 -126986.033222] AUTODETECT spr round 1 (radius: 5)
[02:57:41 -125797.138370] AUTODETECT spr round 2 (radius: 10)
[02:58:17 -125544.706602] AUTODETECT spr round 3 (radius: 15)
[02:59:04 -125450.105130] AUTODETECT spr round 4 (radius: 20)
[03:00:02 -125434.700800] AUTODETECT spr round 5 (radius: 25)
[03:01:08 -125434.696588] SPR radius for FAST iterations: 20 (autodetect)
[03:01:08 -125434.696588] Model parameter optimization (eps = 3.000000)
[03:01:09 -125433.055251] FAST spr round 1 (radius: 20)
[03:02:03 -125133.110604] FAST spr round 2 (radius: 20)
[03:02:50 -125086.545882] FAST spr round 3 (radius: 20)
[03:03:32 -125070.506168] FAST spr round 4 (radius: 20)
[03:04:08 -125065.074349] FAST spr round 5 (radius: 20)
[03:04:41 -125063.573172] FAST spr round 6 (radius: 20)
[03:05:13 -125063.572376] Model parameter optimization (eps = 1.000000)
[03:05:14 -125062.984824] SLOW spr round 1 (radius: 5)
[03:06:04 -125042.553139] SLOW spr round 2 (radius: 5)
[03:06:51 -125035.695352] SLOW spr round 3 (radius: 5)
[03:07:36 -125031.225849] SLOW spr round 4 (radius: 5)
[03:08:20 -125031.225589] SLOW spr round 5 (radius: 10)
[03:09:09 -125029.402351] SLOW spr round 6 (radius: 5)
[03:10:03 -125023.099717] SLOW spr round 7 (radius: 5)
[03:10:51 -125021.008997] SLOW spr round 8 (radius: 5)
[03:11:36 -125021.007743] SLOW spr round 9 (radius: 10)
[03:12:27 -125021.007667] SLOW spr round 10 (radius: 15)
[03:13:57 -125020.874545] SLOW spr round 11 (radius: 5)
[03:14:52 -125020.089538] SLOW spr round 12 (radius: 5)
[03:15:41 -125020.088702] SLOW spr round 13 (radius: 10)
[03:16:34 -125020.088655] SLOW spr round 14 (radius: 15)
[03:18:01 -125020.088644] SLOW spr round 15 (radius: 20)
[03:19:54 -125020.088640] SLOW spr round 16 (radius: 25)
[03:22:10 -125020.088639] Model parameter optimization (eps = 0.100000)

[03:22:11] ML tree search #6, logLikelihood: -125019.977758

[03:22:11 -144850.456361] Initial branch length optimization
[03:22:11 -127351.455959] Model parameter optimization (eps = 10.000000)
[03:22:12 -127215.187145] AUTODETECT spr round 1 (radius: 5)
[03:22:40 -125741.053984] AUTODETECT spr round 2 (radius: 10)
[03:23:15 -125493.086331] AUTODETECT spr round 3 (radius: 15)
[03:23:59 -125395.673137] AUTODETECT spr round 4 (radius: 20)
[03:24:53 -125378.961167] AUTODETECT spr round 5 (radius: 25)
[03:25:55 -125378.947460] SPR radius for FAST iterations: 20 (autodetect)
[03:25:55 -125378.947460] Model parameter optimization (eps = 3.000000)
[03:25:55 -125373.316256] FAST spr round 1 (radius: 20)
[03:26:51 -125129.875763] FAST spr round 2 (radius: 20)
[03:27:36 -125092.859542] FAST spr round 3 (radius: 20)
[03:28:15 -125077.924979] FAST spr round 4 (radius: 20)
[03:28:51 -125074.178109] FAST spr round 5 (radius: 20)
[03:29:24 -125073.538517] FAST spr round 6 (radius: 20)
[03:29:56 -125072.926700] FAST spr round 7 (radius: 20)
[03:30:28 -125072.800681] FAST spr round 8 (radius: 20)
[03:31:00 -125072.800585] Model parameter optimization (eps = 1.000000)
[03:31:00 -125072.569198] SLOW spr round 1 (radius: 5)
[03:31:50 -125048.912086] SLOW spr round 2 (radius: 5)
[03:32:35 -125041.527762] SLOW spr round 3 (radius: 5)
[03:33:20 -125041.527729] SLOW spr round 4 (radius: 10)
[03:34:09 -125038.579785] SLOW spr round 5 (radius: 5)
[03:35:03 -125035.969178] SLOW spr round 6 (radius: 5)
[03:35:52 -125035.969109] SLOW spr round 7 (radius: 10)
[03:36:43 -125034.629969] SLOW spr round 8 (radius: 5)
[03:37:36 -125032.099002] SLOW spr round 9 (radius: 5)
[03:38:24 -125032.098126] SLOW spr round 10 (radius: 10)
[03:39:15 -125031.111186] SLOW spr round 11 (radius: 5)
[03:40:08 -125031.110347] SLOW spr round 12 (radius: 10)
[03:41:04 -125030.261752] SLOW spr round 13 (radius: 5)
[03:41:57 -125028.048073] SLOW spr round 14 (radius: 5)
[03:42:45 -125028.047959] SLOW spr round 15 (radius: 10)
[03:43:36 -125028.047925] SLOW spr round 16 (radius: 15)
[03:44:59 -125028.047909] SLOW spr round 17 (radius: 20)
[03:46:37 -125027.420171] SLOW spr round 18 (radius: 5)
[03:47:33 -125024.806906] SLOW spr round 19 (radius: 5)
[03:48:23 -125023.409896] SLOW spr round 20 (radius: 5)
[03:49:10 -125023.409540] SLOW spr round 21 (radius: 10)
[03:50:00 -125023.409533] SLOW spr round 22 (radius: 15)
[03:51:25 -125022.083049] SLOW spr round 23 (radius: 5)
[03:52:20 -125021.265788] SLOW spr round 24 (radius: 5)
[03:53:10 -125021.265735] SLOW spr round 25 (radius: 10)
[03:54:02 -125020.923839] SLOW spr round 26 (radius: 5)
[03:54:56 -125018.394196] SLOW spr round 27 (radius: 5)
[03:55:44 -125018.127816] SLOW spr round 28 (radius: 5)
[03:56:30 -125018.127710] SLOW spr round 29 (radius: 10)
[03:57:21 -125017.103853] SLOW spr round 30 (radius: 5)
[03:58:14 -125016.036745] SLOW spr round 31 (radius: 5)
[03:59:02 -125016.036630] SLOW spr round 32 (radius: 10)
[03:59:54 -125015.923503] SLOW spr round 33 (radius: 5)
[04:00:48 -125015.922834] SLOW spr round 34 (radius: 10)
[04:01:45 -125015.922593] SLOW spr round 35 (radius: 15)
[04:03:05 -125015.922473] SLOW spr round 36 (radius: 20)
[04:04:45 -125015.922411] SLOW spr round 37 (radius: 25)
[04:06:50 -125015.922379] Model parameter optimization (eps = 0.100000)

[04:06:50] ML tree search #7, logLikelihood: -125015.855596

[04:06:50 -144756.041627] Initial branch length optimization
[04:06:51 -127175.911859] Model parameter optimization (eps = 10.000000)
[04:06:52 -127016.300193] AUTODETECT spr round 1 (radius: 5)
[04:07:20 -125750.445065] AUTODETECT spr round 2 (radius: 10)
[04:07:55 -125519.779723] AUTODETECT spr round 3 (radius: 15)
[04:08:39 -125430.431027] AUTODETECT spr round 4 (radius: 20)
[04:09:32 -125428.912453] AUTODETECT spr round 5 (radius: 25)
[04:10:35 -125422.274292] SPR radius for FAST iterations: 25 (autodetect)
[04:10:35 -125422.274292] Model parameter optimization (eps = 3.000000)
[04:10:35 -125422.104698] FAST spr round 1 (radius: 25)
[04:11:34 -125162.160034] FAST spr round 2 (radius: 25)
[04:12:20 -125132.391070] FAST spr round 3 (radius: 25)
[04:12:58 -125130.718261] FAST spr round 4 (radius: 25)
[04:13:33 -125129.663370] FAST spr round 5 (radius: 25)
[04:14:07 -125126.855138] FAST spr round 6 (radius: 25)
[04:14:41 -125122.580404] FAST spr round 7 (radius: 25)
[04:15:14 -125120.257772] FAST spr round 8 (radius: 25)
[04:15:46 -125120.025623] FAST spr round 9 (radius: 25)
[04:16:18 -125119.615065] FAST spr round 10 (radius: 25)
[04:16:49 -125119.235237] FAST spr round 11 (radius: 25)
[04:17:21 -125118.279852] FAST spr round 12 (radius: 25)
[04:17:56 -125104.229240] FAST spr round 13 (radius: 25)
[04:18:28 -125100.569005] FAST spr round 14 (radius: 25)
[04:18:59 -125100.335128] FAST spr round 15 (radius: 25)
[04:19:30 -125099.890440] FAST spr round 16 (radius: 25)
[04:20:02 -125099.652544] FAST spr round 17 (radius: 25)
[04:20:33 -125099.633464] Model parameter optimization (eps = 1.000000)
[04:20:33 -125099.562221] SLOW spr round 1 (radius: 5)
[04:21:23 -125077.628698] SLOW spr round 2 (radius: 5)
[04:22:11 -125074.635812] SLOW spr round 3 (radius: 5)
[04:22:55 -125074.635653] SLOW spr round 4 (radius: 10)
[04:23:43 -125069.931952] SLOW spr round 5 (radius: 5)
[04:24:38 -125067.957140] SLOW spr round 6 (radius: 5)
[04:25:25 -125067.957071] SLOW spr round 7 (radius: 10)
[04:26:16 -125066.285804] SLOW spr round 8 (radius: 5)
[04:27:10 -125065.470843] SLOW spr round 9 (radius: 5)
[04:27:59 -125065.469921] SLOW spr round 10 (radius: 10)
[04:28:51 -125063.551899] SLOW spr round 11 (radius: 5)
[04:29:45 -125063.551780] SLOW spr round 12 (radius: 10)
[04:30:41 -125063.551778] SLOW spr round 13 (radius: 15)
[04:32:06 -125061.626470] SLOW spr round 14 (radius: 5)
[04:33:02 -125059.154822] SLOW spr round 15 (radius: 5)
[04:33:52 -125058.972777] SLOW spr round 16 (radius: 5)
[04:34:38 -125058.972572] SLOW spr round 17 (radius: 10)
[04:35:28 -125058.972558] SLOW spr round 18 (radius: 15)
[04:36:54 -125058.972557] SLOW spr round 19 (radius: 20)
[04:38:33 -125058.972557] SLOW spr round 20 (radius: 25)
[04:40:25 -125058.972557] Model parameter optimization (eps = 0.100000)

[04:40:26] ML tree search #8, logLikelihood: -125058.749757

[04:40:26 -144406.445180] Initial branch length optimization
[04:40:26 -126950.617212] Model parameter optimization (eps = 10.000000)
[04:40:28 -126801.618158] AUTODETECT spr round 1 (radius: 5)
[04:40:55 -125738.731849] AUTODETECT spr round 2 (radius: 10)
[04:41:30 -125453.103211] AUTODETECT spr round 3 (radius: 15)
[04:42:13 -125393.730997] AUTODETECT spr round 4 (radius: 20)
[04:43:05 -125386.840667] AUTODETECT spr round 5 (radius: 25)
[04:44:05 -125386.752006] SPR radius for FAST iterations: 20 (autodetect)
[04:44:05 -125386.752006] Model parameter optimization (eps = 3.000000)
[04:44:05 -125385.243204] FAST spr round 1 (radius: 20)
[04:44:59 -125154.139847] FAST spr round 2 (radius: 20)
[04:45:46 -125116.975225] FAST spr round 3 (radius: 20)
[04:46:27 -125104.704603] FAST spr round 4 (radius: 20)
[04:47:01 -125102.664093] FAST spr round 5 (radius: 20)
[04:47:35 -125101.249969] FAST spr round 6 (radius: 20)
[04:48:07 -125100.096661] FAST spr round 7 (radius: 20)
[04:48:39 -125099.944742] FAST spr round 8 (radius: 20)
[04:49:11 -125099.944289] Model parameter optimization (eps = 1.000000)
[04:49:11 -125099.661288] SLOW spr round 1 (radius: 5)
[04:50:01 -125072.260791] SLOW spr round 2 (radius: 5)
[04:50:49 -125065.605013] SLOW spr round 3 (radius: 5)
[04:51:35 -125063.383260] SLOW spr round 4 (radius: 5)
[04:52:20 -125063.220876] SLOW spr round 5 (radius: 5)
[04:53:04 -125063.220673] SLOW spr round 6 (radius: 10)
[04:53:53 -125052.315344] SLOW spr round 7 (radius: 5)
[04:54:49 -125047.924717] SLOW spr round 8 (radius: 5)
[04:55:37 -125047.299253] SLOW spr round 9 (radius: 5)
[04:56:22 -125047.150245] SLOW spr round 10 (radius: 5)
[04:57:08 -125047.150200] SLOW spr round 11 (radius: 10)
[04:57:56 -125046.122061] SLOW spr round 12 (radius: 5)
[04:58:48 -125044.699363] SLOW spr round 13 (radius: 5)
[04:59:36 -125044.699322] SLOW spr round 14 (radius: 10)
[05:00:27 -125044.699322] SLOW spr round 15 (radius: 15)
[05:01:56 -125043.044481] SLOW spr round 16 (radius: 5)
[05:02:49 -125042.879463] SLOW spr round 17 (radius: 5)
[05:03:38 -125042.879404] SLOW spr round 18 (radius: 10)
[05:04:30 -125042.879403] SLOW spr round 19 (radius: 15)
[05:05:57 -125042.879403] SLOW spr round 20 (radius: 20)
[05:07:44 -125042.879403] SLOW spr round 21 (radius: 25)
[05:09:59 -125042.879403] Model parameter optimization (eps = 0.100000)

[05:09:59] ML tree search #9, logLikelihood: -125042.821708

[05:09:59 -144480.278374] Initial branch length optimization
[05:10:00 -126926.828553] Model parameter optimization (eps = 10.000000)
[05:10:01 -126788.609689] AUTODETECT spr round 1 (radius: 5)
[05:10:28 -125594.006325] AUTODETECT spr round 2 (radius: 10)
[05:11:04 -125420.104269] AUTODETECT spr round 3 (radius: 15)
[05:11:50 -125346.616426] AUTODETECT spr round 4 (radius: 20)
[05:12:44 -125332.571474] AUTODETECT spr round 5 (radius: 25)
[05:13:46 -125332.556905] SPR radius for FAST iterations: 20 (autodetect)
[05:13:46 -125332.556905] Model parameter optimization (eps = 3.000000)
[05:13:47 -125329.670279] FAST spr round 1 (radius: 20)
[05:14:41 -125151.178811] FAST spr round 2 (radius: 20)
[05:15:25 -125124.829507] FAST spr round 3 (radius: 20)
[05:16:04 -125117.584720] FAST spr round 4 (radius: 20)
[05:16:38 -125115.210920] FAST spr round 5 (radius: 20)
[05:17:12 -125113.240088] FAST spr round 6 (radius: 20)
[05:17:45 -125111.187291] FAST spr round 7 (radius: 20)
[05:18:16 -125110.775365] FAST spr round 8 (radius: 20)
[05:18:48 -125110.436202] FAST spr round 9 (radius: 20)
[05:19:19 -125109.305421] FAST spr round 10 (radius: 20)
[05:19:51 -125108.277644] FAST spr round 11 (radius: 20)
[05:20:23 -125102.414481] FAST spr round 12 (radius: 20)
[05:20:55 -125102.206518] FAST spr round 13 (radius: 20)
[05:21:26 -125102.134070] Model parameter optimization (eps = 1.000000)
[05:21:26 -125102.133069] SLOW spr round 1 (radius: 5)
[05:22:15 -125086.331720] SLOW spr round 2 (radius: 5)
[05:22:59 -125085.877294] SLOW spr round 3 (radius: 5)
[05:23:42 -125085.857271] SLOW spr round 4 (radius: 10)
[05:24:32 -125079.106700] SLOW spr round 5 (radius: 5)
[05:25:25 -125077.129552] SLOW spr round 6 (radius: 5)
[05:26:14 -125076.332789] SLOW spr round 7 (radius: 5)
[05:27:00 -125076.271677] SLOW spr round 8 (radius: 10)
[05:27:51 -125074.552756] SLOW spr round 9 (radius: 5)
[05:28:44 -125073.702428] SLOW spr round 10 (radius: 5)
[05:29:32 -125073.414492] SLOW spr round 11 (radius: 5)

RAxML-NG v. 0.9.0git released on 24.05.2019 by The Exelixis Lab.
Developed by: Alexey M. Kozlov and Alexandros Stamatakis.
Contributors: Diego Darriba, Tomas Flouri, Benoit Morel, Sarah Lutteropp, Ben Bettisworth.
Latest version: https://github.com/amkozlov/raxml-ng
Questions/problems/suggestions? Please visit: https://groups.google.com/forum/#!forum/raxml

RAxML-NG was called at 03-Sep-2021 06:41:34 as follows:

raxml-ng --msa /N/u/danschw/Carbonate/GitHub/sigma-spore-phage/phylo/data/align-trim-tree/check_msa/parse-msa.raxml.rba --model LG+G4 --prefix /N/u/danschw/Carbonate/GitHub/sigma-spore-phage/phylo/data/align-trim-tree/tree/ml_search/rand-51 --threads 4 --seed 51 --tree pars{10}

Analysis options:
  run mode: ML tree search
  start tree(s): parsimony (10)
  random seed: 51
  tip-inner: OFF
  pattern compression: ON
  per-rate scalers: OFF
  site repeats: ON
  fast spr radius: AUTO
  spr subtree cutoff: 1.000000
  branch lengths: proportional (ML estimate, algorithm: NR-FAST)
  SIMD kernels: AVX2
  parallelization: PTHREADS (4 threads), thread pinning: OFF

WARNING: The model you specified on the command line (LG+G4) will be ignored 
         since the binary MSA file already contains a model definition.
         If you want to change the model, please re-run RAxML-NG 
         with the original PHYLIP/FASTA alignment and --redo option.

[00:00:00] Loading binary alignment from file: /N/u/danschw/Carbonate/GitHub/sigma-spore-phage/phylo/data/align-trim-tree/check_msa/parse-msa.raxml.rba
[00:00:00] Alignment comprises 608 taxa, 1 partitions and 180 patterns

Partition 0: noname
Model: LG+G4m
Alignment sites / patterns: 180 / 180
Gaps: 12.00 %
Invariant sites: 0.00 %


[00:00:00] NOTE: Resuming execution from checkpoint (logLH: -125073.41, ML trees: 9, bootstraps: 0)
[00:00:00] Data distribution: max. partitions/sites/weight per thread: 1 / 45 / 3600

Starting ML tree search with 10 distinct starting trees

[00:00:00 -125073.414492] SPR radius for FAST iterations: 20 (autodetect)
[00:00:00 -125073.414492] SLOW spr round 11 (radius: 5)
[00:00:46 -125073.414270] SLOW spr round 12 (radius: 10)
[00:01:36 -125072.553622] SLOW spr round 13 (radius: 5)
[00:02:30 -125072.553514] SLOW spr round 14 (radius: 10)
[00:03:27 -125071.681978] SLOW spr round 15 (radius: 5)
[00:04:20 -125071.680370] SLOW spr round 16 (radius: 10)
[00:05:16 -125071.550798] SLOW spr round 17 (radius: 5)
[00:06:07 -125070.996469] SLOW spr round 18 (radius: 5)
[00:06:56 -125070.995083] SLOW spr round 19 (radius: 10)
[00:07:47 -125070.142901] SLOW spr round 20 (radius: 5)
[00:08:38 -125068.517555] SLOW spr round 21 (radius: 5)
[00:09:27 -125068.517289] SLOW spr round 22 (radius: 10)
[00:10:19 -125068.517270] SLOW spr round 23 (radius: 15)
[00:11:41 -125068.517266] SLOW spr round 24 (radius: 20)
[00:13:19 -125068.517265] SLOW spr round 25 (radius: 25)
[00:15:26 -125068.517264] Model parameter optimization (eps = 0.100000)

[00:15:26] ML tree search #10, logLikelihood: -125068.506437


Optimized model parameters:

   Partition 0: noname
   Rate heterogeneity: GAMMA (4 cats, mean),  alpha: 1.748573 (ML),  weights&rates: (0.250000,0.261296) (0.250000,0.625304) (0.250000,1.062207) (0.250000,2.051193) 
   Base frequencies (model): 0.079066 0.055941 0.041977 0.053052 0.012937 0.040767 0.071586 0.057337 0.022355 0.062157 0.099081 0.064600 0.022951 0.042302 0.044040 0.061197 0.053287 0.012066 0.034155 0.069147 
   Substitution rates (model): 0.425093 0.276818 0.395144 2.489084 0.969894 1.038545 2.066040 0.358858 0.149830 0.395337 0.536518 1.124035 0.253701 1.177651 4.727182 2.139501 0.180717 0.218959 2.547870 0.751878 0.123954 0.534551 2.807908 0.363970 0.390192 2.426601 0.126991 0.301848 6.326067 0.484133 0.052722 0.332533 0.858151 0.578987 0.593607 0.314440 0.170887 5.076149 0.528768 1.695752 0.541712 1.437645 4.509238 0.191503 0.068427 2.145078 0.371004 0.089525 0.161787 4.008358 2.000679 0.045376 0.612025 0.083688 0.062556 0.523386 5.243870 0.844926 0.927114 0.010690 0.015076 0.282959 0.025548 0.017416 0.394456 1.240275 0.425860 0.029890 0.135107 0.037967 0.084808 0.003499 0.569265 0.640543 0.320627 0.594007 0.013266 0.893680 1.105251 0.075382 2.784478 1.143480 0.670128 1.165532 1.959291 4.128591 0.267959 4.813505 0.072854 0.582457 3.234294 1.672569 0.035855 0.624294 1.223828 1.080136 0.236199 0.257336 0.210332 0.348847 0.423881 0.044265 0.069673 1.807177 0.173735 0.018811 0.419409 0.611973 0.604545 0.077852 0.120037 0.245034 0.311484 0.008705 0.044261 0.296636 0.139538 0.089586 0.196961 1.739990 0.129836 0.268491 0.054679 0.076701 0.108882 0.366317 0.697264 0.442472 0.682139 0.508851 0.990012 0.584262 0.597054 5.306834 0.119013 4.145067 0.159069 4.273607 1.112727 0.078281 0.064105 1.033739 0.111660 0.232523 10.649107 0.137500 6.312358 2.592692 0.249060 0.182287 0.302936 0.619632 0.299648 1.702745 0.656604 0.023918 0.390322 0.748683 1.136863 0.049906 0.131932 0.185202 1.798853 0.099849 0.346960 2.020366 0.696175 0.481306 1.898718 0.094464 0.361819 0.165001 2.457121 7.803902 0.654683 1.338132 0.571468 0.095131 0.089613 0.296501 6.472279 0.248862 0.400547 0.098369 0.140825 0.245841 2.188158 3.151815 0.189510 0.249313 


Final LogLikelihood: -125004.881315

AIC score: 252437.762630 / AICc score: 3202457.762630 / BIC score: 256314.012247
Free parameters (model + branch lengths): 1214

WARNING: Number of free parameters (K=1214) is larger than alignment size (n=180).
         This might lead to overfitting and compromise tree inference results!


Best ML tree saved to: /geode2/home/u020/danschw/Carbonate/GitHub/sigma-spore-phage/phylo/data/align-trim-tree/tree/ml_search/rand-51.raxml.bestTree
All ML trees saved to: /geode2/home/u020/danschw/Carbonate/GitHub/sigma-spore-phage/phylo/data/align-trim-tree/tree/ml_search/rand-51.raxml.mlTrees
Optimized model saved to: /geode2/home/u020/danschw/Carbonate/GitHub/sigma-spore-phage/phylo/data/align-trim-tree/tree/ml_search/rand-51.raxml.bestModel

Execution log saved to: /geode2/home/u020/danschw/Carbonate/GitHub/sigma-spore-phage/phylo/data/align-trim-tree/tree/ml_search/rand-51.raxml.log

Analysis started: 03-Sep-2021 06:41:34 / finished: 03-Sep-2021 06:57:01

Elapsed time: 926.977 seconds (this run) / 20699.947 seconds (total with restarts)

