
RAxML-NG v. 0.9.0git released on 24.05.2019 by The Exelixis Lab.
Developed by: Alexey M. Kozlov and Alexandros Stamatakis.
Contributors: Diego Darriba, Tomas Flouri, Benoit Morel, Sarah Lutteropp, Ben Bettisworth.
Latest version: https://github.com/amkozlov/raxml-ng
Questions/problems/suggestions? Please visit: https://groups.google.com/forum/#!forum/raxml

RAxML-NG was called at 07-Jan-2022 17:07:18 as follows:

raxml-ng --msa /N/u/danschw/Carbonate/GitHub/sigma-spore-phage/phylo/data/align-trim-tree/check_msa/check-msa.raxml.reduced.phy --model LG+G4 --prefix /N/u/danschw/Carbonate/GitHub/sigma-spore-phage/phylo/data/align-trim-tree/tree/ml_search/rand-43 --threads 4 --seed 43 --tree rand{10}

Analysis options:
  run mode: ML tree search
  start tree(s): random (10)
  random seed: 43
  tip-inner: OFF
  pattern compression: ON
  per-rate scalers: OFF
  site repeats: ON
  fast spr radius: AUTO
  spr subtree cutoff: 1.000000
  branch lengths: proportional (ML estimate, algorithm: NR-FAST)
  SIMD kernels: AVX2
  parallelization: PTHREADS (4 threads), thread pinning: OFF

[00:00:00] Reading alignment from file: /N/u/danschw/Carbonate/GitHub/sigma-spore-phage/phylo/data/align-trim-tree/check_msa/check-msa.raxml.reduced.phy
[00:00:00] Loaded alignment with 661 taxa and 189 sites

Alignment comprises 1 partitions and 189 patterns

Partition 0: noname
Model: LG+G4m
Alignment sites / patterns: 189 / 189
Gaps: 15.93 %
Invariant sites: 0.00 %


NOTE: Binary MSA file created: /N/u/danschw/Carbonate/GitHub/sigma-spore-phage/phylo/data/align-trim-tree/tree/ml_search/rand-43.raxml.rba

[00:00:00] Generating 10 random starting tree(s) with 661 taxa
[00:00:00] Data distribution: max. partitions/sites/weight per thread: 1 / 48 / 3840

Starting ML tree search with 10 distinct starting trees

[00:00:00 -290426.692022] Initial branch length optimization
[00:00:01 -244525.613254] Model parameter optimization (eps = 10.000000)
[00:00:03 -244512.673473] AUTODETECT spr round 1 (radius: 5)
[00:00:45 -204512.883734] AUTODETECT spr round 2 (radius: 10)
[00:01:28 -167842.289124] AUTODETECT spr round 3 (radius: 15)
[00:02:17 -153202.253764] AUTODETECT spr round 4 (radius: 20)
[00:03:10 -145354.022248] AUTODETECT spr round 5 (radius: 25)
[00:04:13 -144586.102570] SPR radius for FAST iterations: 25 (autodetect)
[00:04:13 -144586.102570] Model parameter optimization (eps = 3.000000)
[00:04:15 -144473.651763] FAST spr round 1 (radius: 25)
[00:05:29 -134180.806595] FAST spr round 2 (radius: 25)
[00:06:26 -133852.509228] FAST spr round 3 (radius: 25)
[00:07:17 -133810.575647] FAST spr round 4 (radius: 25)
[00:08:02 -133805.373308] FAST spr round 5 (radius: 25)
[00:08:45 -133801.897461] FAST spr round 6 (radius: 25)
[00:09:28 -133799.606159] FAST spr round 7 (radius: 25)
[00:10:09 -133799.606114] Model parameter optimization (eps = 1.000000)
[00:10:10 -133799.396623] SLOW spr round 1 (radius: 5)
[00:11:05 -133768.053761] SLOW spr round 2 (radius: 5)
[00:11:58 -133765.350276] SLOW spr round 3 (radius: 5)
[00:12:50 -133755.971534] SLOW spr round 4 (radius: 5)
[00:13:43 -133745.031805] SLOW spr round 5 (radius: 5)
[00:14:34 -133740.585686] SLOW spr round 6 (radius: 5)
[00:15:25 -133740.301839] SLOW spr round 7 (radius: 5)
[00:16:14 -133740.301704] SLOW spr round 8 (radius: 10)
[00:17:09 -133737.200166] SLOW spr round 9 (radius: 5)
[00:18:10 -133734.142520] SLOW spr round 10 (radius: 5)
[00:19:04 -133734.141683] SLOW spr round 11 (radius: 10)
[00:20:03 -133734.141606] SLOW spr round 12 (radius: 15)
[00:21:47 -133734.141586] SLOW spr round 13 (radius: 20)
[00:24:01 -133734.141579] SLOW spr round 14 (radius: 25)
[00:26:41 -133734.141576] Model parameter optimization (eps = 0.100000)

[00:26:41] ML tree search #1, logLikelihood: -133734.118006

[00:26:41 -291745.298800] Initial branch length optimization
[00:26:42 -245326.486611] Model parameter optimization (eps = 10.000000)
[00:26:43 -245258.000637] AUTODETECT spr round 1 (radius: 5)
[00:27:20 -207043.011763] AUTODETECT spr round 2 (radius: 10)
[00:28:03 -165918.756446] AUTODETECT spr round 3 (radius: 15)
[00:28:50 -147917.033995] AUTODETECT spr round 4 (radius: 20)
[00:29:46 -142570.745671] AUTODETECT spr round 5 (radius: 25)
[00:30:49 -142241.977032] SPR radius for FAST iterations: 25 (autodetect)
[00:30:49 -142241.977032] Model parameter optimization (eps = 3.000000)
[00:30:51 -142208.833899] FAST spr round 1 (radius: 25)
[00:32:03 -134336.972581] FAST spr round 2 (radius: 25)
[00:33:02 -133885.608792] FAST spr round 3 (radius: 25)
[00:33:52 -133820.573712] FAST spr round 4 (radius: 25)
[00:34:38 -133802.725261] FAST spr round 5 (radius: 25)
[00:35:18 -133800.214410] FAST spr round 6 (radius: 25)
[00:35:56 -133800.050268] FAST spr round 7 (radius: 25)
[00:36:35 -133800.049837] Model parameter optimization (eps = 1.000000)
[00:36:36 -133792.302216] SLOW spr round 1 (radius: 5)
[00:37:34 -133765.270283] SLOW spr round 2 (radius: 5)
[00:38:31 -133750.794008] SLOW spr round 3 (radius: 5)
[00:39:26 -133747.226598] SLOW spr round 4 (radius: 5)
[00:40:16 -133747.226548] SLOW spr round 5 (radius: 10)
[00:41:12 -133738.770671] SLOW spr round 6 (radius: 5)
[00:42:14 -133732.773294] SLOW spr round 7 (radius: 5)
[00:43:10 -133731.751467] SLOW spr round 8 (radius: 5)
[00:44:01 -133731.750687] SLOW spr round 9 (radius: 10)
[00:44:58 -133729.103041] SLOW spr round 10 (radius: 5)
[00:45:57 -133728.701943] SLOW spr round 11 (radius: 5)
[00:46:51 -133728.701625] SLOW spr round 12 (radius: 10)
[00:47:51 -133727.975326] SLOW spr round 13 (radius: 5)
[00:48:51 -133726.546539] SLOW spr round 14 (radius: 5)
[00:49:46 -133725.912052] SLOW spr round 15 (radius: 5)
[00:50:37 -133725.905350] SLOW spr round 16 (radius: 10)
[00:51:35 -133723.919796] SLOW spr round 17 (radius: 5)
[00:52:36 -133721.168415] SLOW spr round 18 (radius: 5)
[00:53:31 -133720.247762] SLOW spr round 19 (radius: 5)
[00:54:22 -133720.247663] SLOW spr round 20 (radius: 10)
[00:55:20 -133717.142900] SLOW spr round 21 (radius: 5)
[00:56:20 -133713.172712] SLOW spr round 22 (radius: 5)
[00:57:15 -133711.307814] SLOW spr round 23 (radius: 5)
[00:58:08 -133703.133293] SLOW spr round 24 (radius: 5)
[00:58:58 -133703.132406] SLOW spr round 25 (radius: 10)
[00:59:54 -133703.132381] SLOW spr round 26 (radius: 15)
[01:01:47 -133703.132378] SLOW spr round 27 (radius: 20)
[01:04:03 -133703.132377] SLOW spr round 28 (radius: 25)
[01:06:44 -133703.132377] Model parameter optimization (eps = 0.100000)

[01:06:45] ML tree search #2, logLikelihood: -133702.465972

[01:06:45 -292639.661319] Initial branch length optimization
[01:06:46 -246188.845010] Model parameter optimization (eps = 10.000000)
[01:06:47 -246175.331517] AUTODETECT spr round 1 (radius: 5)
[01:07:24 -205997.423477] AUTODETECT spr round 2 (radius: 10)
[01:08:06 -171739.299632] AUTODETECT spr round 3 (radius: 15)
[01:08:53 -152428.918728] AUTODETECT spr round 4 (radius: 20)
[01:09:47 -145425.680961] AUTODETECT spr round 5 (radius: 25)
[01:10:51 -144991.103331] SPR radius for FAST iterations: 25 (autodetect)
[01:10:51 -144991.103331] Model parameter optimization (eps = 3.000000)
[01:10:53 -144908.196573] FAST spr round 1 (radius: 25)
[01:12:12 -134228.046806] FAST spr round 2 (radius: 25)
[01:13:09 -133825.052461] FAST spr round 3 (radius: 25)
[01:13:59 -133759.207118] FAST spr round 4 (radius: 25)
[01:14:41 -133755.557625] FAST spr round 5 (radius: 25)
[01:15:21 -133754.281942] FAST spr round 6 (radius: 25)
[01:15:59 -133754.281734] Model parameter optimization (eps = 1.000000)
[01:16:00 -133750.351717] SLOW spr round 1 (radius: 5)
[01:16:59 -133728.300766] SLOW spr round 2 (radius: 5)
[01:17:53 -133728.297206] SLOW spr round 3 (radius: 10)
[01:18:53 -133727.322058] SLOW spr round 4 (radius: 5)
[01:20:01 -133715.238784] SLOW spr round 5 (radius: 5)
[01:21:02 -133710.975618] SLOW spr round 6 (radius: 5)
[01:21:59 -133710.915903] SLOW spr round 7 (radius: 10)
[01:22:55 -133710.914486] SLOW spr round 8 (radius: 15)
[01:24:40 -133710.913990] SLOW spr round 9 (radius: 20)
[01:26:52 -133710.664716] SLOW spr round 10 (radius: 5)
[01:27:55 -133707.901612] SLOW spr round 11 (radius: 5)
[01:28:52 -133707.453489] SLOW spr round 12 (radius: 5)
[01:29:45 -133707.452368] SLOW spr round 13 (radius: 10)
[01:30:43 -133707.452010] SLOW spr round 14 (radius: 15)
[01:32:28 -133707.451791] SLOW spr round 15 (radius: 20)
[01:34:40 -133707.451603] SLOW spr round 16 (radius: 25)
[01:37:18 -133707.451427] Model parameter optimization (eps = 0.100000)

[01:37:19] ML tree search #3, logLikelihood: -133707.451196

[01:37:19 -291917.287352] Initial branch length optimization
[01:37:20 -245383.203225] Model parameter optimization (eps = 10.000000)
[01:37:21 -245352.809410] AUTODETECT spr round 1 (radius: 5)
[01:37:58 -202092.141465] AUTODETECT spr round 2 (radius: 10)
[01:38:40 -167776.131247] AUTODETECT spr round 3 (radius: 15)
[01:39:29 -149932.599334] AUTODETECT spr round 4 (radius: 20)
[01:40:26 -146107.988913] AUTODETECT spr round 5 (radius: 25)
[01:41:36 -145093.082644] SPR radius for FAST iterations: 25 (autodetect)
[01:41:36 -145093.082644] Model parameter optimization (eps = 3.000000)
[01:41:39 -144863.445870] FAST spr round 1 (radius: 25)
[01:42:55 -134337.486862] FAST spr round 2 (radius: 25)
[01:43:53 -133866.744318] FAST spr round 3 (radius: 25)
[01:44:44 -133783.744151] FAST spr round 4 (radius: 25)
[01:45:29 -133779.803417] FAST spr round 5 (radius: 25)
[01:46:09 -133777.295763] FAST spr round 6 (radius: 25)
[01:46:49 -133777.294667] Model parameter optimization (eps = 1.000000)
[01:46:50 -133771.956119] SLOW spr round 1 (radius: 5)
[01:47:48 -133739.264598] SLOW spr round 2 (radius: 5)
[01:48:42 -133737.325738] SLOW spr round 3 (radius: 5)
[01:49:35 -133737.325192] SLOW spr round 4 (radius: 10)
[01:50:35 -133733.350922] SLOW spr round 5 (radius: 5)
[01:51:38 -133716.167094] SLOW spr round 6 (radius: 5)
[01:52:33 -133712.662304] SLOW spr round 7 (radius: 5)
[01:53:25 -133712.661780] SLOW spr round 8 (radius: 10)
[01:54:21 -133712.239393] SLOW spr round 9 (radius: 5)
[01:55:21 -133712.236990] SLOW spr round 10 (radius: 10)
[01:56:24 -133712.236803] SLOW spr round 11 (radius: 15)
[01:57:59 -133710.601019] SLOW spr round 12 (radius: 5)
[01:59:00 -133709.592823] SLOW spr round 13 (radius: 5)
[01:59:56 -133709.592506] SLOW spr round 14 (radius: 10)
[02:00:54 -133709.592497] SLOW spr round 15 (radius: 15)
[02:02:31 -133709.592496] SLOW spr round 16 (radius: 20)
[02:04:39 -133709.592496] SLOW spr round 17 (radius: 25)
[02:07:09 -133709.592496] Model parameter optimization (eps = 0.100000)

[02:07:10] ML tree search #4, logLikelihood: -133708.413541

[02:07:10 -291758.434105] Initial branch length optimization
[02:07:12 -245553.622824] Model parameter optimization (eps = 10.000000)
[02:07:13 -245523.802520] AUTODETECT spr round 1 (radius: 5)
[02:07:49 -205798.629869] AUTODETECT spr round 2 (radius: 10)
[02:08:32 -168167.395681] AUTODETECT spr round 3 (radius: 15)
[02:09:19 -154861.238061] AUTODETECT spr round 4 (radius: 20)
[02:10:22 -148302.922581] AUTODETECT spr round 5 (radius: 25)
[02:11:26 -147019.750964] SPR radius for FAST iterations: 25 (autodetect)
[02:11:26 -147019.750964] Model parameter optimization (eps = 3.000000)
[02:11:27 -146944.670010] FAST spr round 1 (radius: 25)
[02:12:43 -134466.565641] FAST spr round 2 (radius: 25)
[02:13:38 -133827.475301] FAST spr round 3 (radius: 25)
[02:14:28 -133784.242233] FAST spr round 4 (radius: 25)
[02:15:10 -133775.056639] FAST spr round 5 (radius: 25)
[02:15:52 -133767.805047] FAST spr round 6 (radius: 25)
[02:16:34 -133760.185304] FAST spr round 7 (radius: 25)
[02:17:13 -133759.137862] FAST spr round 8 (radius: 25)
[02:17:53 -133759.136799] Model parameter optimization (eps = 1.000000)
[02:17:54 -133756.598617] SLOW spr round 1 (radius: 5)
[02:18:52 -133726.003002] SLOW spr round 2 (radius: 5)
[02:19:47 -133717.821352] SLOW spr round 3 (radius: 5)
[02:20:38 -133715.744733] SLOW spr round 4 (radius: 5)
[02:21:27 -133715.178966] SLOW spr round 5 (radius: 5)
[02:22:16 -133715.178956] SLOW spr round 6 (radius: 10)
[02:23:13 -133707.750560] SLOW spr round 7 (radius: 5)
[02:24:14 -133705.984896] SLOW spr round 8 (radius: 5)
[02:25:09 -133705.849358] SLOW spr round 9 (radius: 5)
[02:26:00 -133705.848857] SLOW spr round 10 (radius: 10)
[02:26:57 -133704.995249] SLOW spr round 11 (radius: 5)
[02:27:58 -133699.938864] SLOW spr round 12 (radius: 5)
[02:28:52 -133699.938795] SLOW spr round 13 (radius: 10)
[02:29:52 -133699.938795] SLOW spr round 14 (radius: 15)
[02:31:38 -133698.147383] SLOW spr round 15 (radius: 5)
[02:32:39 -133698.146413] SLOW spr round 16 (radius: 10)
[02:33:48 -133698.146386] SLOW spr round 17 (radius: 15)
[02:35:27 -133698.146384] SLOW spr round 18 (radius: 20)
[02:37:38 -133698.146383] SLOW spr round 19 (radius: 25)
[02:40:18 -133698.146383] Model parameter optimization (eps = 0.100000)

[02:40:18] ML tree search #5, logLikelihood: -133698.021917

[02:40:18 -291701.648432] Initial branch length optimization
[02:40:20 -245257.107021] Model parameter optimization (eps = 10.000000)
[02:40:21 -245179.018275] AUTODETECT spr round 1 (radius: 5)
[02:40:58 -202833.959376] AUTODETECT spr round 2 (radius: 10)
[02:41:41 -163250.630010] AUTODETECT spr round 3 (radius: 15)
[02:42:34 -148266.469924] AUTODETECT spr round 4 (radius: 20)
[02:43:27 -143930.887990] AUTODETECT spr round 5 (radius: 25)
[02:44:26 -143071.603829] SPR radius for FAST iterations: 25 (autodetect)
[02:44:27 -143071.603829] Model parameter optimization (eps = 3.000000)
[02:44:31 -142751.693257] FAST spr round 1 (radius: 25)
[02:45:46 -134268.346642] FAST spr round 2 (radius: 25)
[02:46:43 -133841.977757] FAST spr round 3 (radius: 25)
[02:47:32 -133800.339160] FAST spr round 4 (radius: 25)
[02:48:16 -133782.248708] FAST spr round 5 (radius: 25)
[02:48:57 -133780.869952] FAST spr round 6 (radius: 25)
[02:49:36 -133780.868821] Model parameter optimization (eps = 1.000000)
[02:49:37 -133780.866056] SLOW spr round 1 (radius: 5)
[02:50:34 -133765.156972] SLOW spr round 2 (radius: 5)
[02:51:28 -133759.790281] SLOW spr round 3 (radius: 5)
[02:52:21 -133759.491880] SLOW spr round 4 (radius: 5)
[02:53:13 -133759.491746] SLOW spr round 5 (radius: 10)
[02:54:08 -133758.567918] SLOW spr round 6 (radius: 5)
[02:55:08 -133754.579899] SLOW spr round 7 (radius: 5)
[02:56:01 -133754.331515] SLOW spr round 8 (radius: 5)
[02:56:52 -133754.331385] SLOW spr round 9 (radius: 10)
[02:57:48 -133754.331338] SLOW spr round 10 (radius: 15)
[02:59:29 -133754.331309] SLOW spr round 11 (radius: 20)
[03:01:31 -133754.331292] SLOW spr round 12 (radius: 25)
[03:03:55 -133754.331281] Model parameter optimization (eps = 0.100000)

[03:03:56] ML tree search #6, logLikelihood: -133754.280438

[03:03:56 -291101.693312] Initial branch length optimization
[03:03:57 -245062.554170] Model parameter optimization (eps = 10.000000)
[03:03:58 -244981.923937] AUTODETECT spr round 1 (radius: 5)
[03:04:34 -204484.002163] AUTODETECT spr round 2 (radius: 10)
[03:05:16 -167956.999604] AUTODETECT spr round 3 (radius: 15)
[03:06:08 -148031.634039] AUTODETECT spr round 4 (radius: 20)
[03:07:08 -144647.620587] AUTODETECT spr round 5 (radius: 25)
[03:08:11 -144502.342535] SPR radius for FAST iterations: 25 (autodetect)
[03:08:11 -144502.342535] Model parameter optimization (eps = 3.000000)
[03:08:16 -144200.552438] FAST spr round 1 (radius: 25)
[03:09:30 -134200.177320] FAST spr round 2 (radius: 25)
[03:10:26 -133857.510370] FAST spr round 3 (radius: 25)
[03:11:16 -133797.808840] FAST spr round 4 (radius: 25)
[03:12:00 -133791.364113] FAST spr round 5 (radius: 25)
[03:12:39 -133791.363225] Model parameter optimization (eps = 1.000000)
[03:12:40 -133791.157706] SLOW spr round 1 (radius: 5)
[03:13:39 -133768.544625] SLOW spr round 2 (radius: 5)
[03:14:34 -133766.444868] SLOW spr round 3 (radius: 5)
[03:15:25 -133765.467135] SLOW spr round 4 (radius: 5)
[03:16:15 -133765.466558] SLOW spr round 5 (radius: 10)
[03:17:09 -133763.869692] SLOW spr round 6 (radius: 5)
[03:18:07 -133763.869205] SLOW spr round 7 (radius: 10)
[03:19:11 -133762.976972] SLOW spr round 8 (radius: 5)
[03:20:11 -133754.898314] SLOW spr round 9 (radius: 5)
[03:21:05 -133754.837880] SLOW spr round 10 (radius: 10)
[03:22:02 -133754.693709] SLOW spr round 11 (radius: 5)
[03:23:03 -133748.978109] SLOW spr round 12 (radius: 5)
[03:23:58 -133747.628321] SLOW spr round 13 (radius: 5)
[03:24:50 -133747.623261] SLOW spr round 14 (radius: 10)
[03:25:45 -133747.621897] SLOW spr round 15 (radius: 15)
[03:27:29 -133747.621478] SLOW spr round 16 (radius: 20)
[03:29:28 -133747.621320] SLOW spr round 17 (radius: 25)
[03:31:49 -133747.621252] Model parameter optimization (eps = 0.100000)

[03:31:50] ML tree search #7, logLikelihood: -133747.615067

[03:31:50 -292152.840618] Initial branch length optimization
[03:31:51 -246054.572416] Model parameter optimization (eps = 10.000000)
[03:31:52 -246027.616473] AUTODETECT spr round 1 (radius: 5)
[03:32:30 -205960.897710] AUTODETECT spr round 2 (radius: 10)
[03:33:13 -170707.418560] AUTODETECT spr round 3 (radius: 15)
[03:34:03 -154263.582133] AUTODETECT spr round 4 (radius: 20)
[03:35:00 -148319.407832] AUTODETECT spr round 5 (radius: 25)
[03:35:57 -146863.911062] SPR radius for FAST iterations: 25 (autodetect)
[03:35:57 -146863.911062] Model parameter optimization (eps = 3.000000)
[03:35:58 -146785.800106] FAST spr round 1 (radius: 25)
[03:37:13 -134357.399464] FAST spr round 2 (radius: 25)
[03:38:12 -133881.782188] FAST spr round 3 (radius: 25)
[03:39:04 -133804.164949] FAST spr round 4 (radius: 25)
[03:39:51 -133791.650641] FAST spr round 5 (radius: 25)
[03:40:34 -133789.193358] FAST spr round 6 (radius: 25)
[03:41:14 -133789.193289] Model parameter optimization (eps = 1.000000)
[03:41:14 -133788.294818] SLOW spr round 1 (radius: 5)
[03:42:11 -133754.490123] SLOW spr round 2 (radius: 5)
[03:43:05 -133746.839288] SLOW spr round 3 (radius: 5)
[03:43:56 -133746.838931] SLOW spr round 4 (radius: 10)
[03:44:52 -133741.736287] SLOW spr round 5 (radius: 5)
[03:45:53 -133737.599967] SLOW spr round 6 (radius: 5)
[03:46:48 -133737.599697] SLOW spr round 7 (radius: 10)
[03:47:47 -133735.805215] SLOW spr round 8 (radius: 5)
[03:48:47 -133732.309166] SLOW spr round 9 (radius: 5)
[03:49:41 -133732.046564] SLOW spr round 10 (radius: 5)
[03:50:33 -133732.046364] SLOW spr round 11 (radius: 10)
[03:51:29 -133731.712651] SLOW spr round 12 (radius: 5)
[03:52:28 -133731.098468] SLOW spr round 13 (radius: 5)
[03:53:21 -133731.098425] SLOW spr round 14 (radius: 10)
[03:54:20 -133730.851776] SLOW spr round 15 (radius: 5)
[03:55:19 -133730.720859] SLOW spr round 16 (radius: 5)
[03:56:13 -133730.720555] SLOW spr round 17 (radius: 10)
[03:57:12 -133729.103283] SLOW spr round 18 (radius: 5)
[03:58:11 -133726.265786] SLOW spr round 19 (radius: 5)
[03:59:05 -133726.265467] SLOW spr round 20 (radius: 10)
[04:00:03 -133725.872647] SLOW spr round 21 (radius: 5)
[04:01:02 -133724.913234] SLOW spr round 22 (radius: 5)
[04:01:58 -133723.616645] SLOW spr round 23 (radius: 5)
[04:02:49 -133723.616137] SLOW spr round 24 (radius: 10)
[04:03:46 -133723.616012] SLOW spr round 25 (radius: 15)
[04:05:29 -133723.233028] SLOW spr round 26 (radius: 5)
[04:06:30 -133723.231535] SLOW spr round 27 (radius: 10)
[04:07:38 -133723.231356] SLOW spr round 28 (radius: 15)
[04:09:16 -133723.231326] SLOW spr round 29 (radius: 20)
[04:11:35 -133723.231318] SLOW spr round 30 (radius: 25)
[04:14:14 -133723.231316] Model parameter optimization (eps = 0.100000)

[04:14:14] ML tree search #8, logLikelihood: -133723.224453

[04:14:14 -291615.327171] Initial branch length optimization
[04:14:16 -245106.628131] Model parameter optimization (eps = 10.000000)
[04:14:17 -245057.795160] AUTODETECT spr round 1 (radius: 5)
[04:14:54 -205219.482889] AUTODETECT spr round 2 (radius: 10)
[04:15:36 -170112.670528] AUTODETECT spr round 3 (radius: 15)
[04:16:22 -151495.605937] AUTODETECT spr round 4 (radius: 20)
[04:17:11 -148186.078343] AUTODETECT spr round 5 (radius: 25)
[04:18:10 -146339.070134] SPR radius for FAST iterations: 25 (autodetect)
[04:18:10 -146339.070134] Model parameter optimization (eps = 3.000000)
[04:18:12 -146283.487026] FAST spr round 1 (radius: 25)
[04:19:24 -134372.099628] FAST spr round 2 (radius: 25)
[04:20:19 -133895.671898] FAST spr round 3 (radius: 25)
[04:21:07 -133829.201613] FAST spr round 4 (radius: 25)
[04:21:52 -133809.197759] FAST spr round 5 (radius: 25)
[04:22:33 -133803.719205] FAST spr round 6 (radius: 25)
[04:23:11 -133803.182643] FAST spr round 7 (radius: 25)
[04:23:50 -133800.314000] FAST spr round 8 (radius: 25)
[04:24:32 -133779.600786] FAST spr round 9 (radius: 25)
[04:25:12 -133768.521610] FAST spr round 10 (radius: 25)
[04:25:51 -133766.429154] FAST spr round 11 (radius: 25)
[04:26:28 -133766.428929] Model parameter optimization (eps = 1.000000)
[04:26:28 -133764.297059] SLOW spr round 1 (radius: 5)
[04:27:24 -133732.796539] SLOW spr round 2 (radius: 5)
[04:28:17 -133726.360010] SLOW spr round 3 (radius: 5)
[04:29:08 -133725.573420] SLOW spr round 4 (radius: 5)
[04:29:58 -133725.573172] SLOW spr round 5 (radius: 10)
[04:30:53 -133723.504784] SLOW spr round 6 (radius: 5)
[04:31:53 -133723.504686] SLOW spr round 7 (radius: 10)
[04:32:56 -133723.504683] SLOW spr round 8 (radius: 15)
[04:34:25 -133723.504682] SLOW spr round 9 (radius: 20)
[04:36:18 -133723.504682] SLOW spr round 10 (radius: 25)
[04:38:35 -133723.504682] Model parameter optimization (eps = 0.100000)

[04:38:35] ML tree search #9, logLikelihood: -133723.503812

[04:38:35 -291158.109067] Initial branch length optimization
[04:38:37 -245282.547512] Model parameter optimization (eps = 10.000000)
[04:38:38 -245237.844423] AUTODETECT spr round 1 (radius: 5)
[04:39:15 -202468.980499] AUTODETECT spr round 2 (radius: 10)
[04:39:56 -173171.505439] AUTODETECT spr round 3 (radius: 15)
[04:40:44 -155532.653161] AUTODETECT spr round 4 (radius: 20)
[04:41:36 -146930.999585] AUTODETECT spr round 5 (radius: 25)
[04:42:33 -145913.391110] SPR radius for FAST iterations: 25 (autodetect)
[04:42:33 -145913.391110] Model parameter optimization (eps = 3.000000)
[04:42:34 -145865.807921] FAST spr round 1 (radius: 25)
[04:43:45 -134267.280769] FAST spr round 2 (radius: 25)
[04:44:42 -133894.470589] FAST spr round 3 (radius: 25)
[04:45:34 -133795.914045] FAST spr round 4 (radius: 25)
[04:46:19 -133776.523609] FAST spr round 5 (radius: 25)
[04:47:02 -133756.061467] FAST spr round 6 (radius: 25)
[04:47:42 -133753.723045] FAST spr round 7 (radius: 25)
[04:48:21 -133753.189522] FAST spr round 8 (radius: 25)
[04:48:58 -133753.189102] Model parameter optimization (eps = 1.000000)
[04:48:59 -133749.666036] SLOW spr round 1 (radius: 5)
[04:49:56 -133723.341443] SLOW spr round 2 (radius: 5)
[04:50:49 -133718.930271] SLOW spr round 3 (radius: 5)
[04:51:41 -133717.356912] SLOW spr round 4 (radius: 5)
[04:52:32 -133717.356597] SLOW spr round 5 (radius: 10)
[04:53:30 -133716.136545] SLOW spr round 6 (radius: 5)
[04:54:31 -133714.854705] SLOW spr round 7 (radius: 5)
[04:55:25 -133714.854334] SLOW spr round 8 (radius: 10)
[04:56:25 -133714.654595] SLOW spr round 9 (radius: 5)
[04:57:24 -133710.905220] SLOW spr round 10 (radius: 5)
[04:58:18 -133710.903524] SLOW spr round 11 (radius: 10)
[04:59:18 -133710.903362] SLOW spr round 12 (radius: 15)
[05:00:57 -133710.903211] SLOW spr round 13 (radius: 20)
[05:03:03 -133710.903053] SLOW spr round 14 (radius: 25)
[05:05:33 -133710.902902] Model parameter optimization (eps = 0.100000)

[05:05:34] ML tree search #10, logLikelihood: -133710.897176


Optimized model parameters:

   Partition 0: noname
   Rate heterogeneity: GAMMA (4 cats, mean),  alpha: 1.781922 (ML),  weights&rates: (0.250000,0.265776) (0.250000,0.629621) (0.250000,1.063435) (0.250000,2.041168) 
   Base frequencies (model): 0.079066 0.055941 0.041977 0.053052 0.012937 0.040767 0.071586 0.057337 0.022355 0.062157 0.099081 0.064600 0.022951 0.042302 0.044040 0.061197 0.053287 0.012066 0.034155 0.069147 
   Substitution rates (model): 0.425093 0.276818 0.395144 2.489084 0.969894 1.038545 2.066040 0.358858 0.149830 0.395337 0.536518 1.124035 0.253701 1.177651 4.727182 2.139501 0.180717 0.218959 2.547870 0.751878 0.123954 0.534551 2.807908 0.363970 0.390192 2.426601 0.126991 0.301848 6.326067 0.484133 0.052722 0.332533 0.858151 0.578987 0.593607 0.314440 0.170887 5.076149 0.528768 1.695752 0.541712 1.437645 4.509238 0.191503 0.068427 2.145078 0.371004 0.089525 0.161787 4.008358 2.000679 0.045376 0.612025 0.083688 0.062556 0.523386 5.243870 0.844926 0.927114 0.010690 0.015076 0.282959 0.025548 0.017416 0.394456 1.240275 0.425860 0.029890 0.135107 0.037967 0.084808 0.003499 0.569265 0.640543 0.320627 0.594007 0.013266 0.893680 1.105251 0.075382 2.784478 1.143480 0.670128 1.165532 1.959291 4.128591 0.267959 4.813505 0.072854 0.582457 3.234294 1.672569 0.035855 0.624294 1.223828 1.080136 0.236199 0.257336 0.210332 0.348847 0.423881 0.044265 0.069673 1.807177 0.173735 0.018811 0.419409 0.611973 0.604545 0.077852 0.120037 0.245034 0.311484 0.008705 0.044261 0.296636 0.139538 0.089586 0.196961 1.739990 0.129836 0.268491 0.054679 0.076701 0.108882 0.366317 0.697264 0.442472 0.682139 0.508851 0.990012 0.584262 0.597054 5.306834 0.119013 4.145067 0.159069 4.273607 1.112727 0.078281 0.064105 1.033739 0.111660 0.232523 10.649107 0.137500 6.312358 2.592692 0.249060 0.182287 0.302936 0.619632 0.299648 1.702745 0.656604 0.023918 0.390322 0.748683 1.136863 0.049906 0.131932 0.185202 1.798853 0.099849 0.346960 2.020366 0.696175 0.481306 1.898718 0.094464 0.361819 0.165001 2.457121 7.803902 0.654683 1.338132 0.571468 0.095131 0.089613 0.296501 6.472279 0.248862 0.400547 0.098369 0.140825 0.245841 2.188158 3.151815 0.189510 0.249313 


Final LogLikelihood: -133698.021917

AIC score: 270036.043834 / AICc score: 3757476.043834 / BIC score: 274315.149894
Free parameters (model + branch lengths): 1320

WARNING: Number of free parameters (K=1320) is larger than alignment size (n=189).
         This might lead to overfitting and compromise tree inference results!


Best ML tree saved to: /geode2/home/u020/danschw/Carbonate/GitHub/sigma-spore-phage/phylo/data/align-trim-tree/tree/ml_search/rand-43.raxml.bestTree
All ML trees saved to: /geode2/home/u020/danschw/Carbonate/GitHub/sigma-spore-phage/phylo/data/align-trim-tree/tree/ml_search/rand-43.raxml.mlTrees
Optimized model saved to: /geode2/home/u020/danschw/Carbonate/GitHub/sigma-spore-phage/phylo/data/align-trim-tree/tree/ml_search/rand-43.raxml.bestModel

Execution log saved to: /geode2/home/u020/danschw/Carbonate/GitHub/sigma-spore-phage/phylo/data/align-trim-tree/tree/ml_search/rand-43.raxml.log

Analysis started: 07-Jan-2022 17:07:18 / finished: 07-Jan-2022 22:12:53

Elapsed time: 18334.153 seconds

