
RAxML-NG v. 0.9.0git released on 24.05.2019 by The Exelixis Lab.
Developed by: Alexey M. Kozlov and Alexandros Stamatakis.
Contributors: Diego Darriba, Tomas Flouri, Benoit Morel, Sarah Lutteropp, Ben Bettisworth.
Latest version: https://github.com/amkozlov/raxml-ng
Questions/problems/suggestions? Please visit: https://groups.google.com/forum/#!forum/raxml

RAxML-NG was called at 08-Jan-2022 21:11:55 as follows:

raxml-ng --rfdist --tree mltrees --redo --prefix RF

Analysis options:
  run mode: RF distance computation
  start tree(s): user
  random seed: 1641694315
  SIMD kernels: AVX2
  parallelization: NONE/sequential

WARNING: Running in REDO mode: existing checkpoints are ignored, and all result files will be overwritten!

Reading input trees from file: mltrees
Loaded 500 trees with 661 taxa.

Average absolute RF distance in this tree set: 290.622012
Average relative RF distance in this tree set: 0.220837
Number of unique topologies in this tree set: 500

Pairwise RF distances saved to: /geode2/home/u020/danschw/Carbonate/GitHub/sigma-spore-phage/phylo/data/align-trim-tree/tree/ml_search/RF.raxml.rfDistances

Execution log saved to: /geode2/home/u020/danschw/Carbonate/GitHub/sigma-spore-phage/phylo/data/align-trim-tree/tree/ml_search/RF.raxml.log

Analysis started: 08-Jan-2022 21:11:55 / finished: 08-Jan-2022 21:12:38

Elapsed time: 42.306 seconds

