Flex 2.6.4 loaded.
CMake version 3.8.0 loaded.
raxmlng version 0.9.0-pthreads loaded.

RAxML-NG v. 0.9.0git released on 24.05.2019 by The Exelixis Lab.
Developed by: Alexey M. Kozlov and Alexandros Stamatakis.
Contributors: Diego Darriba, Tomas Flouri, Benoit Morel, Sarah Lutteropp, Ben Bettisworth.
Latest version: https://github.com/amkozlov/raxml-ng
Questions/problems/suggestions? Please visit: https://groups.google.com/forum/#!forum/raxml

RAxML-NG was called at 03-Sep-2021 03:21:42 as follows:

raxml-ng --msa /N/u/danschw/Carbonate/GitHub/sigma-spore-phage/phylo/data/align-trim-tree/check_msa/parse-msa.raxml.rba --model LG+G4 --prefix /N/u/danschw/Carbonate/GitHub/sigma-spore-phage/phylo/data/align-trim-tree/tree/ml_search/rand-23 --threads 4 --seed 23 --tree rand{10}

Analysis options:
  run mode: ML tree search
  start tree(s): random (10)
  random seed: 23
  tip-inner: OFF
  pattern compression: ON
  per-rate scalers: OFF
  site repeats: ON
  fast spr radius: AUTO
  spr subtree cutoff: 1.000000
  branch lengths: proportional (ML estimate, algorithm: NR-FAST)
  SIMD kernels: AVX2
  parallelization: PTHREADS (4 threads), thread pinning: OFF

WARNING: The model you specified on the command line (LG+G4) will be ignored 
         since the binary MSA file already contains a model definition.
         If you want to change the model, please re-run RAxML-NG 
         with the original PHYLIP/FASTA alignment and --redo option.

[00:00:00] Loading binary alignment from file: /N/u/danschw/Carbonate/GitHub/sigma-spore-phage/phylo/data/align-trim-tree/check_msa/parse-msa.raxml.rba
[00:00:00] Alignment comprises 608 taxa, 1 partitions and 180 patterns

Partition 0: noname
Model: LG+G4m
Alignment sites / patterns: 180 / 180
Gaps: 12.00 %
Invariant sites: 0.00 %


[00:00:00] Generating 10 random starting tree(s) with 608 taxa
[00:00:00] Data distribution: max. partitions/sites/weight per thread: 1 / 45 / 3600

Starting ML tree search with 10 distinct starting trees

[00:00:00 -271166.851033] Initial branch length optimization
[00:00:01 -228187.901017] Model parameter optimization (eps = 10.000000)
[00:00:02 -228074.741379] AUTODETECT spr round 1 (radius: 5)
[00:00:35 -185574.829221] AUTODETECT spr round 2 (radius: 10)
[00:01:35 -156518.792681] AUTODETECT spr round 3 (radius: 15)
[00:02:19 -140359.092449] AUTODETECT spr round 4 (radius: 20)
[00:03:08 -136305.940200] AUTODETECT spr round 5 (radius: 25)
[00:04:02 -135295.424970] SPR radius for FAST iterations: 25 (autodetect)
[00:04:02 -135295.424970] Model parameter optimization (eps = 3.000000)
[00:04:05 -135116.193926] FAST spr round 1 (radius: 25)
[00:05:07 -125620.241569] FAST spr round 2 (radius: 25)
[00:05:57 -125135.917149] FAST spr round 3 (radius: 25)
[00:06:41 -125094.863537] FAST spr round 4 (radius: 25)
[00:07:19 -125091.468690] FAST spr round 5 (radius: 25)
[00:07:54 -125089.993827] FAST spr round 6 (radius: 25)
[00:08:27 -125088.805354] FAST spr round 7 (radius: 25)
[00:09:01 -125088.205439] FAST spr round 8 (radius: 25)
[00:09:34 -125087.906215] FAST spr round 9 (radius: 25)
[00:10:09 -125084.753979] FAST spr round 10 (radius: 25)
[00:10:42 -125084.505855] FAST spr round 11 (radius: 25)
[00:11:15 -125084.301698] FAST spr round 12 (radius: 25)
[00:11:48 -125080.614712] FAST spr round 13 (radius: 25)
[00:12:21 -125080.419619] FAST spr round 14 (radius: 25)
[00:12:54 -125080.268353] FAST spr round 15 (radius: 25)
[00:13:27 -125079.961231] FAST spr round 16 (radius: 25)
[00:14:01 -125076.453251] FAST spr round 17 (radius: 25)
[00:14:34 -125076.059009] FAST spr round 18 (radius: 25)
[00:15:07 -125075.983762] Model parameter optimization (eps = 1.000000)
[00:15:08 -125073.136846] SLOW spr round 1 (radius: 5)
[00:16:00 -125053.106686] SLOW spr round 2 (radius: 5)
[00:16:50 -125042.291352] SLOW spr round 3 (radius: 5)
[00:17:37 -125041.841095] SLOW spr round 4 (radius: 5)
[00:18:35 -125041.840598] SLOW spr round 5 (radius: 10)
[00:19:26 -125041.454036] SLOW spr round 6 (radius: 5)
[00:20:22 -125041.452968] SLOW spr round 7 (radius: 10)
[00:21:22 -125040.808110] SLOW spr round 8 (radius: 5)
[00:22:17 -125040.084439] SLOW spr round 9 (radius: 5)
[00:23:07 -125040.084326] SLOW spr round 10 (radius: 10)
[00:23:59 -125040.084321] SLOW spr round 11 (radius: 15)
[00:25:31 -125040.084321] SLOW spr round 12 (radius: 20)
[00:27:11 -125039.476103] SLOW spr round 13 (radius: 5)
[00:28:13 -125038.233959] SLOW spr round 14 (radius: 5)
[00:29:07 -125038.230662] SLOW spr round 15 (radius: 10)
[00:30:02 -125038.230580] SLOW spr round 16 (radius: 15)
[00:31:32 -125038.230559] SLOW spr round 17 (radius: 20)
[00:33:12 -125038.120035] SLOW spr round 18 (radius: 5)
[00:34:12 -125037.276008] SLOW spr round 19 (radius: 5)
[00:35:06 -125037.275790] SLOW spr round 20 (radius: 10)
[00:36:01 -125037.275773] SLOW spr round 21 (radius: 15)
[00:37:33 -125037.275772] SLOW spr round 22 (radius: 20)
[00:39:14 -125037.275771] SLOW spr round 23 (radius: 25)
[00:41:19 -125036.731342] SLOW spr round 24 (radius: 5)
[00:42:18 -125036.730600] SLOW spr round 25 (radius: 10)
[00:43:25 -125036.730577] SLOW spr round 26 (radius: 15)
[00:44:51 -125036.730576] SLOW spr round 27 (radius: 20)
[00:46:33 -125036.730576] SLOW spr round 28 (radius: 25)
[00:48:37 -125036.730576] Model parameter optimization (eps = 0.100000)

[00:48:37] ML tree search #1, logLikelihood: -125036.726034

[00:48:37 -271155.476076] Initial branch length optimization
[00:48:39 -227821.406137] Model parameter optimization (eps = 10.000000)
[00:48:40 -227719.719078] AUTODETECT spr round 1 (radius: 5)
[00:49:12 -187674.023033] AUTODETECT spr round 2 (radius: 10)
[00:49:50 -154344.904572] AUTODETECT spr round 3 (radius: 15)
[00:50:34 -140544.862955] AUTODETECT spr round 4 (radius: 20)
[00:51:20 -136037.510500] AUTODETECT spr round 5 (radius: 25)
[00:52:12 -134512.488062] SPR radius for FAST iterations: 25 (autodetect)
[00:52:12 -134512.488062] Model parameter optimization (eps = 3.000000)
[00:52:15 -134418.945361] FAST spr round 1 (radius: 25)
[00:53:16 -125597.166089] FAST spr round 2 (radius: 25)
[00:54:06 -125302.348988] FAST spr round 3 (radius: 25)
[00:54:49 -125225.474330] FAST spr round 4 (radius: 25)
[00:55:29 -125156.169035] FAST spr round 5 (radius: 25)
[00:56:08 -125127.086404] FAST spr round 6 (radius: 25)
[00:56:43 -125121.907259] FAST spr round 7 (radius: 25)
[00:57:16 -125121.907011] Model parameter optimization (eps = 1.000000)
[00:57:17 -125109.823860] SLOW spr round 1 (radius: 5)
[00:58:09 -125082.468486] SLOW spr round 2 (radius: 5)
[00:58:58 -125077.335065] SLOW spr round 3 (radius: 5)
[00:59:47 -125069.608562] SLOW spr round 4 (radius: 5)
[01:00:33 -125067.446676] SLOW spr round 5 (radius: 5)
[01:01:20 -125067.446337] SLOW spr round 6 (radius: 10)
[01:02:13 -125062.638393] SLOW spr round 7 (radius: 5)
[01:03:11 -125058.011188] SLOW spr round 8 (radius: 5)
[01:04:12 -125054.784259] SLOW spr round 9 (radius: 5)
[01:05:02 -125054.263759] SLOW spr round 10 (radius: 5)
[01:05:50 -125054.263599] SLOW spr round 11 (radius: 10)
[01:06:43 -125050.367380] SLOW spr round 12 (radius: 5)
[01:07:41 -125039.278513] SLOW spr round 13 (radius: 5)
[01:08:32 -125038.347989] SLOW spr round 14 (radius: 5)
[01:09:21 -125038.347891] SLOW spr round 15 (radius: 10)
[01:10:14 -125038.006343] SLOW spr round 16 (radius: 5)
[01:11:10 -125035.954442] SLOW spr round 17 (radius: 5)
[01:12:01 -125035.954307] SLOW spr round 18 (radius: 10)
[01:12:56 -125035.704546] SLOW spr round 19 (radius: 5)
[01:13:52 -125025.748428] SLOW spr round 20 (radius: 5)
[01:14:43 -125025.748106] SLOW spr round 21 (radius: 10)
[01:15:38 -125025.748047] SLOW spr round 22 (radius: 15)
[01:17:09 -125025.748034] SLOW spr round 23 (radius: 20)
[01:19:00 -125025.748032] SLOW spr round 24 (radius: 25)
[01:21:19 -125025.748031] Model parameter optimization (eps = 0.100000)

[01:21:19] ML tree search #2, logLikelihood: -125025.676595

[01:21:19 -270127.321420] Initial branch length optimization
[01:21:20 -226909.233089] Model parameter optimization (eps = 10.000000)
[01:21:22 -226739.130623] AUTODETECT spr round 1 (radius: 5)
[01:21:54 -187339.007352] AUTODETECT spr round 2 (radius: 10)
[01:22:31 -155846.686210] AUTODETECT spr round 3 (radius: 15)
[01:23:15 -142764.824109] AUTODETECT spr round 4 (radius: 20)
[01:24:09 -135550.737942] AUTODETECT spr round 5 (radius: 25)
[01:25:01 -135062.958772] SPR radius for FAST iterations: 25 (autodetect)
[01:25:01 -135062.958772] Model parameter optimization (eps = 3.000000)
[01:25:05 -134882.206056] FAST spr round 1 (radius: 25)
[01:26:08 -125645.598189] FAST spr round 2 (radius: 25)
[01:27:04 -125213.279730] FAST spr round 3 (radius: 25)
[01:27:47 -125148.694755] FAST spr round 4 (radius: 25)
[01:28:27 -125134.390501] FAST spr round 5 (radius: 25)
[01:29:01 -125134.390041] Model parameter optimization (eps = 1.000000)
[01:29:02 -125134.365916] SLOW spr round 1 (radius: 5)
[01:29:55 -125093.817766] SLOW spr round 2 (radius: 5)
[01:30:45 -125083.880984] SLOW spr round 3 (radius: 5)
[01:31:32 -125081.380017] SLOW spr round 4 (radius: 5)
[01:32:18 -125080.420137] SLOW spr round 5 (radius: 5)
[01:33:05 -125076.481382] SLOW spr round 6 (radius: 5)
[01:33:53 -125068.961427] SLOW spr round 7 (radius: 5)
[01:34:39 -125068.759065] SLOW spr round 8 (radius: 5)
[01:35:24 -125068.757224] SLOW spr round 9 (radius: 10)
[01:36:14 -125059.847568] SLOW spr round 10 (radius: 5)
[01:37:10 -125058.805586] SLOW spr round 11 (radius: 5)
[01:38:01 -125052.624269] SLOW spr round 12 (radius: 5)
[01:38:47 -125052.623716] SLOW spr round 13 (radius: 10)
[01:39:37 -125052.623674] SLOW spr round 14 (radius: 15)
[01:41:00 -125050.845115] SLOW spr round 15 (radius: 5)
[01:41:55 -125050.747536] SLOW spr round 16 (radius: 10)
[01:42:53 -125050.747361] SLOW spr round 17 (radius: 15)
[01:44:11 -125050.747346] SLOW spr round 18 (radius: 20)
[01:45:53 -125050.747344] SLOW spr round 19 (radius: 25)
[01:47:45 -125050.747344] Model parameter optimization (eps = 0.100000)

[01:47:49] ML tree search #3, logLikelihood: -125039.336604

[01:47:49 -270548.643700] Initial branch length optimization
[01:47:50 -226330.646484] Model parameter optimization (eps = 10.000000)
[01:47:51 -226286.831366] AUTODETECT spr round 1 (radius: 5)
[01:48:24 -188389.914513] AUTODETECT spr round 2 (radius: 10)
[01:49:02 -151550.509016] AUTODETECT spr round 3 (radius: 15)
[01:49:45 -138779.918799] AUTODETECT spr round 4 (radius: 20)
[01:50:31 -134600.169773] AUTODETECT spr round 5 (radius: 25)
[01:51:25 -133727.036917] SPR radius for FAST iterations: 25 (autodetect)
[01:51:25 -133727.036917] Model parameter optimization (eps = 3.000000)
[01:51:31 -133479.087406] FAST spr round 1 (radius: 25)
[01:52:33 -125462.340043] FAST spr round 2 (radius: 25)
[01:53:21 -125173.599590] FAST spr round 3 (radius: 25)
[01:54:03 -125150.079185] FAST spr round 4 (radius: 25)
[01:54:41 -125135.051323] FAST spr round 5 (radius: 25)
[01:55:15 -125135.050191] Model parameter optimization (eps = 1.000000)
[01:55:16 -125134.935445] SLOW spr round 1 (radius: 5)
[01:56:06 -125108.263086] SLOW spr round 2 (radius: 5)
[01:56:55 -125094.534343] SLOW spr round 3 (radius: 5)
[01:57:43 -125080.185108] SLOW spr round 4 (radius: 5)
[01:58:29 -125074.382595] SLOW spr round 5 (radius: 5)
[01:59:14 -125073.140315] SLOW spr round 6 (radius: 5)
[01:59:58 -125072.018581] SLOW spr round 7 (radius: 5)
[02:00:43 -125072.017938] SLOW spr round 8 (radius: 10)
[02:01:32 -125067.050362] SLOW spr round 9 (radius: 5)
[02:02:25 -125061.212808] SLOW spr round 10 (radius: 5)
[02:03:13 -125058.978796] SLOW spr round 11 (radius: 5)
[02:03:58 -125058.978599] SLOW spr round 12 (radius: 10)
[02:04:47 -125058.140721] SLOW spr round 13 (radius: 5)
[02:05:44 -125054.370745] SLOW spr round 14 (radius: 5)
[02:06:34 -125053.387610] SLOW spr round 15 (radius: 5)
[02:07:20 -125053.387216] SLOW spr round 16 (radius: 10)
[02:08:11 -125048.454047] SLOW spr round 17 (radius: 5)
[02:09:09 -125047.547875] SLOW spr round 18 (radius: 5)
[02:09:56 -125047.547813] SLOW spr round 19 (radius: 10)
[02:10:48 -125047.119726] SLOW spr round 20 (radius: 5)
[02:11:42 -125043.205662] SLOW spr round 21 (radius: 5)
[02:12:30 -125043.205156] SLOW spr round 22 (radius: 10)
[02:13:21 -125043.205148] SLOW spr round 23 (radius: 15)
[02:14:42 -125043.205147] SLOW spr round 24 (radius: 20)
[02:16:17 -125043.205147] SLOW spr round 25 (radius: 25)
[02:18:09 -125043.205147] Model parameter optimization (eps = 0.100000)

[02:18:10] ML tree search #4, logLikelihood: -125040.626498

[02:18:10 -271187.971157] Initial branch length optimization
[02:18:11 -227772.071187] Model parameter optimization (eps = 10.000000)
[02:18:12 -227576.217882] AUTODETECT spr round 1 (radius: 5)
[02:18:43 -189573.211143] AUTODETECT spr round 2 (radius: 10)
[02:19:20 -156404.627953] AUTODETECT spr round 3 (radius: 15)
[02:20:03 -141865.132113] AUTODETECT spr round 4 (radius: 20)
[02:20:50 -136192.574692] AUTODETECT spr round 5 (radius: 25)
[02:21:39 -133177.245222] SPR radius for FAST iterations: 25 (autodetect)
[02:21:39 -133177.245222] Model parameter optimization (eps = 3.000000)
[02:21:44 -132922.595163] FAST spr round 1 (radius: 25)
[02:22:46 -125573.830485] FAST spr round 2 (radius: 25)
[02:23:36 -125130.407019] FAST spr round 3 (radius: 25)
[02:24:19 -125100.131966] FAST spr round 4 (radius: 25)
[02:24:57 -125088.129450] FAST spr round 5 (radius: 25)
[02:25:32 -125085.087271] FAST spr round 6 (radius: 25)
[02:26:06 -125080.775840] FAST spr round 7 (radius: 25)
[02:26:40 -125078.500685] FAST spr round 8 (radius: 25)
[02:27:17 -125077.740062] FAST spr round 9 (radius: 25)
[02:27:50 -125077.393291] FAST spr round 10 (radius: 25)
[02:28:23 -125077.162950] FAST spr round 11 (radius: 25)
[02:28:55 -125076.397565] FAST spr round 12 (radius: 25)
[02:29:28 -125074.702365] FAST spr round 13 (radius: 25)
[02:30:00 -125073.933633] FAST spr round 14 (radius: 25)
[02:30:32 -125073.933597] Model parameter optimization (eps = 1.000000)
[02:30:33 -125072.452309] SLOW spr round 1 (radius: 5)
[02:31:23 -125055.853120] SLOW spr round 2 (radius: 5)
[02:32:08 -125054.904109] SLOW spr round 3 (radius: 5)
[02:32:53 -125054.816085] SLOW spr round 4 (radius: 10)
[02:33:41 -125053.605990] SLOW spr round 5 (radius: 5)
[02:34:36 -125051.624875] SLOW spr round 6 (radius: 5)
[02:35:27 -125048.872627] SLOW spr round 7 (radius: 5)
[02:36:13 -125048.872122] SLOW spr round 8 (radius: 10)
[02:37:03 -125048.136389] SLOW spr round 9 (radius: 5)
[02:37:58 -125044.147384] SLOW spr round 10 (radius: 5)
[02:38:47 -125041.283185] SLOW spr round 11 (radius: 5)
[02:39:33 -125041.282642] SLOW spr round 12 (radius: 10)
[02:40:23 -125041.282633] SLOW spr round 13 (radius: 15)
[02:41:51 -125041.282632] SLOW spr round 14 (radius: 20)
[02:43:39 -125041.282632] SLOW spr round 15 (radius: 25)
[02:45:54 -125041.282632] Model parameter optimization (eps = 0.100000)

[02:45:55] ML tree search #5, logLikelihood: -125040.881841

[02:45:55 -270395.133019] Initial branch length optimization
[02:45:56 -226579.137485] Model parameter optimization (eps = 10.000000)
[02:45:57 -226490.229208] AUTODETECT spr round 1 (radius: 5)
[02:46:29 -186407.457534] AUTODETECT spr round 2 (radius: 10)
[02:47:06 -153239.908877] AUTODETECT spr round 3 (radius: 15)
[02:47:50 -141314.032696] AUTODETECT spr round 4 (radius: 20)
[02:48:43 -133441.691137] AUTODETECT spr round 5 (radius: 25)
[02:49:37 -133350.627529] SPR radius for FAST iterations: 25 (autodetect)
[02:49:37 -133350.627529] Model parameter optimization (eps = 3.000000)
[02:49:42 -133191.034380] FAST spr round 1 (radius: 25)
[02:50:44 -125518.757424] FAST spr round 2 (radius: 25)
[02:51:32 -125163.375650] FAST spr round 3 (radius: 25)
[02:52:15 -125116.777242] FAST spr round 4 (radius: 25)
[02:52:51 -125113.733019] FAST spr round 5 (radius: 25)
[02:53:27 -125108.544449] FAST spr round 6 (radius: 25)
[02:54:02 -125103.450852] FAST spr round 7 (radius: 25)
[02:54:36 -125100.324784] FAST spr round 8 (radius: 25)
[02:55:10 -125098.530012] FAST spr round 9 (radius: 25)
[02:55:42 -125098.372387] FAST spr round 10 (radius: 25)
[02:56:15 -125098.218150] FAST spr round 11 (radius: 25)
[02:56:48 -125095.485859] FAST spr round 12 (radius: 25)
[02:57:20 -125095.483910] Model parameter optimization (eps = 1.000000)
[02:57:20 -125095.140401] SLOW spr round 1 (radius: 5)
[02:58:10 -125078.687975] SLOW spr round 2 (radius: 5)
[02:58:58 -125074.559203] SLOW spr round 3 (radius: 5)
[02:59:43 -125074.557820] SLOW spr round 4 (radius: 10)
[03:00:31 -125073.662998] SLOW spr round 5 (radius: 5)
[03:01:25 -125073.391582] SLOW spr round 6 (radius: 5)
[03:02:14 -125073.390678] SLOW spr round 7 (radius: 10)
[03:03:05 -125073.390537] SLOW spr round 8 (radius: 15)
[03:04:29 -125070.864966] SLOW spr round 9 (radius: 5)
[03:05:24 -125070.290871] SLOW spr round 10 (radius: 5)
[03:06:14 -125070.290462] SLOW spr round 11 (radius: 10)
[03:07:06 -125070.290450] SLOW spr round 12 (radius: 15)
[03:08:29 -125070.290449] SLOW spr round 13 (radius: 20)
[03:10:08 -125070.290449] SLOW spr round 14 (radius: 25)
[03:12:02 -125070.290449] Model parameter optimization (eps = 0.100000)

[03:12:02] ML tree search #6, logLikelihood: -125070.259508

[03:12:02 -267870.891824] Initial branch length optimization
[03:12:04 -225527.023887] Model parameter optimization (eps = 10.000000)
[03:12:05 -225455.597192] AUTODETECT spr round 1 (radius: 5)
[03:12:37 -186232.204196] AUTODETECT spr round 2 (radius: 10)
[03:13:14 -157310.160632] AUTODETECT spr round 3 (radius: 15)
[03:14:00 -141786.833661] AUTODETECT spr round 4 (radius: 20)
[03:14:56 -135423.663204] AUTODETECT spr round 5 (radius: 25)
[03:15:54 -134576.940876] SPR radius for FAST iterations: 25 (autodetect)
[03:15:54 -134576.940876] Model parameter optimization (eps = 3.000000)
[03:15:57 -134459.084137] FAST spr round 1 (radius: 25)
[03:17:01 -125586.994795] FAST spr round 2 (radius: 25)
[03:17:50 -125155.629178] FAST spr round 3 (radius: 25)
[03:18:33 -125101.251503] FAST spr round 4 (radius: 25)
[03:19:12 -125087.695581] FAST spr round 5 (radius: 25)
[03:19:47 -125081.962944] FAST spr round 6 (radius: 25)
[03:20:21 -125080.662628] FAST spr round 7 (radius: 25)
[03:20:55 -125080.142867] FAST spr round 8 (radius: 25)
[03:21:27 -125078.609543] FAST spr round 9 (radius: 25)
[03:22:03 -125073.123012] FAST spr round 10 (radius: 25)
[03:22:36 -125072.957949] FAST spr round 11 (radius: 25)
[03:23:08 -125071.522202] FAST spr round 12 (radius: 25)
[03:23:41 -125071.522085] Model parameter optimization (eps = 1.000000)
[03:23:42 -125068.829499] SLOW spr round 1 (radius: 5)
[03:24:33 -125050.263140] SLOW spr round 2 (radius: 5)
[03:25:23 -125043.400961] SLOW spr round 3 (radius: 5)
[03:26:10 -125042.715071] SLOW spr round 4 (radius: 5)
[03:26:55 -125042.714718] SLOW spr round 5 (radius: 10)
[03:27:45 -125041.746510] SLOW spr round 6 (radius: 5)
[03:28:40 -125038.448475] SLOW spr round 7 (radius: 5)
[03:29:29 -125038.445117] SLOW spr round 8 (radius: 10)
[03:30:24 -125037.953955] SLOW spr round 9 (radius: 5)
[03:31:20 -125037.709842] SLOW spr round 10 (radius: 5)
[03:32:11 -125037.709404] SLOW spr round 11 (radius: 10)
[03:33:06 -125037.709347] SLOW spr round 12 (radius: 15)
[03:34:40 -125037.709335] SLOW spr round 13 (radius: 20)
[03:36:25 -125037.709332] SLOW spr round 14 (radius: 25)
[03:38:38 -125037.709331] Model parameter optimization (eps = 0.100000)

[03:38:38] ML tree search #7, logLikelihood: -125037.707171

[03:38:38 -269520.844620] Initial branch length optimization
[03:38:39 -226178.097838] Model parameter optimization (eps = 10.000000)
[03:38:40 -226175.600614] AUTODETECT spr round 1 (radius: 5)
[03:39:12 -186594.411143] AUTODETECT spr round 2 (radius: 10)
[03:39:50 -158307.740922] AUTODETECT spr round 3 (radius: 15)
[03:40:36 -143503.776466] AUTODETECT spr round 4 (radius: 20)
[03:41:26 -136050.431079] AUTODETECT spr round 5 (radius: 25)
[03:42:14 -135947.456339] SPR radius for FAST iterations: 25 (autodetect)
[03:42:14 -135947.456339] Model parameter optimization (eps = 3.000000)
[03:42:16 -135690.038046] FAST spr round 1 (radius: 25)
[03:43:18 -125520.060248] FAST spr round 2 (radius: 25)
[03:44:07 -125170.631824] FAST spr round 3 (radius: 25)
[03:44:50 -125131.025811] FAST spr round 4 (radius: 25)
[03:45:28 -125126.489991] FAST spr round 5 (radius: 25)
[03:46:06 -125113.048607] FAST spr round 6 (radius: 25)
[03:46:40 -125109.570394] FAST spr round 7 (radius: 25)
[03:47:12 -125107.071381] FAST spr round 8 (radius: 25)
[03:47:45 -125107.071218] Model parameter optimization (eps = 1.000000)
[03:47:45 -125106.938235] SLOW spr round 1 (radius: 5)
[03:48:36 -125088.307147] SLOW spr round 2 (radius: 5)
[03:49:25 -125083.155162] SLOW spr round 3 (radius: 5)
[03:50:11 -125082.780040] SLOW spr round 4 (radius: 5)
[03:50:56 -125082.775795] SLOW spr round 5 (radius: 10)
[03:51:44 -125079.135578] SLOW spr round 6 (radius: 5)
[03:52:40 -125066.039336] SLOW spr round 7 (radius: 5)
[03:53:29 -125064.906497] SLOW spr round 8 (radius: 5)
[03:54:17 -125063.617482] SLOW spr round 9 (radius: 5)
[03:55:04 -125063.419400] SLOW spr round 10 (radius: 5)
[03:55:49 -125063.419379] SLOW spr round 11 (radius: 10)
[03:56:38 -125062.073836] SLOW spr round 12 (radius: 5)
[03:57:33 -125060.441553] SLOW spr round 13 (radius: 5)
[03:58:21 -125060.440772] SLOW spr round 14 (radius: 10)
[03:59:13 -125060.229921] SLOW spr round 15 (radius: 5)
[04:00:07 -125057.523689] SLOW spr round 16 (radius: 5)
[04:00:56 -125057.521508] SLOW spr round 17 (radius: 10)
[04:01:48 -125057.521277] SLOW spr round 18 (radius: 15)
[04:03:18 -125057.521249] SLOW spr round 19 (radius: 20)
[04:05:00 -125057.521245] SLOW spr round 20 (radius: 25)
[04:07:02 -125057.521244] Model parameter optimization (eps = 0.100000)

[04:07:03] ML tree search #8, logLikelihood: -125056.761296

[04:07:03 -269859.387861] Initial branch length optimization
[04:07:05 -226680.868335] Model parameter optimization (eps = 10.000000)
[04:07:06 -226596.701313] AUTODETECT spr round 1 (radius: 5)
[04:07:37 -188795.549583] AUTODETECT spr round 2 (radius: 10)
[04:08:13 -160719.067075] AUTODETECT spr round 3 (radius: 15)
[04:08:54 -140049.355948] AUTODETECT spr round 4 (radius: 20)
[04:09:37 -135546.230372] AUTODETECT spr round 5 (radius: 25)
[04:10:29 -135342.900276] SPR radius for FAST iterations: 25 (autodetect)
[04:10:29 -135342.900276] Model parameter optimization (eps = 3.000000)
[04:10:30 -135338.301257] FAST spr round 1 (radius: 25)
[04:11:33 -125541.153498] FAST spr round 2 (radius: 25)
[04:12:24 -125158.530404] FAST spr round 3 (radius: 25)
[04:13:09 -125119.649264] FAST spr round 4 (radius: 25)
[04:13:49 -125092.032639] FAST spr round 5 (radius: 25)
[04:14:25 -125087.076246] FAST spr round 6 (radius: 25)
[04:14:58 -125086.601280] FAST spr round 7 (radius: 25)
[04:15:31 -125086.402374] FAST spr round 8 (radius: 25)
[04:16:03 -125086.402333] Model parameter optimization (eps = 1.000000)
[04:16:04 -125084.952802] SLOW spr round 1 (radius: 5)
[04:16:57 -125054.934404] SLOW spr round 2 (radius: 5)
[04:17:46 -125042.881101] SLOW spr round 3 (radius: 5)
[04:18:32 -125042.103367] SLOW spr round 4 (radius: 5)
[04:19:18 -125041.115811] SLOW spr round 5 (radius: 5)
[04:20:04 -125041.115427] SLOW spr round 6 (radius: 10)
[04:20:55 -125039.108834] SLOW spr round 7 (radius: 5)
[04:21:51 -125037.459440] SLOW spr round 8 (radius: 5)
[04:22:41 -125037.337563] SLOW spr round 9 (radius: 5)
[04:23:29 -125037.337194] SLOW spr round 10 (radius: 10)
[04:24:20 -125036.107655] SLOW spr round 11 (radius: 5)
[04:25:17 -125030.075032] SLOW spr round 12 (radius: 5)
[04:26:07 -125030.073569] SLOW spr round 13 (radius: 10)
[04:27:02 -125024.958107] SLOW spr round 14 (radius: 5)
[04:27:58 -125024.602459] SLOW spr round 15 (radius: 5)
[04:28:48 -125024.601870] SLOW spr round 16 (radius: 10)
[04:29:42 -125023.153607] SLOW spr round 17 (radius: 5)
[04:30:37 -125023.153181] SLOW spr round 18 (radius: 10)
[04:31:36 -125023.153118] SLOW spr round 19 (radius: 15)
[04:33:02 -125023.091129] SLOW spr round 20 (radius: 20)
[04:34:48 -125023.018465] SLOW spr round 21 (radius: 25)
[04:36:50 -125022.958361] Model parameter optimization (eps = 0.100000)

[04:36:50] ML tree search #9, logLikelihood: -125022.848534

[04:36:50 -268179.591459] Initial branch length optimization
[04:36:52 -226157.353650] Model parameter optimization (eps = 10.000000)
[04:36:53 -226026.396911] AUTODETECT spr round 1 (radius: 5)
[04:37:24 -183754.564330] AUTODETECT spr round 2 (radius: 10)
[04:38:01 -155050.961400] AUTODETECT spr round 3 (radius: 15)
[04:38:42 -143683.679518] AUTODETECT spr round 4 (radius: 20)
[04:39:28 -136413.874514] AUTODETECT spr round 5 (radius: 25)
[04:40:16 -134355.977916] SPR radius for FAST iterations: 25 (autodetect)
[04:40:16 -134355.977916] Model parameter optimization (eps = 3.000000)
[04:40:19 -134285.584513] FAST spr round 1 (radius: 25)
[04:41:20 -125561.783099] FAST spr round 2 (radius: 25)
[04:42:06 -125250.654143] FAST spr round 3 (radius: 25)
[04:42:48 -125228.319641] FAST spr round 4 (radius: 25)
[04:43:23 -125226.661391] FAST spr round 5 (radius: 25)
[04:43:57 -125226.072638] FAST spr round 6 (radius: 25)
[04:44:30 -125225.158139] FAST spr round 7 (radius: 25)
[04:45:02 -125224.828417] FAST spr round 8 (radius: 25)
[04:45:35 -125222.265021] FAST spr round 9 (radius: 25)
[04:46:09 -125217.633443] FAST spr round 10 (radius: 25)
[04:46:43 -125210.769904] FAST spr round 11 (radius: 25)
[04:47:15 -125210.271852] FAST spr round 12 (radius: 25)
[04:47:49 -125209.187098] FAST spr round 13 (radius: 25)
[04:48:21 -125208.942755] FAST spr round 14 (radius: 25)
[04:48:53 -125208.462853] FAST spr round 15 (radius: 25)
[04:49:26 -125149.071834] FAST spr round 16 (radius: 25)
[04:50:00 -125116.108117] FAST spr round 17 (radius: 25)
[04:50:33 -125092.398782] FAST spr round 18 (radius: 25)
[04:51:06 -125091.281638] FAST spr round 19 (radius: 25)
[04:51:38 -125090.308470] FAST spr round 20 (radius: 25)
[04:52:10 -125089.563647] FAST spr round 21 (radius: 25)
[04:52:42 -125089.563646] Model parameter optimization (eps = 1.000000)
[04:52:43 -125073.041691] SLOW spr round 1 (radius: 5)
[04:53:33 -125052.290876] SLOW spr round 2 (radius: 5)
[04:54:22 -125046.444231] SLOW spr round 3 (radius: 5)
[04:55:09 -125046.273938] SLOW spr round 4 (radius: 5)
[04:55:57 -125042.608519] SLOW spr round 5 (radius: 5)
[04:56:43 -125042.608088] SLOW spr round 6 (radius: 10)
[04:57:34 -125042.608079] SLOW spr round 7 (radius: 15)
[04:59:08 -125041.954474] SLOW spr round 8 (radius: 5)
[05:00:05 -125041.770964] SLOW spr round 9 (radius: 5)
[05:00:56 -125041.770733] SLOW spr round 10 (radius: 10)
[05:01:51 -125041.770724] SLOW spr round 11 (radius: 15)
[05:03:19 -125041.770723] SLOW spr round 12 (radius: 20)
[05:05:07 -125041.770723] SLOW spr round 13 (radius: 25)
[05:07:21 -125041.770723] Model parameter optimization (eps = 0.100000)

[05:07:21] ML tree search #10, logLikelihood: -125041.769082


Optimized model parameters:

   Partition 0: noname
   Rate heterogeneity: GAMMA (4 cats, mean),  alpha: 1.661439 (ML),  weights&rates: (0.250000,0.249219) (0.250000,0.613394) (0.250000,1.058646) (0.250000,2.078741) 
   Base frequencies (model): 0.079066 0.055941 0.041977 0.053052 0.012937 0.040767 0.071586 0.057337 0.022355 0.062157 0.099081 0.064600 0.022951 0.042302 0.044040 0.061197 0.053287 0.012066 0.034155 0.069147 
   Substitution rates (model): 0.425093 0.276818 0.395144 2.489084 0.969894 1.038545 2.066040 0.358858 0.149830 0.395337 0.536518 1.124035 0.253701 1.177651 4.727182 2.139501 0.180717 0.218959 2.547870 0.751878 0.123954 0.534551 2.807908 0.363970 0.390192 2.426601 0.126991 0.301848 6.326067 0.484133 0.052722 0.332533 0.858151 0.578987 0.593607 0.314440 0.170887 5.076149 0.528768 1.695752 0.541712 1.437645 4.509238 0.191503 0.068427 2.145078 0.371004 0.089525 0.161787 4.008358 2.000679 0.045376 0.612025 0.083688 0.062556 0.523386 5.243870 0.844926 0.927114 0.010690 0.015076 0.282959 0.025548 0.017416 0.394456 1.240275 0.425860 0.029890 0.135107 0.037967 0.084808 0.003499 0.569265 0.640543 0.320627 0.594007 0.013266 0.893680 1.105251 0.075382 2.784478 1.143480 0.670128 1.165532 1.959291 4.128591 0.267959 4.813505 0.072854 0.582457 3.234294 1.672569 0.035855 0.624294 1.223828 1.080136 0.236199 0.257336 0.210332 0.348847 0.423881 0.044265 0.069673 1.807177 0.173735 0.018811 0.419409 0.611973 0.604545 0.077852 0.120037 0.245034 0.311484 0.008705 0.044261 0.296636 0.139538 0.089586 0.196961 1.739990 0.129836 0.268491 0.054679 0.076701 0.108882 0.366317 0.697264 0.442472 0.682139 0.508851 0.990012 0.584262 0.597054 5.306834 0.119013 4.145067 0.159069 4.273607 1.112727 0.078281 0.064105 1.033739 0.111660 0.232523 10.649107 0.137500 6.312358 2.592692 0.249060 0.182287 0.302936 0.619632 0.299648 1.702745 0.656604 0.023918 0.390322 0.748683 1.136863 0.049906 0.131932 0.185202 1.798853 0.099849 0.346960 2.020366 0.696175 0.481306 1.898718 0.094464 0.361819 0.165001 2.457121 7.803902 0.654683 1.338132 0.571468 0.095131 0.089613 0.296501 6.472279 0.248862 0.400547 0.098369 0.140825 0.245841 2.188158 3.151815 0.189510 0.249313 


Final LogLikelihood: -125022.848534

AIC score: 252473.697068 / AICc score: 3202493.697068 / BIC score: 256349.946685
Free parameters (model + branch lengths): 1214

WARNING: Number of free parameters (K=1214) is larger than alignment size (n=180).
         This might lead to overfitting and compromise tree inference results!


Best ML tree saved to: /geode2/home/u020/danschw/Carbonate/GitHub/sigma-spore-phage/phylo/data/align-trim-tree/tree/ml_search/rand-23.raxml.bestTree
All ML trees saved to: /geode2/home/u020/danschw/Carbonate/GitHub/sigma-spore-phage/phylo/data/align-trim-tree/tree/ml_search/rand-23.raxml.mlTrees
Optimized model saved to: /geode2/home/u020/danschw/Carbonate/GitHub/sigma-spore-phage/phylo/data/align-trim-tree/tree/ml_search/rand-23.raxml.bestModel

Execution log saved to: /geode2/home/u020/danschw/Carbonate/GitHub/sigma-spore-phage/phylo/data/align-trim-tree/tree/ml_search/rand-23.raxml.log

Analysis started: 03-Sep-2021 03:21:42 / finished: 03-Sep-2021 08:29:04

Elapsed time: 18441.962 seconds

