Flex 2.6.4 loaded.
CMake version 3.8.0 loaded.
raxmlng version 0.9.0-pthreads loaded.

RAxML-NG v. 0.9.0git released on 24.05.2019 by The Exelixis Lab.
Developed by: Alexey M. Kozlov and Alexandros Stamatakis.
Contributors: Diego Darriba, Tomas Flouri, Benoit Morel, Sarah Lutteropp, Ben Bettisworth.
Latest version: https://github.com/amkozlov/raxml-ng
Questions/problems/suggestions? Please visit: https://groups.google.com/forum/#!forum/raxml

RAxML-NG was called at 02-Sep-2021 21:31:15 as follows:

raxml-ng --msa /N/u/danschw/Carbonate/GitHub/sigma-spore-phage/phylo/data/align-trim-tree/check_msa/parse-msa.raxml.rba --model LG+G4 --prefix /N/u/danschw/Carbonate/GitHub/sigma-spore-phage/phylo/data/align-trim-tree/tree/ml_search/rand-11 --threads 4 --seed 11 --tree pars{10}

Analysis options:
  run mode: ML tree search
  start tree(s): parsimony (10)
  random seed: 11
  tip-inner: OFF
  pattern compression: ON
  per-rate scalers: OFF
  site repeats: ON
  fast spr radius: AUTO
  spr subtree cutoff: 1.000000
  branch lengths: proportional (ML estimate, algorithm: NR-FAST)
  SIMD kernels: AVX2
  parallelization: PTHREADS (4 threads), thread pinning: OFF

WARNING: The model you specified on the command line (LG+G4) will be ignored 
         since the binary MSA file already contains a model definition.
         If you want to change the model, please re-run RAxML-NG 
         with the original PHYLIP/FASTA alignment and --redo option.

[00:00:00] Loading binary alignment from file: /N/u/danschw/Carbonate/GitHub/sigma-spore-phage/phylo/data/align-trim-tree/check_msa/parse-msa.raxml.rba
[00:00:00] Alignment comprises 608 taxa, 1 partitions and 180 patterns

Partition 0: noname
Model: LG+G4m
Alignment sites / patterns: 180 / 180
Gaps: 12.00 %
Invariant sites: 0.00 %


[00:00:00] Generating 10 parsimony starting tree(s) with 608 taxa
[00:00:06] Data distribution: max. partitions/sites/weight per thread: 1 / 45 / 3600

Starting ML tree search with 10 distinct starting trees

[00:00:06 -144557.533379] Initial branch length optimization
[00:00:06 -126997.674212] Model parameter optimization (eps = 10.000000)
[00:00:07 -126849.731543] AUTODETECT spr round 1 (radius: 5)
[00:00:37 -125602.565155] AUTODETECT spr round 2 (radius: 10)
[00:01:15 -125452.550741] AUTODETECT spr round 3 (radius: 15)
[00:02:09 -125426.236927] AUTODETECT spr round 4 (radius: 20)
[00:03:03 -125406.695305] AUTODETECT spr round 5 (radius: 25)
[00:04:02 -125376.282584] SPR radius for FAST iterations: 25 (autodetect)
[00:04:02 -125376.282584] Model parameter optimization (eps = 3.000000)
[00:04:02 -125375.646354] FAST spr round 1 (radius: 25)
[00:05:02 -125150.189487] FAST spr round 2 (radius: 25)
[00:05:52 -125111.687321] FAST spr round 3 (radius: 25)
[00:06:32 -125110.041981] FAST spr round 4 (radius: 25)
[00:07:09 -125107.824392] FAST spr round 5 (radius: 25)
[00:07:45 -125107.229387] FAST spr round 6 (radius: 25)
[00:08:20 -125106.922960] FAST spr round 7 (radius: 25)
[00:08:58 -125106.064411] FAST spr round 8 (radius: 25)
[00:09:32 -125105.746715] FAST spr round 9 (radius: 25)
[00:10:05 -125105.663377] Model parameter optimization (eps = 1.000000)
[00:10:06 -125105.250894] SLOW spr round 1 (radius: 5)
[00:11:10 -125069.991427] SLOW spr round 2 (radius: 5)
[00:12:00 -125064.379995] SLOW spr round 3 (radius: 5)
[00:12:48 -125064.015932] SLOW spr round 4 (radius: 5)
[00:13:35 -125064.015588] SLOW spr round 5 (radius: 10)
[00:14:25 -125061.286812] SLOW spr round 6 (radius: 5)
[00:15:22 -125061.273696] SLOW spr round 7 (radius: 10)
[00:16:22 -125059.277698] SLOW spr round 8 (radius: 5)
[00:17:20 -125056.553740] SLOW spr round 9 (radius: 5)
[00:18:13 -125051.331732] SLOW spr round 10 (radius: 5)
[00:19:02 -125050.415025] SLOW spr round 11 (radius: 5)
[00:19:49 -125050.415010] SLOW spr round 12 (radius: 10)
[00:20:40 -125050.415010] SLOW spr round 13 (radius: 15)
[00:22:11 -125050.415010] SLOW spr round 14 (radius: 20)
[00:23:57 -125050.415010] SLOW spr round 15 (radius: 25)
[00:26:05 -125050.415010] Model parameter optimization (eps = 0.100000)

[00:26:05] ML tree search #1, logLikelihood: -125050.378113

[00:26:05 -144565.389117] Initial branch length optimization
[00:26:06 -127018.873097] Model parameter optimization (eps = 10.000000)
[00:26:07 -126887.954464] AUTODETECT spr round 1 (radius: 5)
[00:26:36 -125624.613585] AUTODETECT spr round 2 (radius: 10)
[00:27:12 -125432.897137] AUTODETECT spr round 3 (radius: 15)
[00:27:58 -125335.360399] AUTODETECT spr round 4 (radius: 20)
[00:28:50 -125326.689378] AUTODETECT spr round 5 (radius: 25)
[00:29:49 -125326.628227] SPR radius for FAST iterations: 20 (autodetect)
[00:29:49 -125326.628227] Model parameter optimization (eps = 3.000000)
[00:29:49 -125326.200871] FAST spr round 1 (radius: 20)
[00:30:46 -125141.636187] FAST spr round 2 (radius: 20)
[00:31:36 -125095.894959] FAST spr round 3 (radius: 20)
[00:32:18 -125069.941106] FAST spr round 4 (radius: 20)
[00:32:54 -125068.734605] FAST spr round 5 (radius: 20)
[00:33:30 -125067.594823] FAST spr round 6 (radius: 20)
[00:34:06 -125051.219305] FAST spr round 7 (radius: 20)
[00:34:41 -125042.374466] FAST spr round 8 (radius: 20)
slurmstepd: error: *** JOB 652177 ON c61 CANCELLED AT 2021-09-02T22:06:27 ***
