Flex 2.6.4 loaded.
CMake version 3.8.0 loaded.
raxmlng version 0.9.0-pthreads loaded.

RAxML-NG v. 0.9.0git released on 24.05.2019 by The Exelixis Lab.
Developed by: Alexey M. Kozlov and Alexandros Stamatakis.
Contributors: Diego Darriba, Tomas Flouri, Benoit Morel, Sarah Lutteropp, Ben Bettisworth.
Latest version: https://github.com/amkozlov/raxml-ng
Questions/problems/suggestions? Please visit: https://groups.google.com/forum/#!forum/raxml

RAxML-NG was called at 02-Sep-2021 21:31:15 as follows:

raxml-ng --msa /N/u/danschw/Carbonate/GitHub/sigma-spore-phage/phylo/data/align-trim-tree/check_msa/parse-msa.raxml.rba --model LG+G4 --prefix /N/u/danschw/Carbonate/GitHub/sigma-spore-phage/phylo/data/align-trim-tree/tree/ml_search/rand-21 --threads 4 --seed 21 --tree pars{10}

Analysis options:
  run mode: ML tree search
  start tree(s): parsimony (10)
  random seed: 21
  tip-inner: OFF
  pattern compression: ON
  per-rate scalers: OFF
  site repeats: ON
  fast spr radius: AUTO
  spr subtree cutoff: 1.000000
  branch lengths: proportional (ML estimate, algorithm: NR-FAST)
  SIMD kernels: AVX2
  parallelization: PTHREADS (4 threads), thread pinning: OFF

WARNING: The model you specified on the command line (LG+G4) will be ignored 
         since the binary MSA file already contains a model definition.
         If you want to change the model, please re-run RAxML-NG 
         with the original PHYLIP/FASTA alignment and --redo option.

[00:00:00] Loading binary alignment from file: /N/u/danschw/Carbonate/GitHub/sigma-spore-phage/phylo/data/align-trim-tree/check_msa/parse-msa.raxml.rba
[00:00:00] Alignment comprises 608 taxa, 1 partitions and 180 patterns

Partition 0: noname
Model: LG+G4m
Alignment sites / patterns: 180 / 180
Gaps: 12.00 %
Invariant sites: 0.00 %


[00:00:00] Generating 10 parsimony starting tree(s) with 608 taxa
[00:00:05] Data distribution: max. partitions/sites/weight per thread: 1 / 45 / 3600

Starting ML tree search with 10 distinct starting trees

[00:00:05 -144529.203889] Initial branch length optimization
[00:00:05 -127023.931897] Model parameter optimization (eps = 10.000000)
[00:00:06 -126884.548489] AUTODETECT spr round 1 (radius: 5)
[00:00:36 -125722.218794] AUTODETECT spr round 2 (radius: 10)
[00:01:14 -125450.969761] AUTODETECT spr round 3 (radius: 15)
[00:02:00 -125331.223906] AUTODETECT spr round 4 (radius: 20)
[00:02:54 -125316.079085] AUTODETECT spr round 5 (radius: 25)
[00:03:54 -125311.446049] SPR radius for FAST iterations: 25 (autodetect)
[00:03:54 -125311.446049] Model parameter optimization (eps = 3.000000)
[00:03:54 -125310.308755] FAST spr round 1 (radius: 25)
[00:04:56 -125117.503707] FAST spr round 2 (radius: 25)
[00:05:46 -125075.253056] FAST spr round 3 (radius: 25)
[00:06:27 -125059.712890] FAST spr round 4 (radius: 25)
[00:07:04 -125056.520168] FAST spr round 5 (radius: 25)
[00:07:39 -125055.310171] FAST spr round 6 (radius: 25)
[00:08:14 -125054.358246] FAST spr round 7 (radius: 25)
[00:08:48 -125053.529511] FAST spr round 8 (radius: 25)
[00:09:22 -125053.494147] Model parameter optimization (eps = 1.000000)
[00:09:22 -125053.349564] SLOW spr round 1 (radius: 5)
[00:10:13 -125035.300161] SLOW spr round 2 (radius: 5)
[00:11:00 -125034.953931] SLOW spr round 3 (radius: 5)
[00:11:46 -125034.952163] SLOW spr round 4 (radius: 10)
[00:12:37 -125029.284768] SLOW spr round 5 (radius: 5)
[00:13:31 -125026.427535] SLOW spr round 6 (radius: 5)
[00:14:21 -125026.426027] SLOW spr round 7 (radius: 10)
[00:15:14 -125025.844018] SLOW spr round 8 (radius: 5)
[00:16:08 -125025.720894] SLOW spr round 9 (radius: 5)
[00:16:58 -125025.720522] SLOW spr round 10 (radius: 10)
[00:17:51 -125023.029415] SLOW spr round 11 (radius: 5)
[00:18:45 -125020.739123] SLOW spr round 12 (radius: 5)
[00:19:34 -125020.739115] SLOW spr round 13 (radius: 10)
[00:20:28 -125020.116338] SLOW spr round 14 (radius: 5)
[00:21:22 -125020.114776] SLOW spr round 15 (radius: 10)
[00:22:19 -125020.114721] SLOW spr round 16 (radius: 15)
[00:23:44 -125020.114710] SLOW spr round 17 (radius: 20)
[00:25:26 -125020.114705] SLOW spr round 18 (radius: 25)
[00:27:29 -125020.114702] Model parameter optimization (eps = 0.100000)

[00:27:29] ML tree search #1, logLikelihood: -125020.104999

[00:27:29 -144489.384191] Initial branch length optimization
[00:27:30 -127100.531310] Model parameter optimization (eps = 10.000000)
[00:27:31 -126986.840841] AUTODETECT spr round 1 (radius: 5)
[00:28:00 -125754.643176] AUTODETECT spr round 2 (radius: 10)
[00:28:37 -125453.103214] AUTODETECT spr round 3 (radius: 15)
[00:29:23 -125381.434153] AUTODETECT spr round 4 (radius: 20)
[00:30:17 -125352.806678] AUTODETECT spr round 5 (radius: 25)
[00:31:22 -125352.792995] SPR radius for FAST iterations: 20 (autodetect)
[00:31:22 -125352.792995] Model parameter optimization (eps = 3.000000)
[00:31:22 -125350.530968] FAST spr round 1 (radius: 20)
[00:32:19 -125125.946933] FAST spr round 2 (radius: 20)
[00:33:07 -125093.474961] FAST spr round 3 (radius: 20)
[00:33:51 -125080.576380] FAST spr round 4 (radius: 20)
[00:34:30 -125076.631084] FAST spr round 5 (radius: 20)
[00:35:06 -125076.225418] FAST spr round 6 (radius: 20)
slurmstepd: error: *** JOB 652178 ON c61 CANCELLED AT 2021-09-02T22:06:27 ***
