Flex 2.6.4 loaded.
CMake version 3.8.0 loaded.
raxmlng version 0.9.0-pthreads loaded.

RAxML-NG v. 0.9.0git released on 24.05.2019 by The Exelixis Lab.
Developed by: Alexey M. Kozlov and Alexandros Stamatakis.
Contributors: Diego Darriba, Tomas Flouri, Benoit Morel, Sarah Lutteropp, Ben Bettisworth.
Latest version: https://github.com/amkozlov/raxml-ng
Questions/problems/suggestions? Please visit: https://groups.google.com/forum/#!forum/raxml

RAxML-NG was called at 03-Sep-2021 02:07:55 as follows:

raxml-ng --msa /N/u/danschw/Carbonate/GitHub/sigma-spore-phage/phylo/data/align-trim-tree/check_msa/parse-msa.raxml.rba --model LG+G4 --prefix /N/u/danschw/Carbonate/GitHub/sigma-spore-phage/phylo/data/align-trim-tree/tree/ml_search/rand-101 --threads 4 --seed 101 --tree pars{10}

Analysis options:
  run mode: ML tree search
  start tree(s): parsimony (10)
  random seed: 101
  tip-inner: OFF
  pattern compression: ON
  per-rate scalers: OFF
  site repeats: ON
  fast spr radius: AUTO
  spr subtree cutoff: 1.000000
  branch lengths: proportional (ML estimate, algorithm: NR-FAST)
  SIMD kernels: AVX2
  parallelization: PTHREADS (4 threads), thread pinning: OFF

WARNING: The model you specified on the command line (LG+G4) will be ignored 
         since the binary MSA file already contains a model definition.
         If you want to change the model, please re-run RAxML-NG 
         with the original PHYLIP/FASTA alignment and --redo option.

[00:00:00] Loading binary alignment from file: /N/u/danschw/Carbonate/GitHub/sigma-spore-phage/phylo/data/align-trim-tree/check_msa/parse-msa.raxml.rba
[00:00:00] Alignment comprises 608 taxa, 1 partitions and 180 patterns

Partition 0: noname
Model: LG+G4m
Alignment sites / patterns: 180 / 180
Gaps: 12.00 %
Invariant sites: 0.00 %


[00:00:00] Generating 10 parsimony starting tree(s) with 608 taxa
[00:00:05] Data distribution: max. partitions/sites/weight per thread: 1 / 45 / 3600

Starting ML tree search with 10 distinct starting trees

[00:00:05 -144785.264799] Initial branch length optimization
[00:00:05 -127223.377384] Model parameter optimization (eps = 10.000000)
[00:00:06 -127084.341462] AUTODETECT spr round 1 (radius: 5)
[00:00:34 -125750.892793] AUTODETECT spr round 2 (radius: 10)
[00:01:09 -125533.713389] AUTODETECT spr round 3 (radius: 15)
[00:01:55 -125487.802052] AUTODETECT spr round 4 (radius: 20)
[00:02:49 -125442.950682] AUTODETECT spr round 5 (radius: 25)
[00:03:48 -125442.175198] SPR radius for FAST iterations: 25 (autodetect)
[00:03:48 -125442.175198] Model parameter optimization (eps = 3.000000)
[00:03:49 -125435.390778] FAST spr round 1 (radius: 25)
[00:04:48 -125172.110986] FAST spr round 2 (radius: 25)
[00:05:35 -125123.315366] FAST spr round 3 (radius: 25)
[00:06:14 -125094.026831] FAST spr round 4 (radius: 25)
[00:06:52 -125072.877791] FAST spr round 5 (radius: 25)
[00:07:25 -125070.362372] FAST spr round 6 (radius: 25)
[00:07:57 -125068.593490] FAST spr round 7 (radius: 25)
[00:08:28 -125068.154900] FAST spr round 8 (radius: 25)
[00:09:00 -125067.867227] FAST spr round 9 (radius: 25)
[00:09:31 -125067.736836] FAST spr round 10 (radius: 25)
[00:10:01 -125067.301176] FAST spr round 11 (radius: 25)
[00:10:32 -125066.913874] FAST spr round 12 (radius: 25)
[00:11:03 -125066.913785] Model parameter optimization (eps = 1.000000)
[00:11:04 -125064.342132] SLOW spr round 1 (radius: 5)
[00:11:53 -125044.485209] SLOW spr round 2 (radius: 5)
[00:12:39 -125043.109220] SLOW spr round 3 (radius: 5)
[00:13:24 -125042.232350] SLOW spr round 4 (radius: 5)
[00:14:10 -125040.881058] SLOW spr round 5 (radius: 5)
[00:14:54 -125040.880897] SLOW spr round 6 (radius: 10)
[00:15:43 -125031.114245] SLOW spr round 7 (radius: 5)
[00:16:36 -125030.958847] SLOW spr round 8 (radius: 5)
[00:17:25 -125030.958795] SLOW spr round 9 (radius: 10)
[00:18:17 -125029.851324] SLOW spr round 10 (radius: 5)
[00:19:10 -125026.488220] SLOW spr round 11 (radius: 5)
[00:19:58 -125026.487558] SLOW spr round 12 (radius: 10)
[00:20:49 -125026.487403] SLOW spr round 13 (radius: 15)
[00:22:11 -125026.225505] SLOW spr round 14 (radius: 5)
[00:23:05 -125026.225096] SLOW spr round 15 (radius: 10)
[00:24:04 -125026.225088] SLOW spr round 16 (radius: 15)
[00:25:22 -125026.225087] SLOW spr round 17 (radius: 20)
[00:26:58 -125026.225087] SLOW spr round 18 (radius: 25)
[00:28:49 -125026.225087] Model parameter optimization (eps = 0.100000)

[00:28:50] ML tree search #1, logLikelihood: -125026.221860

[00:28:50 -144687.439547] Initial branch length optimization
[00:28:50 -126979.096125] Model parameter optimization (eps = 10.000000)
[00:28:51 -126841.941645] AUTODETECT spr round 1 (radius: 5)
[00:29:19 -125709.875300] AUTODETECT spr round 2 (radius: 10)
[00:29:54 -125407.985159] AUTODETECT spr round 3 (radius: 15)
[00:30:41 -125363.202748] AUTODETECT spr round 4 (radius: 20)
[00:31:36 -125363.187902] SPR radius for FAST iterations: 15 (autodetect)
[00:31:36 -125363.187902] Model parameter optimization (eps = 3.000000)
[00:31:37 -125354.436812] FAST spr round 1 (radius: 15)
[00:32:28 -125150.049257] FAST spr round 2 (radius: 15)
[00:33:11 -125122.768044] FAST spr round 3 (radius: 15)
[00:33:51 -125108.463297] FAST spr round 4 (radius: 15)
[00:34:26 -125101.977157] FAST spr round 5 (radius: 15)
[00:35:00 -125100.098914] FAST spr round 6 (radius: 15)
[00:35:32 -125099.117146] FAST spr round 7 (radius: 15)
[00:36:05 -125097.564625] FAST spr round 8 (radius: 15)
[00:36:36 -125097.416943] FAST spr round 9 (radius: 15)
[00:37:09 -125093.817121] FAST spr round 10 (radius: 15)
[00:37:40 -125093.050159] FAST spr round 11 (radius: 15)
[00:38:11 -125092.990663] Model parameter optimization (eps = 1.000000)
[00:38:12 -125092.420944] SLOW spr round 1 (radius: 5)
[00:39:03 -125062.032840] SLOW spr round 2 (radius: 5)
[00:39:49 -125060.677947] SLOW spr round 3 (radius: 5)
[00:40:34 -125060.677791] SLOW spr round 4 (radius: 10)
[00:41:23 -125056.374091] SLOW spr round 5 (radius: 5)
[00:42:20 -125043.349944] SLOW spr round 6 (radius: 5)
[00:43:11 -125042.691587] SLOW spr round 7 (radius: 5)
[00:43:57 -125042.691482] SLOW spr round 8 (radius: 10)
[00:44:47 -125040.910211] SLOW spr round 9 (radius: 5)
[00:45:40 -125040.909455] SLOW spr round 10 (radius: 10)
[00:46:38 -125039.997943] SLOW spr round 11 (radius: 5)
[00:47:30 -125039.986990] SLOW spr round 12 (radius: 10)
[00:48:26 -125039.191898] SLOW spr round 13 (radius: 5)
[00:49:19 -125039.191892] SLOW spr round 14 (radius: 10)
[00:50:16 -125039.138653] SLOW spr round 15 (radius: 15)
[00:51:39 -125038.286954] SLOW spr round 16 (radius: 5)
[00:52:36 -125038.184818] SLOW spr round 17 (radius: 5)
[00:53:24 -125038.184739] SLOW spr round 18 (radius: 10)
[00:54:19 -125036.064641] SLOW spr round 19 (radius: 5)
[00:55:12 -125036.063710] SLOW spr round 20 (radius: 10)
[00:56:10 -125036.063690] SLOW spr round 21 (radius: 15)
[00:57:34 -125036.063689] SLOW spr round 22 (radius: 20)
[00:59:15 -125033.194375] SLOW spr round 23 (radius: 5)
[01:00:11 -125031.475091] SLOW spr round 24 (radius: 5)
[01:01:02 -125029.937256] SLOW spr round 25 (radius: 5)
[01:01:49 -125029.936776] SLOW spr round 26 (radius: 10)
[01:02:41 -125029.936761] SLOW spr round 27 (radius: 15)
[01:04:08 -125029.936760] SLOW spr round 28 (radius: 20)
[01:05:48 -125029.936760] SLOW spr round 29 (radius: 25)
[01:07:50 -125029.936760] Model parameter optimization (eps = 0.100000)

[01:07:51] ML tree search #2, logLikelihood: -125029.916050

[01:07:51 -144480.290219] Initial branch length optimization
[01:07:52 -127105.262780] Model parameter optimization (eps = 10.000000)
[01:07:52 -126985.680825] AUTODETECT spr round 1 (radius: 5)
[01:08:20 -125731.337704] AUTODETECT spr round 2 (radius: 10)
[01:08:55 -125468.664606] AUTODETECT spr round 3 (radius: 15)
[01:09:38 -125422.424965] AUTODETECT spr round 4 (radius: 20)
[01:10:29 -125388.522667] AUTODETECT spr round 5 (radius: 25)
[01:11:31 -125387.945451] SPR radius for FAST iterations: 25 (autodetect)
[01:11:31 -125387.945451] Model parameter optimization (eps = 3.000000)
[01:11:31 -125387.915670] FAST spr round 1 (radius: 25)
[01:12:29 -125190.919658] FAST spr round 2 (radius: 25)
[01:13:17 -125125.640329] FAST spr round 3 (radius: 25)
[01:14:00 -125096.350363] FAST spr round 4 (radius: 25)
[01:14:34 -125095.297169] FAST spr round 5 (radius: 25)
[01:15:09 -125090.762513] FAST spr round 6 (radius: 25)
[01:15:42 -125090.077790] FAST spr round 7 (radius: 25)
[01:16:14 -125088.885509] FAST spr round 8 (radius: 25)
[01:16:47 -125086.873691] FAST spr round 9 (radius: 25)
[01:17:19 -125085.601601] FAST spr round 10 (radius: 25)
[01:17:50 -125085.319817] FAST spr round 11 (radius: 25)
[01:18:22 -125085.319608] Model parameter optimization (eps = 1.000000)
[01:18:23 -125072.483993] SLOW spr round 1 (radius: 5)
[01:19:15 -125059.824959] SLOW spr round 2 (radius: 5)
[01:20:03 -125057.066907] SLOW spr round 3 (radius: 5)
[01:20:48 -125057.066067] SLOW spr round 4 (radius: 10)
[01:21:37 -125052.960190] SLOW spr round 5 (radius: 5)
[01:22:33 -125048.638768] SLOW spr round 6 (radius: 5)
[01:23:21 -125044.202389] SLOW spr round 7 (radius: 5)
[01:24:07 -125044.201761] SLOW spr round 8 (radius: 10)
[01:24:57 -125043.952635] SLOW spr round 9 (radius: 5)
[01:25:50 -125043.952545] SLOW spr round 10 (radius: 10)
[01:26:47 -125043.689308] SLOW spr round 11 (radius: 5)
[01:27:39 -125043.688653] SLOW spr round 12 (radius: 10)
[01:28:36 -125043.688525] SLOW spr round 13 (radius: 15)
[01:29:58 -125043.688499] SLOW spr round 14 (radius: 20)
[01:31:37 -125043.688494] SLOW spr round 15 (radius: 25)
[01:33:35 -125043.688493] Model parameter optimization (eps = 0.100000)

[01:33:36] ML tree search #3, logLikelihood: -125043.377292

[01:33:36 -144429.377340] Initial branch length optimization
[01:33:36 -126904.024185] Model parameter optimization (eps = 10.000000)
[01:33:37 -126740.742704] AUTODETECT spr round 1 (radius: 5)
[01:34:05 -125544.143183] AUTODETECT spr round 2 (radius: 10)
[01:34:41 -125356.622786] AUTODETECT spr round 3 (radius: 15)
[01:35:28 -125307.998175] AUTODETECT spr round 4 (radius: 20)
[01:36:20 -125292.034456] AUTODETECT spr round 5 (radius: 25)
[01:37:21 -125290.257976] SPR radius for FAST iterations: 25 (autodetect)
[01:37:21 -125290.257976] Model parameter optimization (eps = 3.000000)
[01:37:21 -125290.047589] FAST spr round 1 (radius: 25)
[01:38:21 -125126.028562] FAST spr round 2 (radius: 25)
[01:39:08 -125081.760324] FAST spr round 3 (radius: 25)
[01:39:48 -125072.991397] FAST spr round 4 (radius: 25)
[01:40:24 -125069.772933] FAST spr round 5 (radius: 25)
[01:40:58 -125068.342398] FAST spr round 6 (radius: 25)
[01:41:34 -125065.141910] FAST spr round 7 (radius: 25)
[01:42:06 -125063.778692] FAST spr round 8 (radius: 25)
[01:42:38 -125063.040269] FAST spr round 9 (radius: 25)
[01:43:09 -125061.945922] FAST spr round 10 (radius: 25)
[01:43:40 -125061.762997] FAST spr round 11 (radius: 25)
[01:44:12 -125060.546192] FAST spr round 12 (radius: 25)
[01:44:43 -125059.997548] FAST spr round 13 (radius: 25)
[01:45:15 -125059.997250] Model parameter optimization (eps = 1.000000)
[01:45:15 -125059.898971] SLOW spr round 1 (radius: 5)
[01:46:04 -125043.870604] SLOW spr round 2 (radius: 5)
[01:46:50 -125040.453446] SLOW spr round 3 (radius: 5)
[01:47:35 -125040.071911] SLOW spr round 4 (radius: 5)
[01:48:20 -125040.071738] SLOW spr round 5 (radius: 10)
[01:49:08 -125038.660347] SLOW spr round 6 (radius: 5)
[01:50:02 -125030.278799] SLOW spr round 7 (radius: 5)
[01:50:49 -125029.553691] SLOW spr round 8 (radius: 5)
[01:51:35 -125029.553284] SLOW spr round 9 (radius: 10)
[01:52:25 -125028.191865] SLOW spr round 10 (radius: 5)
[01:53:19 -125026.203586] SLOW spr round 11 (radius: 5)
[01:54:07 -125026.203263] SLOW spr round 12 (radius: 10)
[01:54:59 -125024.503900] SLOW spr round 13 (radius: 5)
[01:55:52 -125022.088968] SLOW spr round 14 (radius: 5)
[01:56:40 -125022.088934] SLOW spr round 15 (radius: 10)
[01:57:31 -125021.624569] SLOW spr round 16 (radius: 5)
[01:58:25 -125019.729675] SLOW spr round 17 (radius: 5)
[01:59:13 -125019.729069] SLOW spr round 18 (radius: 10)
[02:00:04 -125018.015523] SLOW spr round 19 (radius: 5)
[02:00:58 -125016.685958] SLOW spr round 20 (radius: 5)
[02:01:48 -125016.631887] SLOW spr round 21 (radius: 10)
[02:02:39 -125016.630794] SLOW spr round 22 (radius: 15)
[02:04:07 -125016.630396] SLOW spr round 23 (radius: 20)
[02:05:51 -125016.630175] SLOW spr round 24 (radius: 25)
[02:08:00 -125016.630052] Model parameter optimization (eps = 0.100000)

[02:08:00] ML tree search #4, logLikelihood: -125016.622611

[02:08:00 -144652.517553] Initial branch length optimization
[02:08:01 -127115.648092] Model parameter optimization (eps = 10.000000)
[02:08:02 -126969.071439] AUTODETECT spr round 1 (radius: 5)
[02:08:30 -125751.110243] AUTODETECT spr round 2 (radius: 10)
[02:09:05 -125447.359254] AUTODETECT spr round 3 (radius: 15)
[02:09:49 -125359.881970] AUTODETECT spr round 4 (radius: 20)
[02:10:46 -125340.459142] AUTODETECT spr round 5 (radius: 25)
[02:11:53 -125340.453066] SPR radius for FAST iterations: 20 (autodetect)
[02:11:53 -125340.453066] Model parameter optimization (eps = 3.000000)
[02:11:54 -125340.166480] FAST spr round 1 (radius: 20)
[02:12:49 -125149.755474] FAST spr round 2 (radius: 20)
[02:13:35 -125098.712533] FAST spr round 3 (radius: 20)
[02:14:16 -125081.503828] FAST spr round 4 (radius: 20)
[02:14:55 -125065.855386] FAST spr round 5 (radius: 20)
[02:15:28 -125064.879472] FAST spr round 6 (radius: 20)
[02:16:00 -125064.260369] FAST spr round 7 (radius: 20)
[02:16:32 -125064.180920] Model parameter optimization (eps = 1.000000)
[02:16:32 -125064.173680] SLOW spr round 1 (radius: 5)
[02:17:22 -125044.586788] SLOW spr round 2 (radius: 5)
[02:18:08 -125035.315660] SLOW spr round 3 (radius: 5)
[02:18:53 -125035.311930] SLOW spr round 4 (radius: 10)
[02:19:41 -125033.695533] SLOW spr round 5 (radius: 5)
[02:20:36 -125033.693037] SLOW spr round 6 (radius: 10)
[02:21:33 -125033.692986] SLOW spr round 7 (radius: 15)
[02:22:59 -125033.692982] SLOW spr round 8 (radius: 20)
[02:24:48 -125033.692981] SLOW spr round 9 (radius: 25)
[02:27:01 -125033.692980] Model parameter optimization (eps = 0.100000)

[02:27:02] ML tree search #5, logLikelihood: -125033.535399

[02:27:02 -144495.991259] Initial branch length optimization
[02:27:03 -127006.046701] Model parameter optimization (eps = 10.000000)
[02:27:04 -126863.179024] AUTODETECT spr round 1 (radius: 5)
[02:27:31 -125633.112805] AUTODETECT spr round 2 (radius: 10)
[02:28:08 -125493.365726] AUTODETECT spr round 3 (radius: 15)
[02:28:52 -125405.771384] AUTODETECT spr round 4 (radius: 20)
[02:29:42 -125398.507725] AUTODETECT spr round 5 (radius: 25)
[02:30:38 -125398.503921] SPR radius for FAST iterations: 20 (autodetect)
[02:30:38 -125398.503921] Model parameter optimization (eps = 3.000000)
[02:30:39 -125396.411460] FAST spr round 1 (radius: 20)
[02:31:34 -125216.354044] FAST spr round 2 (radius: 20)
[02:32:20 -125152.528187] FAST spr round 3 (radius: 20)
[02:33:01 -125120.643391] FAST spr round 4 (radius: 20)
[02:33:37 -125113.382811] FAST spr round 5 (radius: 20)
[02:34:11 -125112.361614] FAST spr round 6 (radius: 20)
[02:34:44 -125109.415219] FAST spr round 7 (radius: 20)
[02:35:16 -125109.168456] FAST spr round 8 (radius: 20)
[02:35:48 -125108.998425] FAST spr round 9 (radius: 20)
[02:36:20 -125108.998386] Model parameter optimization (eps = 1.000000)
[02:36:20 -125108.911493] SLOW spr round 1 (radius: 5)
[02:37:11 -125094.839968] SLOW spr round 2 (radius: 5)
[02:37:57 -125092.472627] SLOW spr round 3 (radius: 5)
[02:38:41 -125092.316463] SLOW spr round 4 (radius: 5)
[02:39:26 -125092.315433] SLOW spr round 5 (radius: 10)
[02:40:14 -125090.656716] SLOW spr round 6 (radius: 5)
[02:41:08 -125088.958867] SLOW spr round 7 (radius: 5)
[02:41:56 -125088.324502] SLOW spr round 8 (radius: 5)
[02:42:42 -125088.324315] SLOW spr round 9 (radius: 10)
[02:43:32 -125088.324307] SLOW spr round 10 (radius: 15)
[02:44:59 -125084.966767] SLOW spr round 11 (radius: 5)
[02:45:55 -125082.451735] SLOW spr round 12 (radius: 5)
[02:46:44 -125082.451349] SLOW spr round 13 (radius: 10)
[02:47:36 -125082.012532] SLOW spr round 14 (radius: 5)
[02:48:30 -125078.522775] SLOW spr round 15 (radius: 5)
[02:49:18 -125078.521615] SLOW spr round 16 (radius: 10)
[02:50:09 -125078.521567] SLOW spr round 17 (radius: 15)
[02:51:34 -125077.441608] SLOW spr round 18 (radius: 5)
[02:52:29 -125077.441484] SLOW spr round 19 (radius: 10)
[02:53:29 -125069.023588] SLOW spr round 20 (radius: 5)
[02:54:21 -125065.210074] SLOW spr round 21 (radius: 5)
[02:55:09 -125063.690962] SLOW spr round 22 (radius: 5)
[02:55:54 -125062.282612] SLOW spr round 23 (radius: 5)
[02:56:39 -125061.050279] SLOW spr round 24 (radius: 5)
[02:57:22 -125060.902946] SLOW spr round 25 (radius: 5)
[02:58:06 -125060.902430] SLOW spr round 26 (radius: 10)
[02:58:55 -125057.001858] SLOW spr round 27 (radius: 5)
[02:59:49 -125052.924890] SLOW spr round 28 (radius: 5)
[03:00:38 -125052.448045] SLOW spr round 29 (radius: 5)
[03:01:24 -125052.447729] SLOW spr round 30 (radius: 10)
[03:02:13 -125052.351622] SLOW spr round 31 (radius: 15)
[03:03:41 -125052.350494] SLOW spr round 32 (radius: 20)
[03:05:21 -125052.349914] SLOW spr round 33 (radius: 25)
[03:07:18 -125052.349581] Model parameter optimization (eps = 0.100000)

[03:07:18] ML tree search #6, logLikelihood: -125052.295492

[03:07:18 -144374.015195] Initial branch length optimization
[03:07:19 -127103.725606] Model parameter optimization (eps = 10.000000)
[03:07:20 -126952.812907] AUTODETECT spr round 1 (radius: 5)
[03:07:48 -125601.292434] AUTODETECT spr round 2 (radius: 10)
[03:08:24 -125401.528224] AUTODETECT spr round 3 (radius: 15)
[03:09:07 -125315.907676] AUTODETECT spr round 4 (radius: 20)
[03:09:59 -125315.874899] SPR radius for FAST iterations: 15 (autodetect)
[03:09:59 -125315.874899] Model parameter optimization (eps = 3.000000)
[03:09:59 -125314.315539] FAST spr round 1 (radius: 15)
[03:10:48 -125146.674877] FAST spr round 2 (radius: 15)
[03:11:33 -125118.070674] FAST spr round 3 (radius: 15)
[03:12:10 -125107.675004] FAST spr round 4 (radius: 15)
[03:12:45 -125105.718007] FAST spr round 5 (radius: 15)
[03:13:18 -125102.855999] FAST spr round 6 (radius: 15)
[03:13:50 -125101.441205] FAST spr round 7 (radius: 15)
[03:14:22 -125101.245308] FAST spr round 8 (radius: 15)
[03:14:54 -125100.676427] FAST spr round 9 (radius: 15)
[03:15:25 -125100.528374] FAST spr round 10 (radius: 15)
[03:15:57 -125100.528327] Model parameter optimization (eps = 1.000000)
[03:15:57 -125100.523530] SLOW spr round 1 (radius: 5)
[03:16:47 -125068.554634] SLOW spr round 2 (radius: 5)
[03:17:34 -125064.765885] SLOW spr round 3 (radius: 5)
[03:18:18 -125063.838036] SLOW spr round 4 (radius: 5)
[03:19:02 -125063.837151] SLOW spr round 5 (radius: 10)
[03:19:52 -125054.870994] SLOW spr round 6 (radius: 5)
[03:20:46 -125050.691579] SLOW spr round 7 (radius: 5)
[03:21:36 -125042.921240] SLOW spr round 8 (radius: 5)
[03:22:22 -125042.437496] SLOW spr round 9 (radius: 5)
[03:23:07 -125042.421746] SLOW spr round 10 (radius: 10)
[03:23:57 -125035.562552] SLOW spr round 11 (radius: 5)
[03:24:50 -125033.837595] SLOW spr round 12 (radius: 5)
[03:25:39 -125033.837099] SLOW spr round 13 (radius: 10)
[03:26:31 -125030.802687] SLOW spr round 14 (radius: 5)
[03:27:26 -125020.214952] SLOW spr round 15 (radius: 5)
[03:28:14 -125019.559731] SLOW spr round 16 (radius: 5)
[03:29:00 -125019.559575] SLOW spr round 17 (radius: 10)
[03:29:49 -125016.975068] SLOW spr round 18 (radius: 5)
[03:30:43 -125008.290630] SLOW spr round 19 (radius: 5)
[03:31:31 -125008.290479] SLOW spr round 20 (radius: 10)
[03:32:23 -125007.443664] SLOW spr round 21 (radius: 5)
[03:33:16 -125007.442804] SLOW spr round 22 (radius: 10)
[03:34:14 -125007.442739] SLOW spr round 23 (radius: 15)
[03:35:37 -125007.442732] SLOW spr round 24 (radius: 20)
[03:37:19 -125007.442731] SLOW spr round 25 (radius: 25)
[03:39:32 -125007.442731] Model parameter optimization (eps = 0.100000)

[03:39:32] ML tree search #7, logLikelihood: -125007.403499

[03:39:32 -144355.994997] Initial branch length optimization
[03:39:33 -126917.222628] Model parameter optimization (eps = 10.000000)
[03:39:34 -126775.355569] AUTODETECT spr round 1 (radius: 5)
[03:40:02 -125780.141987] AUTODETECT spr round 2 (radius: 10)
[03:40:37 -125526.083361] AUTODETECT spr round 3 (radius: 15)
[03:41:21 -125378.269069] AUTODETECT spr round 4 (radius: 20)
[03:42:12 -125376.730222] AUTODETECT spr round 5 (radius: 25)
[03:43:13 -125376.704710] SPR radius for FAST iterations: 20 (autodetect)
[03:43:13 -125376.704710] Model parameter optimization (eps = 3.000000)
[03:43:14 -125376.596222] FAST spr round 1 (radius: 20)
[03:44:09 -125146.132732] FAST spr round 2 (radius: 20)
[03:44:55 -125106.861268] FAST spr round 3 (radius: 20)
[03:45:32 -125104.788665] FAST spr round 4 (radius: 20)
[03:46:06 -125104.788431] Model parameter optimization (eps = 1.000000)
[03:46:07 -125102.926770] SLOW spr round 1 (radius: 5)
[03:46:58 -125086.873387] SLOW spr round 2 (radius: 5)
[03:47:44 -125085.250489] SLOW spr round 3 (radius: 5)
[03:48:30 -125083.353769] SLOW spr round 4 (radius: 5)
[03:49:14 -125083.353649] SLOW spr round 5 (radius: 10)
[03:50:03 -125073.507827] SLOW spr round 6 (radius: 5)
[03:50:58 -125069.401933] SLOW spr round 7 (radius: 5)
[03:51:46 -125067.090550] SLOW spr round 8 (radius: 5)
[03:52:32 -125066.794793] SLOW spr round 9 (radius: 5)
[03:53:17 -125066.793778] SLOW spr round 10 (radius: 10)
[03:54:07 -125061.458588] SLOW spr round 11 (radius: 5)
[03:55:01 -125050.722895] SLOW spr round 12 (radius: 5)
[03:55:51 -125048.601962] SLOW spr round 13 (radius: 5)
[03:56:37 -125047.164901] SLOW spr round 14 (radius: 5)
[03:57:21 -125047.164611] SLOW spr round 15 (radius: 10)
[03:58:10 -125042.834240] SLOW spr round 16 (radius: 5)
[03:59:05 -125035.003357] SLOW spr round 17 (radius: 5)
[03:59:56 -125029.427875] SLOW spr round 18 (radius: 5)
[04:00:42 -125028.819732] SLOW spr round 19 (radius: 5)
[04:01:26 -125028.819499] SLOW spr round 20 (radius: 10)
[04:02:16 -125028.482253] SLOW spr round 21 (radius: 5)
[04:03:08 -125028.481750] SLOW spr round 22 (radius: 10)
[04:04:06 -125027.813862] SLOW spr round 23 (radius: 5)
[04:04:58 -125026.851274] SLOW spr round 24 (radius: 5)
[04:05:46 -125026.374884] SLOW spr round 25 (radius: 5)
[04:06:32 -125025.967723] SLOW spr round 26 (radius: 5)
[04:07:17 -125025.773938] SLOW spr round 27 (radius: 5)
[04:08:01 -125025.773635] SLOW spr round 28 (radius: 10)
[04:08:50 -125025.773628] SLOW spr round 29 (radius: 15)
[04:10:17 -125025.773628] SLOW spr round 30 (radius: 20)
[04:12:00 -125025.773627] SLOW spr round 31 (radius: 25)
[04:14:04 -125025.773627] Model parameter optimization (eps = 0.100000)

[04:14:04] ML tree search #8, logLikelihood: -125025.584478

[04:14:05 -144678.737122] Initial branch length optimization
[04:14:05 -127080.602328] Model parameter optimization (eps = 10.000000)
[04:14:06 -126944.616760] AUTODETECT spr round 1 (radius: 5)
[04:14:34 -125712.265138] AUTODETECT spr round 2 (radius: 10)
[04:15:10 -125481.324741] AUTODETECT spr round 3 (radius: 15)
[04:15:56 -125345.013948] AUTODETECT spr round 4 (radius: 20)
[04:16:52 -125333.032997] AUTODETECT spr round 5 (radius: 25)
[04:17:52 -125333.027683] SPR radius for FAST iterations: 20 (autodetect)
[04:17:52 -125333.027683] Model parameter optimization (eps = 3.000000)
[04:17:53 -125330.111003] FAST spr round 1 (radius: 20)
[04:18:48 -125123.746575] FAST spr round 2 (radius: 20)
[04:19:34 -125094.084274] FAST spr round 3 (radius: 20)
[04:20:13 -125088.130947] FAST spr round 4 (radius: 20)
[04:20:48 -125086.587798] FAST spr round 5 (radius: 20)
[04:21:21 -125085.520024] FAST spr round 6 (radius: 20)
[04:21:54 -125082.955491] FAST spr round 7 (radius: 20)
[04:22:27 -125080.583645] FAST spr round 8 (radius: 20)
[04:22:59 -125079.749862] FAST spr round 9 (radius: 20)
[04:23:31 -125079.326991] FAST spr round 10 (radius: 20)
[04:24:03 -125079.326991] Model parameter optimization (eps = 1.000000)
[04:24:03 -125078.917485] SLOW spr round 1 (radius: 5)
[04:24:54 -125052.967099] SLOW spr round 2 (radius: 5)
[04:25:42 -125046.420803] SLOW spr round 3 (radius: 5)
[04:26:28 -125044.026574] SLOW spr round 4 (radius: 5)
[04:27:13 -125043.932280] SLOW spr round 5 (radius: 10)
[04:28:02 -125042.433044] SLOW spr round 6 (radius: 5)
[04:28:57 -125036.571284] SLOW spr round 7 (radius: 5)
[04:29:45 -125035.616797] SLOW spr round 8 (radius: 5)
[04:30:30 -125035.616701] SLOW spr round 9 (radius: 10)
[04:31:20 -125034.519394] SLOW spr round 10 (radius: 5)
[04:32:13 -125034.519092] SLOW spr round 11 (radius: 10)
[04:33:10 -125034.519084] SLOW spr round 12 (radius: 15)
[04:34:34 -125034.060680] SLOW spr round 13 (radius: 5)
[04:35:28 -125033.342176] SLOW spr round 14 (radius: 5)
[04:36:17 -125033.339414] SLOW spr round 15 (radius: 10)
[04:37:10 -125033.339165] SLOW spr round 16 (radius: 15)
[04:38:35 -125033.339137] SLOW spr round 17 (radius: 20)
[04:40:21 -125033.339133] SLOW spr round 18 (radius: 25)
[04:42:16 -125033.339132] Model parameter optimization (eps = 0.100000)

[04:42:17] ML tree search #9, logLikelihood: -125033.194919

[04:42:17 -144335.539152] Initial branch length optimization
[04:42:18 -126967.535560] Model parameter optimization (eps = 10.000000)
[04:42:19 -126831.751551] AUTODETECT spr round 1 (radius: 5)
[04:42:47 -125591.441397] AUTODETECT spr round 2 (radius: 10)
[04:43:22 -125448.957149] AUTODETECT spr round 3 (radius: 15)
[04:44:06 -125333.319990] AUTODETECT spr round 4 (radius: 20)
[04:44:56 -125281.255081] AUTODETECT spr round 5 (radius: 25)
[04:45:51 -125281.212287] SPR radius for FAST iterations: 20 (autodetect)
[04:45:51 -125281.212287] Model parameter optimization (eps = 3.000000)
[04:45:51 -125280.856755] FAST spr round 1 (radius: 20)
[04:46:45 -125116.890377] FAST spr round 2 (radius: 20)
[04:47:30 -125093.635737] FAST spr round 3 (radius: 20)
[04:48:07 -125089.971354] FAST spr round 4 (radius: 20)
[04:48:42 -125089.970717] Model parameter optimization (eps = 1.000000)
[04:48:42 -125089.922590] SLOW spr round 1 (radius: 5)
[04:49:34 -125061.704590] SLOW spr round 2 (radius: 5)
[04:50:21 -125056.473808] SLOW spr round 3 (radius: 5)
[04:51:07 -125053.920157] SLOW spr round 4 (radius: 5)
[04:51:52 -125053.884696] SLOW spr round 5 (radius: 10)
[04:52:42 -125052.508113] SLOW spr round 6 (radius: 5)
[04:53:35 -125050.042661] SLOW spr round 7 (radius: 5)
[04:54:23 -125050.041985] SLOW spr round 8 (radius: 10)
[04:55:16 -125049.022535] SLOW spr round 9 (radius: 5)
[04:56:08 -125046.581918] SLOW spr round 10 (radius: 5)
[04:56:57 -125046.486804] SLOW spr round 11 (radius: 10)
[04:57:48 -125045.813531] SLOW spr round 12 (radius: 5)
[04:58:41 -125045.598362] SLOW spr round 13 (radius: 5)
[04:59:29 -125045.598259] SLOW spr round 14 (radius: 10)
[05:00:20 -125045.448709] SLOW spr round 15 (radius: 5)
[05:01:16 -125038.910812] SLOW spr round 16 (radius: 5)
[05:02:06 -125035.128387] SLOW spr round 17 (radius: 5)
[05:02:52 -125035.128201] SLOW spr round 18 (radius: 10)
[05:03:41 -125035.128199] SLOW spr round 19 (radius: 15)
[05:05:07 -125034.608083] SLOW spr round 20 (radius: 5)
[05:06:01 -125033.356731] SLOW spr round 21 (radius: 5)
[05:06:50 -125032.848675] SLOW spr round 22 (radius: 5)
[05:07:35 -125032.848297] SLOW spr round 23 (radius: 10)
[05:08:25 -125032.129551] SLOW spr round 24 (radius: 5)
[05:09:18 -125032.128835] SLOW spr round 25 (radius: 10)
[05:10:14 -125032.128800] SLOW spr round 26 (radius: 15)
[05:11:35 -125032.128786] SLOW spr round 27 (radius: 20)
[05:13:13 -125032.128779] SLOW spr round 28 (radius: 25)
[05:15:06 -125032.128776] Model parameter optimization (eps = 0.100000)

[05:15:06] ML tree search #10, logLikelihood: -125031.885659


Optimized model parameters:

   Partition 0: noname
   Rate heterogeneity: GAMMA (4 cats, mean),  alpha: 1.686766 (ML),  weights&rates: (0.250000,0.252786) (0.250000,0.616954) (0.250000,1.059737) (0.250000,2.070523) 
   Base frequencies (model): 0.079066 0.055941 0.041977 0.053052 0.012937 0.040767 0.071586 0.057337 0.022355 0.062157 0.099081 0.064600 0.022951 0.042302 0.044040 0.061197 0.053287 0.012066 0.034155 0.069147 
   Substitution rates (model): 0.425093 0.276818 0.395144 2.489084 0.969894 1.038545 2.066040 0.358858 0.149830 0.395337 0.536518 1.124035 0.253701 1.177651 4.727182 2.139501 0.180717 0.218959 2.547870 0.751878 0.123954 0.534551 2.807908 0.363970 0.390192 2.426601 0.126991 0.301848 6.326067 0.484133 0.052722 0.332533 0.858151 0.578987 0.593607 0.314440 0.170887 5.076149 0.528768 1.695752 0.541712 1.437645 4.509238 0.191503 0.068427 2.145078 0.371004 0.089525 0.161787 4.008358 2.000679 0.045376 0.612025 0.083688 0.062556 0.523386 5.243870 0.844926 0.927114 0.010690 0.015076 0.282959 0.025548 0.017416 0.394456 1.240275 0.425860 0.029890 0.135107 0.037967 0.084808 0.003499 0.569265 0.640543 0.320627 0.594007 0.013266 0.893680 1.105251 0.075382 2.784478 1.143480 0.670128 1.165532 1.959291 4.128591 0.267959 4.813505 0.072854 0.582457 3.234294 1.672569 0.035855 0.624294 1.223828 1.080136 0.236199 0.257336 0.210332 0.348847 0.423881 0.044265 0.069673 1.807177 0.173735 0.018811 0.419409 0.611973 0.604545 0.077852 0.120037 0.245034 0.311484 0.008705 0.044261 0.296636 0.139538 0.089586 0.196961 1.739990 0.129836 0.268491 0.054679 0.076701 0.108882 0.366317 0.697264 0.442472 0.682139 0.508851 0.990012 0.584262 0.597054 5.306834 0.119013 4.145067 0.159069 4.273607 1.112727 0.078281 0.064105 1.033739 0.111660 0.232523 10.649107 0.137500 6.312358 2.592692 0.249060 0.182287 0.302936 0.619632 0.299648 1.702745 0.656604 0.023918 0.390322 0.748683 1.136863 0.049906 0.131932 0.185202 1.798853 0.099849 0.346960 2.020366 0.696175 0.481306 1.898718 0.094464 0.361819 0.165001 2.457121 7.803902 0.654683 1.338132 0.571468 0.095131 0.089613 0.296501 6.472279 0.248862 0.400547 0.098369 0.140825 0.245841 2.188158 3.151815 0.189510 0.249313 


Final LogLikelihood: -125007.403499

AIC score: 252442.806998 / AICc score: 3202462.806998 / BIC score: 256319.056615
Free parameters (model + branch lengths): 1214

WARNING: Number of free parameters (K=1214) is larger than alignment size (n=180).
         This might lead to overfitting and compromise tree inference results!


Best ML tree saved to: /geode2/home/u020/danschw/Carbonate/GitHub/sigma-spore-phage/phylo/data/align-trim-tree/tree/ml_search/rand-101.raxml.bestTree
All ML trees saved to: /geode2/home/u020/danschw/Carbonate/GitHub/sigma-spore-phage/phylo/data/align-trim-tree/tree/ml_search/rand-101.raxml.mlTrees
Optimized model saved to: /geode2/home/u020/danschw/Carbonate/GitHub/sigma-spore-phage/phylo/data/align-trim-tree/tree/ml_search/rand-101.raxml.bestModel

Execution log saved to: /geode2/home/u020/danschw/Carbonate/GitHub/sigma-spore-phage/phylo/data/align-trim-tree/tree/ml_search/rand-101.raxml.log

Analysis started: 03-Sep-2021 02:07:55 / finished: 03-Sep-2021 07:23:02

Elapsed time: 18907.086 seconds

